

================================================================
== Vitis HLS Report for 'decade_counter'
================================================================
* Date:           Mon Mar 25 05:00:06 2024

* Version:        2023.2 (Build 4023990 on Oct 11 2023)
* Project:        decade_counter2
* Solution:       solution1 (Vivado IP Flow Target)
* Product family: virtexuplus
* Target device:  xcvu11p-flga2577-1-e


================================================================
== Performance Estimates
================================================================
+ Timing: 
    * Summary: 
    +--------+----------+----------+------------+
    |  Clock |  Target  | Estimated| Uncertainty|
    +--------+----------+----------+------------+
    |ap_clk  |  10.00 ns|  1.417 ns|     2.70 ns|
    +--------+----------+----------+------------+

+ Latency: 
    * Summary: 
    +---------+---------+----------+----------+-----+-----+---------+
    |  Latency (cycles) |  Latency (absolute) |  Interval | Pipeline|
    |   min   |   max   |    min   |    max   | min | max |   Type  |
    +---------+---------+----------+----------+-----+-----+---------+
    |        0|        0|      0 ns|      0 ns|    1|    1|       no|
    +---------+---------+----------+----------+-----+-----+---------+

    + Detail: 
        * Instance: 
        N/A

        * Loop: 
        N/A

============================================================
+ Verbose Summary: Synthesis Manager
============================================================
InlineROM: 1
ExposeGlobal: 0
============================================================
+ Verbose Summary: CDFG Model
============================================================
IsTopModel: 1
ResetActiveHigh: 1
IsCombinational: 0
IsDatapathOnly: 0
HasWiredReturn: 1
HasMFsm: 0
HasVarLatency: 0
IsPipeline: 0
IsRtlPipelined: 0
IsInstanceOverlapped: 0
IsDontTouch: 0
HasImplIP: 0
IsGatedGlobalClock: 0


============================================================
+ Verbose Summary: Schedule
============================================================
* Number of FSM states : 1
* Pipeline : 0
* Dataflow Pipeline: 0

* FSM state transitions: 
1 --> 

* FSM state operations: 

State 1 <SV = 0> <Delay = 1.41>
ST_1 : Operation 2 [1/1] (0.00ns)   --->   "%spectopmodule_ln3 = spectopmodule void @_ssdm_op_SpecTopModule, void @empty_1" [decade_counter.cpp:3]   --->   Operation 2 'spectopmodule' 'spectopmodule_ln3' <Predicate = true> <Delay = 0.00>
ST_1 : Operation 3 [1/1] (0.00ns)   --->   "%specbitsmap_ln0 = specbitsmap void @_ssdm_op_SpecBitsMap, i1 %reset"   --->   Operation 3 'specbitsmap' 'specbitsmap_ln0' <Predicate = true> <Delay = 0.00>
ST_1 : Operation 4 [1/1] (0.00ns)   --->   "%specinterface_ln0 = specinterface void @_ssdm_op_SpecInterface, i1 %reset, void @empty, i32 0, i32 0, void @empty_0, i32 0, i32 0, void @empty_0, void @empty_0, void @empty_0, i32 0, i32 0, i32 0, i32 0, void @empty_0, void @empty_0, i32 4294967295, i32 0"   --->   Operation 4 'specinterface' 'specinterface_ln0' <Predicate = true> <Delay = 0.00>
ST_1 : Operation 5 [1/1] (0.00ns)   --->   "%specbitsmap_ln0 = specbitsmap void @_ssdm_op_SpecBitsMap, i4 %out_r"   --->   Operation 5 'specbitsmap' 'specbitsmap_ln0' <Predicate = true> <Delay = 0.00>
ST_1 : Operation 6 [1/1] (0.00ns)   --->   "%specinterface_ln0 = specinterface void @_ssdm_op_SpecInterface, i4 %out_r, void @empty, i32 0, i32 0, void @empty_0, i32 0, i32 0, void @empty_0, void @empty_0, void @empty_0, i32 0, i32 0, i32 0, i32 0, void @empty_0, void @empty_0, i32 4294967295, i32 0"   --->   Operation 6 'specinterface' 'specinterface_ln0' <Predicate = true> <Delay = 0.00>
ST_1 : Operation 7 [1/1] (0.00ns)   --->   "%reset_read = read i1 @_ssdm_op_Read.ap_auto.i1P0A, i1 %reset" [decade_counter.cpp:8]   --->   Operation 7 'read' 'reset_read' <Predicate = true> <Delay = 0.00>
ST_1 : Operation 8 [1/1] (0.00ns)   --->   "%br_ln8 = br i1 %reset_read, void %if.else, void %if.then" [decade_counter.cpp:8]   --->   Operation 8 'br' 'br_ln8' <Predicate = true> <Delay = 0.00>
ST_1 : Operation 9 [1/1] (0.00ns)   --->   "%count_load = load i4 %count" [decade_counter.cpp:11]   --->   Operation 9 'load' 'count_load' <Predicate = (!reset_read)> <Delay = 0.00>
ST_1 : Operation 10 [1/1] (0.80ns)   --->   "%icmp_ln11 = icmp_eq  i4 %count_load, i4 10" [decade_counter.cpp:11]   --->   Operation 10 'icmp' 'icmp_ln11' <Predicate = (!reset_read)> <Delay = 0.80> <CoreInst = "Cmp">   --->   Core 9 'Cmp' <Latency = 0> <II = 1> <Delay = 0.80> <FuncUnit> <Opcode : 'icmp'> <InPorts = 2> <OutPorts = 1>
ST_1 : Operation 11 [1/1] (0.00ns)   --->   "%br_ln11 = br i1 %icmp_ln11, void %if.else4, void %if.then2" [decade_counter.cpp:11]   --->   Operation 11 'br' 'br_ln11' <Predicate = (!reset_read)> <Delay = 0.00>
ST_1 : Operation 12 [1/1] (0.80ns)   --->   "%add_ln14 = add i4 %count_load, i4 1" [decade_counter.cpp:14]   --->   Operation 12 'add' 'add_ln14' <Predicate = (!reset_read & !icmp_ln11)> <Delay = 0.80> <CoreInst = "Adder">   --->   Core 1 'Adder' <Latency = 0> <II = 1> <Delay = 0.80> <FuncUnit> <Opcode : 'add' 'sub'> <InPorts = 2> <OutPorts = 1>
ST_1 : Operation 13 [1/1] (0.46ns)   --->   "%store_ln14 = store i4 %add_ln14, i4 %count" [decade_counter.cpp:14]   --->   Operation 13 'store' 'store_ln14' <Predicate = (!reset_read & !icmp_ln11)> <Delay = 0.46>
ST_1 : Operation 14 [1/1] (0.46ns)   --->   "%br_ln0 = br void %if.end5"   --->   Operation 14 'br' 'br_ln0' <Predicate = (!reset_read & !icmp_ln11)> <Delay = 0.46>
ST_1 : Operation 15 [1/1] (0.46ns)   --->   "%store_ln12 = store i4 1, i4 %count" [decade_counter.cpp:12]   --->   Operation 15 'store' 'store_ln12' <Predicate = (!reset_read & icmp_ln11)> <Delay = 0.46>
ST_1 : Operation 16 [1/1] (0.46ns)   --->   "%br_ln13 = br void %if.end5" [decade_counter.cpp:13]   --->   Operation 16 'br' 'br_ln13' <Predicate = (!reset_read & icmp_ln11)> <Delay = 0.46>
ST_1 : Operation 17 [1/1] (0.46ns)   --->   "%store_ln9 = store i4 1, i4 %count" [decade_counter.cpp:9]   --->   Operation 17 'store' 'store_ln9' <Predicate = (reset_read)> <Delay = 0.46>
ST_1 : Operation 18 [1/1] (0.46ns)   --->   "%br_ln10 = br void %if.end5" [decade_counter.cpp:10]   --->   Operation 18 'br' 'br_ln10' <Predicate = (reset_read)> <Delay = 0.46>
ST_1 : Operation 19 [1/1] (0.00ns)   --->   "%p_0_0_0 = phi i4 1, void %if.then, i4 %add_ln14, void %if.else4, i4 1, void %if.then2" [decade_counter.cpp:14]   --->   Operation 19 'phi' 'p_0_0_0' <Predicate = true> <Delay = 0.00>
ST_1 : Operation 20 [1/1] (0.00ns)   --->   "%write_ln19 = write void @_ssdm_op_Write.ap_auto.i4P0A, i4 %out_r, i4 %p_0_0_0" [decade_counter.cpp:19]   --->   Operation 20 'write' 'write_ln19' <Predicate = true> <Delay = 0.00>
ST_1 : Operation 21 [1/1] (0.00ns)   --->   "%ret_ln20 = ret" [decade_counter.cpp:20]   --->   Operation 21 'ret' 'ret_ln20' <Predicate = true> <Delay = 0.00>


============================================================
+ Verbose Summary: Binding
============================================================
STG Binding: 
---------------- STG Properties BEGIN ----------------
- Is combinational: 0
- Is one-state seq: 1
- Is datapath-only: 0
- Is pipelined: 0
- Is top level: 1
Port [ Return ] is wired: 1; IO mode=ap_ctrl_hs:ce=0
Port [ reset]:  wired=1; compound=0; hidden=0; nouse=0; global=0; static=0; extern=0; dir=0; type=0; pingpong=0; private_global=0; IO mode=ap_none:ce=0
Port [ out_r]:  wired=1; compound=0; hidden=0; nouse=0; global=0; static=0; extern=0; dir=1; type=0; pingpong=0; private_global=0; IO mode=ap_vld:ce=0
Port [ count]:  wired=0; compound=0; hidden=1; nouse=0; global=1; static=1; extern=0; dir=2; type=0; pingpong=0; private_global=1; IO mode=ap_ovld:ce=0
---------------- STG Properties END ------------------

---------------- Datapath Model BEGIN ----------------

<LifeTime>
<method=bitvector/>
spectopmodule_ln3 (spectopmodule) [ 00]
specbitsmap_ln0   (specbitsmap  ) [ 00]
specinterface_ln0 (specinterface) [ 00]
specbitsmap_ln0   (specbitsmap  ) [ 00]
specinterface_ln0 (specinterface) [ 00]
reset_read        (read         ) [ 01]
br_ln8            (br           ) [ 00]
count_load        (load         ) [ 00]
icmp_ln11         (icmp         ) [ 01]
br_ln11           (br           ) [ 00]
add_ln14          (add          ) [ 00]
store_ln14        (store        ) [ 00]
br_ln0            (br           ) [ 00]
store_ln12        (store        ) [ 00]
br_ln13           (br           ) [ 00]
store_ln9         (store        ) [ 00]
br_ln10           (br           ) [ 00]
p_0_0_0           (phi          ) [ 00]
write_ln19        (write        ) [ 00]
ret_ln20          (ret          ) [ 00]
</LifeTime>

<model>

<comp_list>
<comp id="0" class="1000" name="reset">
<pin_list>
<pin id="1" dir="1" index="0" bw="1" slack="0"/>
</pin_list>
<bind>
<StgValue><ssdm name="reset"/></StgValue>
</bind>
</comp>

<comp id="2" class="1000" name="out_r">
<pin_list>
<pin id="3" dir="1" index="0" bw="1" slack="0"/>
</pin_list>
<bind>
<StgValue><ssdm name="out_r"/></StgValue>
</bind>
</comp>

<comp id="4" class="1000" name="count">
<pin_list>
<pin id="5" dir="1" index="0" bw="1" slack="0"/>
</pin_list>
<bind>
<StgValue><ssdm name="count"/></StgValue>
</bind>
</comp>

<comp id="6" class="1001" name="const_6">
<pin_list>
<pin id="7" dir="1" index="0" bw="1" slack="2147483647"/>
</pin_list>
<bind>
<StgValue><ssdm name="_ssdm_op_SpecTopModule"/></StgValue>
</bind>
</comp>

<comp id="8" class="1001" name="const_8">
<pin_list>
<pin id="9" dir="1" index="0" bw="1" slack="2147483647"/>
</pin_list>
<bind>
<StgValue><ssdm name="empty_1"/></StgValue>
</bind>
</comp>

<comp id="10" class="1001" name="const_10">
<pin_list>
<pin id="11" dir="1" index="0" bw="1" slack="2147483647"/>
</pin_list>
<bind>
<StgValue><ssdm name="_ssdm_op_SpecBitsMap"/></StgValue>
</bind>
</comp>

<comp id="12" class="1001" name="const_12">
<pin_list>
<pin id="13" dir="1" index="0" bw="1" slack="2147483647"/>
</pin_list>
<bind>
<StgValue><ssdm name="_ssdm_op_SpecInterface"/></StgValue>
</bind>
</comp>

<comp id="14" class="1001" name="const_14">
<pin_list>
<pin id="15" dir="1" index="0" bw="1" slack="2147483647"/>
</pin_list>
<bind>
<StgValue><ssdm name="empty"/></StgValue>
</bind>
</comp>

<comp id="16" class="1001" name="const_16">
<pin_list>
<pin id="17" dir="1" index="0" bw="1" slack="2147483647"/>
</pin_list>
<bind>
<StgValue><ssdm name=""/></StgValue>
</bind>
</comp>

<comp id="18" class="1001" name="const_18">
<pin_list>
<pin id="19" dir="1" index="0" bw="1" slack="2147483647"/>
</pin_list>
<bind>
<StgValue><ssdm name="empty_0"/></StgValue>
</bind>
</comp>

<comp id="20" class="1001" name="const_20">
<pin_list>
<pin id="21" dir="1" index="0" bw="1" slack="2147483647"/>
</pin_list>
<bind>
<StgValue><ssdm name=""/></StgValue>
</bind>
</comp>

<comp id="22" class="1001" name="const_22">
<pin_list>
<pin id="23" dir="1" index="0" bw="1" slack="0"/>
</pin_list>
<bind>
<StgValue><ssdm name="_ssdm_op_Read.ap_auto.i1P0A"/></StgValue>
</bind>
</comp>

<comp id="24" class="1001" name="const_24">
<pin_list>
<pin id="25" dir="1" index="0" bw="1" slack="0"/>
</pin_list>
<bind>
<StgValue><ssdm name=""/></StgValue>
</bind>
</comp>

<comp id="26" class="1001" name="const_26">
<pin_list>
<pin id="27" dir="1" index="0" bw="1" slack="0"/>
</pin_list>
<bind>
<StgValue><ssdm name=""/></StgValue>
</bind>
</comp>

<comp id="28" class="1001" name="const_28">
<pin_list>
<pin id="29" dir="1" index="0" bw="1" slack="0"/>
</pin_list>
<bind>
<StgValue><ssdm name="_ssdm_op_Write.ap_auto.i4P0A"/></StgValue>
</bind>
</comp>

<comp id="30" class="1004" name="reset_read_read_fu_30">
<pin_list>
<pin id="31" dir="0" index="0" bw="1" slack="0"/>
<pin id="32" dir="0" index="1" bw="1" slack="0"/>
<pin id="33" dir="1" index="2" bw="1" slack="2147483647"/>
</pin_list>
<bind>
<opcode="read(1150) " fcode="read"/>
<opset="reset_read/1 "/>
</bind>
</comp>

<comp id="36" class="1004" name="write_ln19_write_fu_36">
<pin_list>
<pin id="37" dir="0" index="0" bw="0" slack="0"/>
<pin id="38" dir="0" index="1" bw="4" slack="0"/>
<pin id="39" dir="0" index="2" bw="4" slack="0"/>
<pin id="40" dir="1" index="3" bw="0" slack="2147483647"/>
</pin_list>
<bind>
<opcode="write(1151) " fcode="write"/>
<opset="write_ln19/1 "/>
</bind>
</comp>

<comp id="43" class="1005" name="p_0_0_0_reg_43">
<pin_list>
<pin id="44" dir="0" index="0" bw="4" slack="2147483647"/>
<pin id="45" dir="1" index="1" bw="4" slack="2147483647"/>
</pin_list>
<bind>
<opset="p_0_0_0 (phireg) "/>
</bind>
</comp>

<comp id="46" class="1004" name="p_0_0_0_phi_fu_46">
<pin_list>
<pin id="47" dir="0" index="0" bw="1" slack="0"/>
<pin id="48" dir="0" index="1" bw="0" slack="2147483647"/>
<pin id="49" dir="0" index="2" bw="4" slack="0"/>
<pin id="50" dir="0" index="3" bw="0" slack="2147483647"/>
<pin id="51" dir="0" index="4" bw="1" slack="0"/>
<pin id="52" dir="0" index="5" bw="0" slack="2147483647"/>
<pin id="53" dir="1" index="6" bw="4" slack="0"/>
</pin_list>
<bind>
<opcode="phi(47) " fcode="phi"/>
<opset="p_0_0_0/1 "/>
</bind>
</comp>

<comp id="57" class="1004" name="count_load_load_fu_57">
<pin_list>
<pin id="58" dir="0" index="0" bw="4" slack="0"/>
<pin id="59" dir="1" index="1" bw="4" slack="0"/>
</pin_list>
<bind>
<opcode="load(27) " fcode="load"/>
<opset="count_load/1 "/>
</bind>
</comp>

<comp id="61" class="1004" name="icmp_ln11_fu_61">
<pin_list>
<pin id="62" dir="0" index="0" bw="4" slack="0"/>
<pin id="63" dir="0" index="1" bw="4" slack="0"/>
<pin id="64" dir="1" index="2" bw="1" slack="2147483647"/>
</pin_list>
<bind>
<opcode="icmp(45) " fcode="icmp"/>
<opset="icmp_ln11/1 "/>
</bind>
</comp>

<comp id="67" class="1004" name="add_ln14_fu_67">
<pin_list>
<pin id="68" dir="0" index="0" bw="4" slack="0"/>
<pin id="69" dir="0" index="1" bw="1" slack="0"/>
<pin id="70" dir="1" index="2" bw="4" slack="0"/>
</pin_list>
<bind>
<opcode="add(8) " fcode="add"/>
<opset="add_ln14/1 "/>
</bind>
</comp>

<comp id="74" class="1004" name="store_ln14_store_fu_74">
<pin_list>
<pin id="75" dir="0" index="0" bw="4" slack="0"/>
<pin id="76" dir="0" index="1" bw="4" slack="0"/>
<pin id="77" dir="1" index="2" bw="0" slack="2147483647"/>
</pin_list>
<bind>
<opcode="store(28) " fcode="store"/>
<opset="store_ln14/1 "/>
</bind>
</comp>

<comp id="80" class="1004" name="store_ln12_store_fu_80">
<pin_list>
<pin id="81" dir="0" index="0" bw="1" slack="0"/>
<pin id="82" dir="0" index="1" bw="4" slack="0"/>
<pin id="83" dir="1" index="2" bw="0" slack="2147483647"/>
</pin_list>
<bind>
<opcode="store(28) " fcode="store"/>
<opset="store_ln12/1 "/>
</bind>
</comp>

<comp id="86" class="1004" name="store_ln9_store_fu_86">
<pin_list>
<pin id="87" dir="0" index="0" bw="1" slack="0"/>
<pin id="88" dir="0" index="1" bw="4" slack="0"/>
<pin id="89" dir="1" index="2" bw="0" slack="2147483647"/>
</pin_list>
<bind>
<opcode="store(28) " fcode="store"/>
<opset="store_ln9/1 "/>
</bind>
</comp>

</comp_list>

<net_list>
<net id="34"><net_src comp="22" pin="0"/><net_sink comp="30" pin=0"/></net>

<net id="35"><net_src comp="0" pin="0"/><net_sink comp="30" pin=1"/></net>

<net id="41"><net_src comp="28" pin="0"/><net_sink comp="36" pin=0"/></net>

<net id="42"><net_src comp="2" pin="0"/><net_sink comp="36" pin=1"/></net>

<net id="54"><net_src comp="26" pin="0"/><net_sink comp="46" pin=0"/></net>

<net id="55"><net_src comp="26" pin="0"/><net_sink comp="46" pin=4"/></net>

<net id="56"><net_src comp="46" pin="6"/><net_sink comp="36" pin=2"/></net>

<net id="60"><net_src comp="4" pin="0"/><net_sink comp="57" pin=0"/></net>

<net id="65"><net_src comp="57" pin="1"/><net_sink comp="61" pin=0"/></net>

<net id="66"><net_src comp="24" pin="0"/><net_sink comp="61" pin=1"/></net>

<net id="71"><net_src comp="57" pin="1"/><net_sink comp="67" pin=0"/></net>

<net id="72"><net_src comp="26" pin="0"/><net_sink comp="67" pin=1"/></net>

<net id="73"><net_src comp="67" pin="2"/><net_sink comp="46" pin=2"/></net>

<net id="78"><net_src comp="67" pin="2"/><net_sink comp="74" pin=0"/></net>

<net id="79"><net_src comp="4" pin="0"/><net_sink comp="74" pin=1"/></net>

<net id="84"><net_src comp="26" pin="0"/><net_sink comp="80" pin=0"/></net>

<net id="85"><net_src comp="4" pin="0"/><net_sink comp="80" pin=1"/></net>

<net id="90"><net_src comp="26" pin="0"/><net_sink comp="86" pin=0"/></net>

<net id="91"><net_src comp="4" pin="0"/><net_sink comp="86" pin=1"/></net>

</net_list>

</model> 
---------------- Datapath Model END ------------------

* FSMD analyzer results:
  - Output states:
	Port: out_r | {1 }
	Port: count | {1 }
 - Input state : 
	Port: decade_counter : reset | {1 }
	Port: decade_counter : count | {1 }
  - Chain level:
	State 1
		icmp_ln11 : 1
		br_ln11 : 2
		add_ln14 : 1
		store_ln14 : 2
		p_0_0_0 : 2
		write_ln19 : 3


============================================================
+ Verbose Summary: Datapath Resource usage 
============================================================

* Functional unit list:
|----------|------------------------|---------|---------|
| Operation|     Functional Unit    |    FF   |   LUT   |
|----------|------------------------|---------|---------|
|   icmp   |     icmp_ln11_fu_61    |    0    |    12   |
|----------|------------------------|---------|---------|
|    add   |     add_ln14_fu_67     |    0    |    12   |
|----------|------------------------|---------|---------|
|   read   |  reset_read_read_fu_30 |    0    |    0    |
|----------|------------------------|---------|---------|
|   write  | write_ln19_write_fu_36 |    0    |    0    |
|----------|------------------------|---------|---------|
|   Total  |                        |    0    |    24   |
|----------|------------------------|---------|---------|

Memories:
N/A

* Register list:
+--------------+--------+
|              |   FF   |
+--------------+--------+
|p_0_0_0_reg_43|    4   |
+--------------+--------+
|     Total    |    4   |
+--------------+--------+

* Multiplexer (MUX) list: 
|--------|------|------|------|--------|
|  Comp  |  Pin | Size |  BW  | S x BW |
|--------|------|------|------|--------|
|  Total |      |      |      |    0   |
|--------|------|------|------|--------|



* Summary:
+-----------+--------+--------+
|           |   FF   |   LUT  |
+-----------+--------+--------+
|  Function |    0   |   24   |
|   Memory  |    -   |    -   |
|Multiplexer|    -   |    -   |
|  Register |    4   |    -   |
+-----------+--------+--------+
|   Total   |    4   |   24   |
+-----------+--------+--------+
