# 
# Steps log generated by v++
# This log file contains a collection of steps that describe the kernel compilation flow
# Note: Some steps are tagged as internal, these steps are for debugging purposes and 
#       are not expected to be able to run independently.
# 

# The following environment variables are set when running vitis-run
Environment variables :
------------------------------------------
ACSetupSvcPort=23210
ACSvcPort=17532
ALLUSERSPROFILE=C:\ProgramData
APPDATA=C:\Users\kwokt\AppData\Roaming
arr.length=0
arr.Ubound=-1
AUTOESL_JAVA=C:/Xilinx/Vitis_HLS/2024.1/tps/win64/jre11.0.16_1/bin/java
AUTOESL_OS=Windows NT
AUTOESL_ROOT=C:/Xilinx/Vitis_HLS/2024.1
AUTOESL_VIVADO_HLS_VERSION=true
AUTOPILOT_CONFIG=C:/Xilinx/Vitis_HLS/2024.1/common/config
AUTOPILOT_MACH=C:/Xilinx/Vitis_HLS/2024.1/win64
AUTOPILOT_ROOT=C:/Xilinx/Vitis_HLS/2024.1
AUTOPILOT_TECH=C:/Xilinx/Vitis_HLS/2024.1/common/technology
AUTOPILOT_TOOL=C:/Xilinx/Vitis_HLS/2024.1/win64/tools
CHARPOP=1
ChocolateyInstall=C:\ProgramData\chocolatey
ChocolateyLastPathUpdate=133424560362510229
CMAKE_OBJECT_PATH_MAX=4096
CommonProgramFiles=C:\Program Files\Common Files
CommonProgramFiles(x86)=C:\Program Files (x86)\Common Files
CommonProgramW6432=C:\Program Files\Common Files
COMPUTERNAME=BILLY
ComSpec=C:\WINDOWS\system32\cmd.exe
DriverData=C:\Windows\System32\Drivers\DriverData
EFC_10792=1
GRAPHVIZ_DOT=C:/Xilinx/Vitis_HLS/2024.1/tps/win64/dot-2.28
HDI_APPROOT=C:/Xilinx/Vitis/2024.1
HDI_PROCESSOR=i686
HLS_INTERPRETER=C:\WINDOWS\SysWOW64\cmd.exe
HLS_LOG=vitis_hls.log
HLS_MODE=ide
HLS_NEEDLOG=0
HLS_OTHER_ARG=0
hls_root=C:/Xilinx/Vitis_HLS/2024.1
HLS_TERSE_OUTPUT=0
HLS_TMP_CMD=call "C:/Xilinx/Vitis_HLS/2024.1/bin/loader.bat" -exec vitis_hls 
HLS_VERSION=2024.1
HOME=C:\Users\kwokt
HOMEDRIVE=C:
HOMEPATH=\Users\kwokt
HW_SERVER_DJTG_DISABLE=1
HW_SERVER_FTDIMGR_DISABLE=1
IDE_SKIP_SERVER_LICENSE=1
INT_VARIABLE_NAME=XILINX_PATH
ISL_IOSTREAMS_RSA=C:/Xilinx/Vitis/2024.1/tps/isl
JAVA_EXE=C:/Xilinx\Vitis\2024.1\tps\win64\jre11.0.16_1\bin\java.exe
JAVA_HOME=C:/Xilinx\Vitis\2024.1\tps\win64\jre11.0.16_1
LC_NUMERIC=C
LD_LIBRARY_PATH=C:/Xilinx/Vitis_HLS/2024.1/tps/win64/dot-2.28/lib;C:/Xilinx/Vitis_HLS/2024.1/win64/bin;C:/Xilinx/Vitis_HLS/2024.1/win64/tools/fpo_v7_0;C:/Xilinx/Vitis_HLS/2024.1/win64/tools/fft_v9_1;C:/Xilinx/Vitis_HLS/2024.1/win64/tools/fir_v7_0;C:/Xilinx/Vitis_HLS/2024.1/win64/tools/dds_v6_0;C:/Xilinx/Vitis_HLS/2024.1/win64/lib/csim
LOCALAPPDATA=C:\Users\kwokt\AppData\Local
LOGONSERVER=\\BILLY
LOPPER_DTC_FLAGS=-b 0 -@
MY_ROOT_DIR=C:\Xilinx\Vitis_HLS\2024.1\bin\
NOSPLASH=false
NUMBER_OF_PROCESSORS=16
OneDrive=C:\Users\kwokt\OneDrive - University of South Florida
OneDriveCommercial=C:\Users\kwokt\OneDrive - University of South Florida
ORIGINALHOMEDRIVE=C:
ORIGINAL_XDG_CURRENT_DESKTOP=undefined
OS=Windows_NT
PATH=C:/Xilinx/Vivado/2024.1/tps/win64/binutils-2.26/bin;C:/Xilinx/Vitis/2024.1/bin/../gnu/aarch64/nt/aarch64-linux/bin;C:/Xilinx/Vitis/2024.1/bin/../gnu/ppc64le/4.9.3/win64/bin;C:/Xilinx/Vitis/2024.1/bin/../gnu/aarch32/nt/gcc-arm-linux-gnueabi/bin;C:/Xilinx\Vitis_HLS\2024.1/tps/mingw/6.2.0/win64.o/nt/bin;C:/Xilinx/Vivado/2024.1\gnuwin\bin;C:/Xilinx/Vivado/2024.1\gnu\microblaze\nt\bin;C:/Xilinx/Vitis/2024.1/bin;C:/Xilinx/Vitis/2024.1/tps/win64/java-cef-95.0.4638.69/bin/lib/win64;C:/Xilinx/Vitis/2024.1/tps/win64/javafx-sdk-11.0.2/lib;C:/Xilinx/Vitis/2024.1/tps/win64/javafx-sdk-11.0.2/bin;C:/Xilinx/Vitis/2024.1/lib/win64.o;C:/Xilinx/Vitis/2024.1/tps/win64/jre11.0.16_1/bin/server;C:/Xilinx/Vitis/2024.1/tps/win64/jre11.0.16_1/bin;C:\Xilinx\Vitis\2024.1\tps\win64\LOPPER~1.0-P\min_sdk\\usr\bin;C:/Xilinx\Vitis\2024.1\tps\win64\cmake-3.24.2\bin;C:/Xilinx\Vitis\2024.1\gnu\microblaze\nt\bin;C:/Xilinx\Vitis\2024.1\gnu\microblaze\linux_toolchain\nt64_le\bin;C:/Xilinx\Vitis\2024.1\gnu\aarch32\nt\gcc-arm-linux-gnueabi\bin;C:/Xilinx\Vitis\2024.1\gnu\aarch32\nt\gcc-arm-none-eabi\bin;C:/Xilinx\Vitis\2024.1\gnu\aarch64\nt\aarch64-linux\bin;C:/Xilinx\Vitis\2024.1\gnu\aarch64\nt\aarch64-none\bin;C:/Xilinx\Vitis\2024.1\gnu\armr5\nt\gcc-arm-none-eabi\bin;C:/Xilinx\Vitis\2024.1\gnuwin\bin;C:/Xilinx\Vitis\2024.1\tps\win64\python-3.8.3;C:/Xilinx\Vitis\2024.1\tps\win64\libxslt\bin;C:/Xilinx/Vivado/2024.1\bin;C:/Xilinx/Vitis/2024.1\gnu\arm\nt\bin;C:/Xilinx/Vitis/2024.1\gnu\microblaze\linux_toolchain\nt64_be\bin;C:/Xilinx/Vitis/2024.1\gnu\riscv\nt\riscv64-unknown-elf\bin;C:/Xilinx/Vitis/2024.1\tps\win64\git-2.16.2\bin;C:/Xilinx/Vitis/2024.1\win64\tools\clang\bin;C:/Xilinx\Vitis_HLS\2024.1\lib\win64.o;C:/Xilinx\Vitis_HLS\2024.1\bin;C:/Xilinx/Vivado/2024.1  /bin;/bin;C:\Xilinx\Model_Composer\2024.1\bin;C:\Xilinx\Vivado\2024.1\lib\win64.o;C:\Xilinx\DocNav;;C:/Xilinx/Vitis/2024.1\tps\mingw\6.2.0\win64.o\nt\bin;C:/Xilinx/Vitis/2024.1\tps\mingw\6.2.0\win64.o\nt\libexec\gcc\x86_64-w64-mingw32\6.2.0
PATHEXT=.COM;.EXE;.BAT;.CMD;.VBS;.VBE;.JS;.JSE;.WSF;.WSH;.MSC
PROCESSOR_ARCHITECTURE=AMD64
PROCESSOR_IDENTIFIER=AMD64 Family 25 Model 80 Stepping 0, AuthenticAMD
PROCESSOR_LEVEL=25
PROCESSOR_REVISION=5000
PRODVERSION_EXE=C:/Xilinx/Vitis/2024.1/bin/unwrapped/win64.o/prodversion.exe
ProgramData=C:\ProgramData
ProgramFiles=C:\Program Files
ProgramFiles(x86)=C:\Program Files (x86)
ProgramW6432=C:\Program Files
PROMPT=$P$G
PSModulePath=C:\Program Files\WindowsPowerShell\Modules;C:\WINDOWS\system32\WindowsPowerShell\v1.0\Modules
PUBLIC=C:\Users\Public
PYTHONPATH=;C:/Xilinx/Vitis/2024.1\cli;C:/Xilinx/Vitis/2024.1\cli\python-packages\win64;C:/Xilinx/Vitis/2024.1\cli\python-packages\site-packages;C:/Xilinx/Vitis/2024.1\cli\proto;C:/Xilinx/Vitis/2024.1\scripts\python_pkg;
python_path=;C:/Xilinx/Vitis/2024.1\cli;C:/Xilinx/Vitis/2024.1\cli\python-packages\win64;C:/Xilinx/Vitis/2024.1\cli\python-packages\site-packages;C:/Xilinx/Vitis/2024.1\cli\proto;C:/Xilinx/Vitis/2024.1\scripts\python_pkg;
RDI_APPROOT=C:/Xilinx/Vitis/2024.1
RDI_ARGS= --mode hls --csim --config C:\Users\kwokt\HLS-Models\Matrix-Multiplication\hls_component\hls_config.cfg --work_dir hls_component
RDI_ARGS_FUNCTION=RDI_EXEC_DEFAULT
RDI_BASEROOT=C:/Xilinx/Vitis
RDI_BINDIR=C:/Xilinx/Vitis/2024.1/bin
RDI_BINROOT=C:/Xilinx/Vitis/2024.1/bin
RDI_BUILD=yes
RDI_CHECK_PROG=True
RDI_DATADIR=C:/Xilinx/SharedData/2024.1/data;C:/Xilinx/Vitis/2024.1/data
RDI_INSTALLROOT=C:/Xilinx
RDI_INSTALLVER=2024.1
RDI_INSTALLVERSION=2024.1
RDI_JAVACEFROOT=C:/Xilinx/Vitis/2024.1/tps/win64/java-cef-95.0.4638.69
RDI_JAVAFXROOT=C:/Xilinx/Vitis/2024.1/tps/win64/javafx-sdk-11.0.2
RDI_JAVAROOT=C:/Xilinx/Vitis/2024.1/tps/win64/jre11.0.16_1
RDI_JAVA_VERSION=11.0.16_1
RDI_LIBDIR=C:/Xilinx/Vitis/2024.1/lib/win64.o
RDI_MINGW_LIB=C:/Xilinx/Vitis/2024.1\tps\mingw\6.2.0\win64.o\nt\bin;C:/Xilinx/Vitis/2024.1\tps\mingw\6.2.0\win64.o\nt\libexec\gcc\x86_64-w64-mingw32\6.2.0
RDI_OPT_EXT=.o
RDI_OS_ARCH=64
RDI_PLATFORM=win64
RDI_PREPEND_PATH=C:/Xilinx/Vitis/2024.1/bin;C:/Xilinx/Vitis/2024.1/bin
RDI_PROG=C:/Xilinx/Vitis/2024.1/bin/unwrapped/win64.o/vitis-run.exe
RDI_PROGNAME=vitis-run.exe
RDI_SESSION_INFO=C:\Users\kwokt\AppData\Roaming\Xilinx\Vitis:BILLY-Fri06-14-2024_23-39-56.87
RDI_SHARED_DATA=C:/Xilinx/SharedData/2024.1/data
RDI_TPS_ROOT=C:/Xilinx/Vivado/2024.1/tps/win64
RDI_USE_JDK11=1
RDI_VERBOSE=0
RlsSvcPort=22112
ROOT_SWTICH_INGUI=1
RT_LIBPATH=C:/Xilinx/Vitis/2024.1/scripts/rt/data
RT_TCL_PATH=C:/Xilinx/Vitis/2024.1/scripts/rt/base_tcl/tcl
SDKROOT=C:\Xilinx\Vitis\2024.1\tps\win64\LOPPER~1.0-P\min_sdk\
SESSIONNAME=Console
session_string=C:\Users\kwokt\HLS-Models\Matrix-Multiplication\hls_component:BILLY-Fri06-14-2024_23-50-18.22
SHARED_DATA_HOME="C:/Xilinx/SharedData/2024.1"
SWIG_LIB=C:\Xilinx\Vitis\2024.1\tps\win64\LOPPER~1.0-P\min_sdk\\usr\lib\swig\4.0.2
SWT_GTK3=1
SYNTH_COMMON=C:/Xilinx/Vitis/2024.1/scripts/rt/data
SystemDrive=C:
SystemRoot=C:\WINDOWS
TCL_LIBRARY=C:/Xilinx/Vitis/2024.1/tps/tcl/tcl8.6
TCMALLOC_LARGE_ALLOC_REPORT_THRESHOLD=4294967296
TEMP=C:\Users\kwokt\AppData\Local\Temp
THEIA_APP_PROJECT_PATH=C:\Xilinx\Vitis\2024.1\ide\electron-app\win64\resources\app
THEIA_DEFAULT_PLUGINS=local-dir:C:\Xilinx\Vitis\2024.1\ide\electron-app\win64\resources\app\plugins
THEIA_ELECTRON_TOKEN={"value":"56d37adb-2a6d-4cfe-a313-51df73dbe304"}
THEIA_ELECTRON_VERSION=15.5.7
THEIA_PLUGINS=local-dir:C:\Users\kwokt\.theia\plugins
TMP=C:\Users\kwokt\AppData\Local\Temp
USERDOMAIN=BILLY
USERDOMAIN_ROAMINGPROFILE=BILLY
USERNAME=kwokt
USERPROFILE=C:\Users\kwokt
VBOX_MSI_INSTALL_PATH=C:\Program Files\Oracle\VirtualBox\
VITISNEW=true
VIVADO_HLS_ARG_DBG=0
VSCODE_API_VERSION=1.53.2
windir=C:\WINDOWS
XILINX_HLS=C:/Xilinx\Vitis_HLS\2024.1
XILINX_HLS_TPS_PATH=C:/Xilinx/Vitis_HLS/2024.1/tps;C:/Xilinx/Vitis/2024.1/tps
XILINX_OPENCL=C:/Xilinx/Vitis_HLS/2024.1
XILINX_OPENCL_CLANG=C:/Xilinx/Vitis_HLS/2024.1/win64/tools/clang
XILINX_PLANAHEAD=C:/Xilinx/Vitis/2024.1
XILINX_SDK=C:/Xilinx/Vitis/2024.1
XILINX_VCXX=C:/Xilinx/Vitis_HLS/2024.1/vcxx
XILINX_VERSION_DEFAULT=2024.1
XILINX_VERSION_VITIS=2024.1
XILINX_VITIS=C:/Xilinx\Vitis\2024.1
XILINX_VITIS_VERSION=Vitis v2024.1 (64-bit)
XILINX_VIVADO=C:/Xilinx/Vivado/2024.1
XILINX_VIVADO_HLS=C:/Xilinx/Vivado/2024.1
XIL_CHECK_TCL_DEBUG=False
XIL_NO_OVERRIDE=0
XIL_PA_NO_DEFAULT_OVERRIDE=1
XIL_SUPPRESS_OVERRIDE_WARNINGS=1
XVREDIST=C:/Xilinx/Vitis/2024.1\tps\win64\xvcredist.exe
_RDI_BINROOT=C:\Xilinx\Vitis\2024.1\bin
_RDI_CWD=C:\Users\kwokt\HLS-Models\Matrix-Multiplication\hls_component
_RDI_DONT_SET_XILINX_AS_PATH=True
_RDI_VERSION_PROG=vitis-run
_valid=False
_XILINX_HLS_HIDE_BANNER_SUBPROC=1
__PSLockDownPolicy=0
XILINX_CD_CONNECT_ID=62737
XILINX_CD_SESSION=6cc03a20-a82a-4b45-93e4-09d89d9c7a8d


VITIS-RUN command line:
------------------------------------------
C:/Xilinx/Vitis/2024.1/bin/unwrapped/win64.o/vitis-run.exe --mode hls --csim --config C:\Users\kwokt\HLS-Models\Matrix-Multiplication\hls_component\hls_config.cfg --work_dir hls_component 

FINAL PROGRAM OPTIONS
--config C:\Users\kwokt\HLS-Models\Matrix-Multiplication\hls_component\hls_config.cfg
--csim
--hls.csim.code_analyzer 1
--hls.flow_target vivado
--hls.package.output.format ip_catalog
--hls.package.output.syn false
--hls.syn.file C:/Users/kwokt/HLS-Models/Matrix-Multiplication/mat_mult.cpp
--hls.syn.file C:/Users/kwokt/HLS-Models/Matrix-Multiplication/mat_mult.hpp
--hls.syn.top matrix_multiply
--hls.tb.file C:/Users/kwokt/HLS-Models/Matrix-Multiplication/tb_mat_mult.cpp
--mode hls
--part xcvu9p-flga2104-2-i
--work_dir hls_component

PARSED COMMAND LINE OPTIONS
--mode hls 
--csim 
--config C:\Users\kwokt\HLS-Models\Matrix-Multiplication\hls_component\hls_config.cfg 
--work_dir hls_component 

PARSED CONFIG FILE (1) OPTIONS
file: C:\Users\kwokt\HLS-Models\Matrix-Multiplication\hls_component\hls_config.cfg
part xcvu9p-flga2104-2-i 
hls.flow_target vivado 
hls.package.output.format ip_catalog 
hls.package.output.syn false 
hls.tb.file C:/Users/kwokt/HLS-Models/Matrix-Multiplication/tb_mat_mult.cpp 
hls.syn.file C:/Users/kwokt/HLS-Models/Matrix-Multiplication/mat_mult.cpp 
hls.syn.file C:/Users/kwokt/HLS-Models/Matrix-Multiplication/mat_mult.hpp 
hls.syn.top matrix_multiply 
hls.csim.code_analyzer 1 


==========================================
new:  steps log generated by v++ for new launch 
timestamp: 14 Jun 2024 23:50:23
------------------------------------------
VITIS-RUN internal step: writing a config file for vitis_hls: C:/Users/kwokt/HLS-Models/Matrix-Multiplication/hls_component/hls_component/hls/config.cmdline
timestamp: 14 Jun 2024 23:50:23
VITIS-RUN internal step status: success
------------------------------------------
VITIS-RUN internal step: running vitis_hls
timestamp: 14 Jun 2024 23:50:23
working dir: C:/Users/kwokt/HLS-Models/Matrix-Multiplication/hls_component
cmd: vitis_hls -nolog -run csim -work_dir C:/Users/kwokt/HLS-Models/Matrix-Multiplication/hls_component/hls_component -config C:/Users/kwokt/HLS-Models/Matrix-Multiplication/hls_component/hls_config.cfg -cmdlineconfig C:/Users/kwokt/HLS-Models/Matrix-Multiplication/hls_component/hls_component/hls/config.cmdline
VITIS-RUN internal step status: fail

------------------------------------------
VITIS-RUN command line :
------------------------------------------
C:/Xilinx/Vitis/2024.1/bin/unwrapped/win64.o/vitis-run.exe --mode hls --csim --config C:\Users\kwokt\HLS-Models\Matrix-Multiplication\hls_component\hls_config.cfg --work_dir hls_component 
  Options from -O    : 
  Options from *.ini : 
  Options from Hw Platform : 

==========================================
new:  steps log generated by v++ for new launch 
timestamp: 15 Jun 2024 00:03:03
------------------------------------------
VITIS-RUN internal step: writing a config file for vitis_hls: C:/Users/kwokt/HLS-Models/Matrix-Multiplication/hls_component/hls_component/hls/config.cmdline
timestamp: 15 Jun 2024 00:03:03
VITIS-RUN internal step status: success
------------------------------------------
VITIS-RUN internal step: running vitis_hls
timestamp: 15 Jun 2024 00:03:03
working dir: C:/Users/kwokt/HLS-Models/Matrix-Multiplication/hls_component
cmd: vitis_hls -nolog -run csim -work_dir C:/Users/kwokt/HLS-Models/Matrix-Multiplication/hls_component/hls_component -config C:/Users/kwokt/HLS-Models/Matrix-Multiplication/hls_component/hls_config.cfg -cmdlineconfig C:/Users/kwokt/HLS-Models/Matrix-Multiplication/hls_component/hls_component/hls/config.cmdline
VITIS-RUN internal step status: success

------------------------------------------
V++ command line :
------------------------------------------
C:/Xilinx/Vitis/2024.1/bin/unwrapped/win64.o/v++.exe -c --mode hls --config C:\Users\kwokt\HLS-Models\Matrix-Multiplication\hls_component\hls_config.cfg --work_dir hls_component 
  Options from -O    : 
  Options from *.ini : 
  Options from Hw Platform : 

==========================================
new:  steps log generated by v++ for new launch 
timestamp: 15 Jun 2024 00:07:53
------------------------------------------
V++ internal step: writing a config file for vitis_hls: C:/Users/kwokt/HLS-Models/Matrix-Multiplication/hls_component/hls_component/hls/config.cmdline
timestamp: 15 Jun 2024 00:07:53
V++ internal step status: success
------------------------------------------
V++ internal step: running vitis_hls
timestamp: 15 Jun 2024 00:07:53
working dir: C:/Users/kwokt/HLS-Models/Matrix-Multiplication/hls_component
cmd: vitis_hls -nolog -run csynth -work_dir C:/Users/kwokt/HLS-Models/Matrix-Multiplication/hls_component/hls_component -config C:/Users/kwokt/HLS-Models/Matrix-Multiplication/hls_component/hls_config.cfg -cmdlineconfig C:/Users/kwokt/HLS-Models/Matrix-Multiplication/hls_component/hls_component/hls/config.cmdline
V++ internal step status: success

------------------------------------------
VITIS-RUN command line :
------------------------------------------
C:/Xilinx/Vitis/2024.1/bin/unwrapped/win64.o/vitis-run.exe --mode hls --cosim --config C:\Users\kwokt\HLS-Models\Matrix-Multiplication\hls_component\hls_config.cfg --work_dir hls_component 
  Options from -O    : 
  Options from *.ini : 
  Options from Hw Platform : 

==========================================
new:  steps log generated by v++ for new launch 
timestamp: 15 Jun 2024 00:09:03
------------------------------------------
VITIS-RUN internal step: writing a config file for vitis_hls: C:/Users/kwokt/HLS-Models/Matrix-Multiplication/hls_component/hls_component/hls/config.cmdline
timestamp: 15 Jun 2024 00:09:03
VITIS-RUN internal step status: success
------------------------------------------
VITIS-RUN internal step: running vitis_hls
timestamp: 15 Jun 2024 00:09:03
working dir: C:/Users/kwokt/HLS-Models/Matrix-Multiplication/hls_component
cmd: vitis_hls -nolog -run cosim -work_dir C:/Users/kwokt/HLS-Models/Matrix-Multiplication/hls_component/hls_component -config C:/Users/kwokt/HLS-Models/Matrix-Multiplication/hls_component/hls_config.cfg -cmdlineconfig C:/Users/kwokt/HLS-Models/Matrix-Multiplication/hls_component/hls_component/hls/config.cmdline
VITIS-RUN internal step status: success

------------------------------------------
VITIS-RUN command line :
------------------------------------------
C:/Xilinx/Vitis/2024.1/bin/unwrapped/win64.o/vitis-run.exe --mode hls --csim --config C:\Users\kwokt\HLS-Models\Matrix-Multiplication\hls_component\hls_config.cfg --work_dir hls_component 
  Options from -O    : 
  Options from *.ini : 
  Options from Hw Platform : 

==========================================
new:  steps log generated by v++ for new launch 
timestamp: 17 Jun 2024 08:11:37
------------------------------------------
VITIS-RUN internal step: writing a config file for vitis_hls: C:/Users/kwokt/HLS-Models/Matrix-Multiplication/hls_component/hls_component/hls/config.cmdline
timestamp: 17 Jun 2024 08:11:37
VITIS-RUN internal step status: success
------------------------------------------
VITIS-RUN internal step: running vitis_hls
timestamp: 17 Jun 2024 08:11:37
working dir: C:/Users/kwokt/HLS-Models/Matrix-Multiplication/hls_component
cmd: vitis_hls -nolog -run csim -work_dir C:/Users/kwokt/HLS-Models/Matrix-Multiplication/hls_component/hls_component -config C:/Users/kwokt/HLS-Models/Matrix-Multiplication/hls_component/hls_config.cfg -cmdlineconfig C:/Users/kwokt/HLS-Models/Matrix-Multiplication/hls_component/hls_component/hls/config.cmdline
VITIS-RUN internal step status: success

------------------------------------------
V++ command line :
------------------------------------------
C:/Xilinx/Vitis/2024.1/bin/unwrapped/win64.o/v++.exe -c --mode hls --config C:\Users\kwokt\HLS-Models\Matrix-Multiplication\hls_component\hls_config.cfg --work_dir hls_component 
  Options from -O    : 
  Options from *.ini : 
  Options from Hw Platform : 

==========================================
new:  steps log generated by v++ for new launch 
timestamp: 17 Jun 2024 08:12:09
------------------------------------------
V++ internal step: writing a config file for vitis_hls: C:/Users/kwokt/HLS-Models/Matrix-Multiplication/hls_component/hls_component/hls/config.cmdline
timestamp: 17 Jun 2024 08:12:09
V++ internal step status: success
------------------------------------------
V++ internal step: running vitis_hls
timestamp: 17 Jun 2024 08:12:09
working dir: C:/Users/kwokt/HLS-Models/Matrix-Multiplication/hls_component
cmd: vitis_hls -nolog -run csynth -work_dir C:/Users/kwokt/HLS-Models/Matrix-Multiplication/hls_component/hls_component -config C:/Users/kwokt/HLS-Models/Matrix-Multiplication/hls_component/hls_config.cfg -cmdlineconfig C:/Users/kwokt/HLS-Models/Matrix-Multiplication/hls_component/hls_component/hls/config.cmdline
V++ internal step status: success

------------------------------------------
VITIS-RUN command line :
------------------------------------------
C:/Xilinx/Vitis/2024.1/bin/unwrapped/win64.o/vitis-run.exe --mode hls --cosim --config C:\Users\kwokt\HLS-Models\Matrix-Multiplication\hls_component\hls_config.cfg --work_dir hls_component 
  Options from -O    : 
  Options from *.ini : 
  Options from Hw Platform : 

==========================================
new:  steps log generated by v++ for new launch 
timestamp: 17 Jun 2024 08:13:12
------------------------------------------
VITIS-RUN internal step: writing a config file for vitis_hls: C:/Users/kwokt/HLS-Models/Matrix-Multiplication/hls_component/hls_component/hls/config.cmdline
timestamp: 17 Jun 2024 08:13:12
VITIS-RUN internal step status: success
------------------------------------------
VITIS-RUN internal step: running vitis_hls
timestamp: 17 Jun 2024 08:13:12
working dir: C:/Users/kwokt/HLS-Models/Matrix-Multiplication/hls_component
cmd: vitis_hls -nolog -run cosim -work_dir C:/Users/kwokt/HLS-Models/Matrix-Multiplication/hls_component/hls_component -config C:/Users/kwokt/HLS-Models/Matrix-Multiplication/hls_component/hls_config.cfg -cmdlineconfig C:/Users/kwokt/HLS-Models/Matrix-Multiplication/hls_component/hls_component/hls/config.cmdline
VITIS-RUN internal step status: success

------------------------------------------
VITIS-RUN command line :
------------------------------------------
C:/Xilinx/Vitis/2024.1/bin/unwrapped/win64.o/vitis-run.exe --mode hls --csim --config C:\Users\kwokt\HLS-Models\Matrix-Multiplication\hls_component\hls_config.cfg --work_dir hls_component 
  Options from -O    : 
  Options from *.ini : 
  Options from Hw Platform : 

==========================================
new:  steps log generated by v++ for new launch 
timestamp: 17 Jun 2024 10:39:49
------------------------------------------
VITIS-RUN internal step: writing a config file for vitis_hls: C:/Users/kwokt/HLS-Models/Matrix-Multiplication/hls_component/hls_component/hls/config.cmdline
timestamp: 17 Jun 2024 10:39:49
VITIS-RUN internal step status: success
------------------------------------------
VITIS-RUN internal step: running vitis_hls
timestamp: 17 Jun 2024 10:39:49
working dir: C:/Users/kwokt/HLS-Models/Matrix-Multiplication/hls_component
cmd: vitis_hls -nolog -run csim -work_dir C:/Users/kwokt/HLS-Models/Matrix-Multiplication/hls_component/hls_component -config C:/Users/kwokt/HLS-Models/Matrix-Multiplication/hls_component/hls_config.cfg -cmdlineconfig C:/Users/kwokt/HLS-Models/Matrix-Multiplication/hls_component/hls_component/hls/config.cmdline
VITIS-RUN internal step status: success

------------------------------------------
VITIS-RUN command line :
------------------------------------------
C:/Xilinx/Vitis/2024.1/bin/unwrapped/win64.o/vitis-run.exe --mode hls --csim --config C:\Users\kwokt\HLS-Models\Matrix-Multiplication\hls_component\hls_config.cfg --work_dir hls_component 
  Options from -O    : 
  Options from *.ini : 
  Options from Hw Platform : 

==========================================
new:  steps log generated by v++ for new launch 
timestamp: 17 Jun 2024 10:45:43
------------------------------------------
VITIS-RUN internal step: writing a config file for vitis_hls: C:/Users/kwokt/HLS-Models/Matrix-Multiplication/hls_component/hls_component/hls/config.cmdline
timestamp: 17 Jun 2024 10:45:43
VITIS-RUN internal step status: success
------------------------------------------
VITIS-RUN internal step: running vitis_hls
timestamp: 17 Jun 2024 10:45:43
working dir: C:/Users/kwokt/HLS-Models/Matrix-Multiplication/hls_component
cmd: vitis_hls -nolog -run csim -work_dir C:/Users/kwokt/HLS-Models/Matrix-Multiplication/hls_component/hls_component -config C:/Users/kwokt/HLS-Models/Matrix-Multiplication/hls_component/hls_config.cfg -cmdlineconfig C:/Users/kwokt/HLS-Models/Matrix-Multiplication/hls_component/hls_component/hls/config.cmdline
VITIS-RUN internal step status: fail

------------------------------------------
VITIS-RUN command line :
------------------------------------------
C:/Xilinx/Vitis/2024.1/bin/unwrapped/win64.o/vitis-run.exe --mode hls --csim --config C:\Users\kwokt\HLS-Models\Matrix-Multiplication\hls_component\hls_config.cfg --work_dir hls_component 
  Options from -O    : 
  Options from *.ini : 
  Options from Hw Platform : 

==========================================
new:  steps log generated by v++ for new launch 
timestamp: 17 Jun 2024 10:47:25
------------------------------------------
VITIS-RUN internal step: writing a config file for vitis_hls: C:/Users/kwokt/HLS-Models/Matrix-Multiplication/hls_component/hls_component/hls/config.cmdline
timestamp: 17 Jun 2024 10:47:25
VITIS-RUN internal step status: success
------------------------------------------
VITIS-RUN internal step: running vitis_hls
timestamp: 17 Jun 2024 10:47:25
working dir: C:/Users/kwokt/HLS-Models/Matrix-Multiplication/hls_component
cmd: vitis_hls -nolog -run csim -work_dir C:/Users/kwokt/HLS-Models/Matrix-Multiplication/hls_component/hls_component -config C:/Users/kwokt/HLS-Models/Matrix-Multiplication/hls_component/hls_config.cfg -cmdlineconfig C:/Users/kwokt/HLS-Models/Matrix-Multiplication/hls_component/hls_component/hls/config.cmdline
VITIS-RUN internal step status: success

------------------------------------------
V++ command line :
------------------------------------------
C:/Xilinx/Vitis/2024.1/bin/unwrapped/win64.o/v++.exe -c --mode hls --config C:\Users\kwokt\HLS-Models\Matrix-Multiplication\hls_component\hls_config.cfg --work_dir hls_component 
  Options from -O    : 
  Options from *.ini : 
  Options from Hw Platform : 

==========================================
new:  steps log generated by v++ for new launch 
timestamp: 17 Jun 2024 10:49:21
------------------------------------------
V++ internal step: writing a config file for vitis_hls: C:/Users/kwokt/HLS-Models/Matrix-Multiplication/hls_component/hls_component/hls/config.cmdline
timestamp: 17 Jun 2024 10:49:21
V++ internal step status: success
------------------------------------------
V++ internal step: running vitis_hls
timestamp: 17 Jun 2024 10:49:21
working dir: C:/Users/kwokt/HLS-Models/Matrix-Multiplication/hls_component
cmd: vitis_hls -nolog -run csynth -work_dir C:/Users/kwokt/HLS-Models/Matrix-Multiplication/hls_component/hls_component -config C:/Users/kwokt/HLS-Models/Matrix-Multiplication/hls_component/hls_config.cfg -cmdlineconfig C:/Users/kwokt/HLS-Models/Matrix-Multiplication/hls_component/hls_component/hls/config.cmdline
V++ internal step status: success

------------------------------------------
VITIS-RUN command line :
------------------------------------------
C:/Xilinx/Vitis/2024.1/bin/unwrapped/win64.o/vitis-run.exe --mode hls --cosim --config C:\Users\kwokt\HLS-Models\Matrix-Multiplication\hls_component\hls_config.cfg --work_dir hls_component 
  Options from -O    : 
  Options from *.ini : 
  Options from Hw Platform : 

==========================================
new:  steps log generated by v++ for new launch 
timestamp: 17 Jun 2024 10:50:21
------------------------------------------
VITIS-RUN internal step: writing a config file for vitis_hls: C:/Users/kwokt/HLS-Models/Matrix-Multiplication/hls_component/hls_component/hls/config.cmdline
timestamp: 17 Jun 2024 10:50:21
VITIS-RUN internal step status: success
------------------------------------------
VITIS-RUN internal step: running vitis_hls
timestamp: 17 Jun 2024 10:50:21
working dir: C:/Users/kwokt/HLS-Models/Matrix-Multiplication/hls_component
cmd: vitis_hls -nolog -run cosim -work_dir C:/Users/kwokt/HLS-Models/Matrix-Multiplication/hls_component/hls_component -config C:/Users/kwokt/HLS-Models/Matrix-Multiplication/hls_component/hls_config.cfg -cmdlineconfig C:/Users/kwokt/HLS-Models/Matrix-Multiplication/hls_component/hls_component/hls/config.cmdline
VITIS-RUN internal step status: success

------------------------------------------
VITIS-RUN command line :
------------------------------------------
C:/Xilinx/Vitis/2024.1/bin/unwrapped/win64.o/vitis-run.exe --mode hls --csim --config C:\Users\kwokt\HLS-Models\Matrix-Multiplication\hls_component\hls_config.cfg --work_dir hls_component 
  Options from -O    : 
  Options from *.ini : 
  Options from Hw Platform : 

==========================================
new:  steps log generated by v++ for new launch 
timestamp: 15 Jul 2024 04:05:58
------------------------------------------
VITIS-RUN internal step: writing a config file for vitis_hls: C:/Users/kwokt/HLS-Models/Matrix-Multiplication/hls_component/hls_component/hls/config.cmdline
timestamp: 15 Jul 2024 04:05:58
VITIS-RUN internal step status: success
------------------------------------------
VITIS-RUN internal step: running vitis_hls
timestamp: 15 Jul 2024 04:05:58
working dir: C:/Users/kwokt/HLS-Models/Matrix-Multiplication/hls_component
cmd: vitis_hls -nolog -run csim -work_dir C:/Users/kwokt/HLS-Models/Matrix-Multiplication/hls_component/hls_component -config C:/Users/kwokt/HLS-Models/Matrix-Multiplication/hls_component/hls_config.cfg -cmdlineconfig C:/Users/kwokt/HLS-Models/Matrix-Multiplication/hls_component/hls_component/hls/config.cmdline
VITIS-RUN internal step status: success

------------------------------------------
VITIS-RUN command line :
------------------------------------------
C:/Xilinx/Vitis/2024.1/bin/unwrapped/win64.o/vitis-run.exe --mode hls --csim --config C:\Users\kwokt\HLS-Models\Matrix-Multiplication\hls_component\hls_config.cfg --work_dir hls_component 
  Options from -O    : 
  Options from *.ini : 
  Options from Hw Platform : 

==========================================
new:  steps log generated by v++ for new launch 
timestamp: 15 Jul 2024 04:10:03
------------------------------------------
VITIS-RUN internal step: writing a config file for vitis_hls: C:/Users/kwokt/HLS-Models/Matrix-Multiplication/hls_component/hls_component/hls/config.cmdline
timestamp: 15 Jul 2024 04:10:03
VITIS-RUN internal step status: success
------------------------------------------
VITIS-RUN internal step: running vitis_hls
timestamp: 15 Jul 2024 04:10:03
working dir: C:/Users/kwokt/HLS-Models/Matrix-Multiplication/hls_component
cmd: vitis_hls -nolog -run csim -work_dir C:/Users/kwokt/HLS-Models/Matrix-Multiplication/hls_component/hls_component -config C:/Users/kwokt/HLS-Models/Matrix-Multiplication/hls_component/hls_config.cfg -cmdlineconfig C:/Users/kwokt/HLS-Models/Matrix-Multiplication/hls_component/hls_component/hls/config.cmdline
VITIS-RUN internal step status: success

------------------------------------------
VITIS-RUN command line :
------------------------------------------
C:/Xilinx/Vitis/2024.1/bin/unwrapped/win64.o/vitis-run.exe --mode hls --csim --config C:\Users\kwokt\HLS-Models\Matrix-Multiplication\hls_component\hls_config.cfg --work_dir hls_component 
  Options from -O    : 
  Options from *.ini : 
  Options from Hw Platform : 

==========================================
new:  steps log generated by v++ for new launch 
timestamp: 15 Jul 2024 04:11:45
------------------------------------------
VITIS-RUN internal step: writing a config file for vitis_hls: C:/Users/kwokt/HLS-Models/Matrix-Multiplication/hls_component/hls_component/hls/config.cmdline
timestamp: 15 Jul 2024 04:11:45
VITIS-RUN internal step status: success
------------------------------------------
VITIS-RUN internal step: running vitis_hls
timestamp: 15 Jul 2024 04:11:45
working dir: C:/Users/kwokt/HLS-Models/Matrix-Multiplication/hls_component
cmd: vitis_hls -nolog -run csim -work_dir C:/Users/kwokt/HLS-Models/Matrix-Multiplication/hls_component/hls_component -config C:/Users/kwokt/HLS-Models/Matrix-Multiplication/hls_component/hls_config.cfg -cmdlineconfig C:/Users/kwokt/HLS-Models/Matrix-Multiplication/hls_component/hls_component/hls/config.cmdline
VITIS-RUN internal step status: success

------------------------------------------
V++ command line :
------------------------------------------
C:/Xilinx/Vitis/2024.1/bin/unwrapped/win64.o/v++.exe -c --mode hls --config C:\Users\kwokt\HLS-Models\Matrix-Multiplication\hls_component\hls_config.cfg --work_dir hls_component 
  Options from -O    : 
  Options from *.ini : 
  Options from Hw Platform : 

==========================================
new:  steps log generated by v++ for new launch 
timestamp: 15 Jul 2024 04:12:13
------------------------------------------
V++ internal step: writing a config file for vitis_hls: C:/Users/kwokt/HLS-Models/Matrix-Multiplication/hls_component/hls_component/hls/config.cmdline
timestamp: 15 Jul 2024 04:12:13
V++ internal step status: success
------------------------------------------
V++ internal step: running vitis_hls
timestamp: 15 Jul 2024 04:12:13
working dir: C:/Users/kwokt/HLS-Models/Matrix-Multiplication/hls_component
cmd: vitis_hls -nolog -run csynth -work_dir C:/Users/kwokt/HLS-Models/Matrix-Multiplication/hls_component/hls_component -config C:/Users/kwokt/HLS-Models/Matrix-Multiplication/hls_component/hls_config.cfg -cmdlineconfig C:/Users/kwokt/HLS-Models/Matrix-Multiplication/hls_component/hls_component/hls/config.cmdline
V++ internal step status: success

------------------------------------------
VITIS-RUN command line :
------------------------------------------
C:/Xilinx/Vitis/2024.1/bin/unwrapped/win64.o/vitis-run.exe --mode hls --cosim --config C:\Users\kwokt\HLS-Models\Matrix-Multiplication\hls_component\hls_config.cfg --work_dir hls_component 
  Options from -O    : 
  Options from *.ini : 
  Options from Hw Platform : 

==========================================
new:  steps log generated by v++ for new launch 
timestamp: 15 Jul 2024 04:13:08
------------------------------------------
VITIS-RUN internal step: writing a config file for vitis_hls: C:/Users/kwokt/HLS-Models/Matrix-Multiplication/hls_component/hls_component/hls/config.cmdline
timestamp: 15 Jul 2024 04:13:08
VITIS-RUN internal step status: success
------------------------------------------
VITIS-RUN internal step: running vitis_hls
timestamp: 15 Jul 2024 04:13:08
working dir: C:/Users/kwokt/HLS-Models/Matrix-Multiplication/hls_component
cmd: vitis_hls -nolog -run cosim -work_dir C:/Users/kwokt/HLS-Models/Matrix-Multiplication/hls_component/hls_component -config C:/Users/kwokt/HLS-Models/Matrix-Multiplication/hls_component/hls_config.cfg -cmdlineconfig C:/Users/kwokt/HLS-Models/Matrix-Multiplication/hls_component/hls_component/hls/config.cmdline
VITIS-RUN internal step status: success

------------------------------------------
VITIS-RUN command line :
------------------------------------------
C:/Xilinx/Vitis/2024.1/bin/unwrapped/win64.o/vitis-run.exe --mode hls --csim --config C:\Users\kwokt\HLS-Models\Matrix-Multiplication\hls_component\hls_config.cfg --work_dir hls_component 
  Options from -O    : 
  Options from *.ini : 
  Options from Hw Platform : 

==========================================
new:  steps log generated by v++ for new launch 
timestamp: 15 Jul 2024 04:15:58
------------------------------------------
VITIS-RUN internal step: writing a config file for vitis_hls: C:/Users/kwokt/HLS-Models/Matrix-Multiplication/hls_component/hls_component/hls/config.cmdline
timestamp: 15 Jul 2024 04:15:58
VITIS-RUN internal step status: success
------------------------------------------
VITIS-RUN internal step: running vitis_hls
timestamp: 15 Jul 2024 04:15:58
working dir: C:/Users/kwokt/HLS-Models/Matrix-Multiplication/hls_component
cmd: vitis_hls -nolog -run csim -work_dir C:/Users/kwokt/HLS-Models/Matrix-Multiplication/hls_component/hls_component -config C:/Users/kwokt/HLS-Models/Matrix-Multiplication/hls_component/hls_config.cfg -cmdlineconfig C:/Users/kwokt/HLS-Models/Matrix-Multiplication/hls_component/hls_component/hls/config.cmdline
VITIS-RUN internal step status: success

------------------------------------------
V++ command line :
------------------------------------------
C:/Xilinx/Vitis/2024.1/bin/unwrapped/win64.o/v++.exe -c --mode hls --config C:\Users\kwokt\HLS-Models\Matrix-Multiplication\hls_component\hls_config.cfg --work_dir hls_component 
  Options from -O    : 
  Options from *.ini : 
  Options from Hw Platform : 

==========================================
new:  steps log generated by v++ for new launch 
timestamp: 15 Jul 2024 04:16:28
------------------------------------------
V++ internal step: writing a config file for vitis_hls: C:/Users/kwokt/HLS-Models/Matrix-Multiplication/hls_component/hls_component/hls/config.cmdline
timestamp: 15 Jul 2024 04:16:28
V++ internal step status: success
------------------------------------------
V++ internal step: running vitis_hls
timestamp: 15 Jul 2024 04:16:28
working dir: C:/Users/kwokt/HLS-Models/Matrix-Multiplication/hls_component
cmd: vitis_hls -nolog -run csynth -work_dir C:/Users/kwokt/HLS-Models/Matrix-Multiplication/hls_component/hls_component -config C:/Users/kwokt/HLS-Models/Matrix-Multiplication/hls_component/hls_config.cfg -cmdlineconfig C:/Users/kwokt/HLS-Models/Matrix-Multiplication/hls_component/hls_component/hls/config.cmdline
V++ internal step status: success

------------------------------------------
VITIS-RUN command line :
------------------------------------------
C:/Xilinx/Vitis/2024.1/bin/unwrapped/win64.o/vitis-run.exe --mode hls --cosim --config C:\Users\kwokt\HLS-Models\Matrix-Multiplication\hls_component\hls_config.cfg --work_dir hls_component 
  Options from -O    : 
  Options from *.ini : 
  Options from Hw Platform : 

==========================================
new:  steps log generated by v++ for new launch 
timestamp: 15 Jul 2024 04:17:04
------------------------------------------
VITIS-RUN internal step: writing a config file for vitis_hls: C:/Users/kwokt/HLS-Models/Matrix-Multiplication/hls_component/hls_component/hls/config.cmdline
timestamp: 15 Jul 2024 04:17:04
VITIS-RUN internal step status: success
------------------------------------------
VITIS-RUN internal step: running vitis_hls
timestamp: 15 Jul 2024 04:17:04
working dir: C:/Users/kwokt/HLS-Models/Matrix-Multiplication/hls_component
cmd: vitis_hls -nolog -run cosim -work_dir C:/Users/kwokt/HLS-Models/Matrix-Multiplication/hls_component/hls_component -config C:/Users/kwokt/HLS-Models/Matrix-Multiplication/hls_component/hls_config.cfg -cmdlineconfig C:/Users/kwokt/HLS-Models/Matrix-Multiplication/hls_component/hls_component/hls/config.cmdline
VITIS-RUN internal step status: success

------------------------------------------
VITIS-RUN command line :
------------------------------------------
C:/Xilinx/Vitis/2024.1/bin/unwrapped/win64.o/vitis-run.exe --mode hls --csim --config C:\Users\kwokt\HLS-Models\Matrix-Multiplication\hls_component\hls_config.cfg --work_dir hls_component 
  Options from -O    : 
  Options from *.ini : 
  Options from Hw Platform : 

==========================================
new:  steps log generated by v++ for new launch 
timestamp: 15 Jul 2024 04:25:09
------------------------------------------
VITIS-RUN internal step: writing a config file for vitis_hls: C:/Users/kwokt/HLS-Models/Matrix-Multiplication/hls_component/hls_component/hls/config.cmdline
timestamp: 15 Jul 2024 04:25:09
VITIS-RUN internal step status: success
------------------------------------------
VITIS-RUN internal step: running vitis_hls
timestamp: 15 Jul 2024 04:25:09
working dir: C:/Users/kwokt/HLS-Models/Matrix-Multiplication/hls_component
cmd: vitis_hls -nolog -run csim -work_dir C:/Users/kwokt/HLS-Models/Matrix-Multiplication/hls_component/hls_component -config C:/Users/kwokt/HLS-Models/Matrix-Multiplication/hls_component/hls_config.cfg -cmdlineconfig C:/Users/kwokt/HLS-Models/Matrix-Multiplication/hls_component/hls_component/hls/config.cmdline
VITIS-RUN internal step status: success

------------------------------------------
V++ command line :
------------------------------------------
C:/Xilinx/Vitis/2024.1/bin/unwrapped/win64.o/v++.exe -c --mode hls --config C:\Users\kwokt\HLS-Models\Matrix-Multiplication\hls_component\hls_config.cfg --work_dir hls_component 
  Options from -O    : 
  Options from *.ini : 
  Options from Hw Platform : 

==========================================
new:  steps log generated by v++ for new launch 
timestamp: 15 Jul 2024 04:25:44
------------------------------------------
V++ internal step: writing a config file for vitis_hls: C:/Users/kwokt/HLS-Models/Matrix-Multiplication/hls_component/hls_component/hls/config.cmdline
timestamp: 15 Jul 2024 04:25:44
V++ internal step status: success
------------------------------------------
V++ internal step: running vitis_hls
timestamp: 15 Jul 2024 04:25:44
working dir: C:/Users/kwokt/HLS-Models/Matrix-Multiplication/hls_component
cmd: vitis_hls -nolog -run csynth -work_dir C:/Users/kwokt/HLS-Models/Matrix-Multiplication/hls_component/hls_component -config C:/Users/kwokt/HLS-Models/Matrix-Multiplication/hls_component/hls_config.cfg -cmdlineconfig C:/Users/kwokt/HLS-Models/Matrix-Multiplication/hls_component/hls_component/hls/config.cmdline
V++ internal step status: success

------------------------------------------
VITIS-RUN command line :
------------------------------------------
C:/Xilinx/Vitis/2024.1/bin/unwrapped/win64.o/vitis-run.exe --mode hls --cosim --config C:\Users\kwokt\HLS-Models\Matrix-Multiplication\hls_component\hls_config.cfg --work_dir hls_component 
  Options from -O    : 
  Options from *.ini : 
  Options from Hw Platform : 

==========================================
new:  steps log generated by v++ for new launch 
timestamp: 15 Jul 2024 04:26:50
------------------------------------------
VITIS-RUN internal step: writing a config file for vitis_hls: C:/Users/kwokt/HLS-Models/Matrix-Multiplication/hls_component/hls_component/hls/config.cmdline
timestamp: 15 Jul 2024 04:26:50
VITIS-RUN internal step status: success
------------------------------------------
VITIS-RUN internal step: running vitis_hls
timestamp: 15 Jul 2024 04:26:50
working dir: C:/Users/kwokt/HLS-Models/Matrix-Multiplication/hls_component
cmd: vitis_hls -nolog -run cosim -work_dir C:/Users/kwokt/HLS-Models/Matrix-Multiplication/hls_component/hls_component -config C:/Users/kwokt/HLS-Models/Matrix-Multiplication/hls_component/hls_config.cfg -cmdlineconfig C:/Users/kwokt/HLS-Models/Matrix-Multiplication/hls_component/hls_component/hls/config.cmdline
VITIS-RUN internal step status: success
