INFO: [vitis-run 60-1548] Creating build summary session with primary output C:/Users/kwokt/HLS-Models/Matrix-Multiplication/hls_component/hls_component\hls_component.hlsrun_csim_summary, at 07/15/24 04:10:03
INFO: [vitis-run 82-31] Launching vitis_hls: vitis_hls -nolog -run csim -work_dir C:/Users/kwokt/HLS-Models/Matrix-Multiplication/hls_component/hls_component -config C:/Users/kwokt/HLS-Models/Matrix-Multiplication/hls_component/hls_config.cfg -cmdlineconfig C:/Users/kwokt/HLS-Models/Matrix-Multiplication/hls_component/hls_component/hls/config.cmdline

****** Vitis HLS - High-Level Synthesis from C, C++ and OpenCL v2024.1 (64-bit)
  **** SW Build 5069499 on May 21 2024
  **** IP Build 5075265 on Wed May 22 21:45:21 MDT 2024
  **** SharedData Build 5076995 on Wed May 22 18:29:18 MDT 2024
  **** Start of session at: Mon Jul 15 04:10:05 2024
    ** Copyright 1986-2022 Xilinx, Inc. All Rights Reserved.
    ** Copyright 2022-2024 Advanced Micro Devices, Inc. All Rights Reserved.

source C:/Xilinx/Vitis_HLS/2024.1/scripts/vitis_hls/hls.tcl -notrace
INFO: [HLS 200-10] For user 'kwokt' on host 'billy' (Windows NT_amd64 version 10.0) on Mon Jul 15 04:10:07 -0400 2024
INFO: [HLS 200-10] In directory 'C:/Users/kwokt/HLS-Models/Matrix-Multiplication/hls_component'
INFO: [HLS 200-2005] Using work_dir C:/Users/kwokt/HLS-Models/Matrix-Multiplication/hls_component/hls_component 
INFO: [HLS 200-1505] Using default flow_target 'vivado'
Resolution: For help on HLS 200-1505 see docs.xilinx.com/access/sources/dita/topic?Doc_Version=2024.1%20English&url=ug1448-hls-guidance&resourceid=200-1505.html
INFO: [HLS 200-1465] Applying ini 'syn.file=C:/Users/kwokt/HLS-Models/Matrix-Multiplication/mat_mult.cpp' from C:/Users/kwokt/HLS-Models/Matrix-Multiplication/hls_component/hls_config.cfg(8)
INFO: [HLS 200-10] Adding design file 'C:/Users/kwokt/HLS-Models/Matrix-Multiplication/mat_mult.cpp' to the project
INFO: [HLS 200-1465] Applying ini 'syn.file=C:/Users/kwokt/HLS-Models/Matrix-Multiplication/mat_mult.hpp' from C:/Users/kwokt/HLS-Models/Matrix-Multiplication/hls_component/hls_config.cfg(9)
INFO: [HLS 200-10] Adding design file 'C:/Users/kwokt/HLS-Models/Matrix-Multiplication/mat_mult.hpp' to the project
INFO: [HLS 200-1465] Applying ini 'tb.file=C:/Users/kwokt/HLS-Models/Matrix-Multiplication/tb_mat_mult.cpp' from C:/Users/kwokt/HLS-Models/Matrix-Multiplication/hls_component/hls_config.cfg(7)
INFO: [HLS 200-10] Adding test bench file 'C:/Users/kwokt/HLS-Models/Matrix-Multiplication/tb_mat_mult.cpp' to the project
INFO: [HLS 200-1465] Applying ini 'syn.top=matrix_multiply' from C:/Users/kwokt/HLS-Models/Matrix-Multiplication/hls_component/hls_config.cfg(10)
INFO: [HLS 200-1465] Applying ini 'flow_target=vivado' from C:/Users/kwokt/HLS-Models/Matrix-Multiplication/hls_component/hls_config.cfg(4)
INFO: [HLS 200-1505] Using flow_target 'vivado'
Resolution: For help on HLS 200-1505 see docs.xilinx.com/access/sources/dita/topic?Doc_Version=2024.1%20English&url=ug1448-hls-guidance&resourceid=200-1505.html
INFO: [HLS 200-1465] Applying ini 'part=xcvu9p-flga2104-2-i' from C:/Users/kwokt/HLS-Models/Matrix-Multiplication/hls_component/hls_config.cfg(1)
INFO: [HLS 200-1611] Setting target device to 'xcvu9p-flga2104-2-i'
INFO: [HLS 200-1465] Applying ini 'csim.code_analyzer=1' from C:/Users/kwokt/HLS-Models/Matrix-Multiplication/hls_component/hls_config.cfg(11)
INFO: [HLS 200-1465] Applying ini 'package.output.format=ip_catalog' from C:/Users/kwokt/HLS-Models/Matrix-Multiplication/hls_component/hls_config.cfg(5)
INFO: [SIM 211-200] Executing Code Analyzer instead of classic HLS C simulation
INFO: [SIM 211-200] Compiling source code ../tb_mat_mult.cpp as test bench code with instrumentation
INFO: [SIM 211-200] Linking executable
INFO: [SIM 211-200] Determining source code dependencies
INFO: [SIM 211-200] Generating static call graph
INFO: [SIM 211-200] Analyzing Interfaces
INFO: [SIM 211-200] Running executable
Matrix A:
1 1 1 
2 2 2 
3 3 3 

Matrix B:
1 2 3 
2 4 6 
3 6 9 

Matrix C (Result):
Matrix C:
6 12 18 
12 24 36 
18 36 54 

INFO: [SIM 211-200] Analyzing trace data
INFO: [SIM 211-208] Running Code Analyzer
INFO: [SIM 211-210] Code Analyzer finished
INFO: [HLS 200-112] Total CPU user time: 2 seconds. Total CPU system time: 1 seconds. Total elapsed time: 10.468 seconds; peak allocated memory: 230.062 MB.
INFO: [vitis-run 60-791] Total elapsed time: 0h 0m 15s
