06/14/24 23:50:22: Running xcd server. This server was NOT built by gradle, but presumably rdi.
06/14/24 23:50:22: Server was asked to start on port: '62737'
06/14/24 23:50:22: Server is using token UUID: 'cc67763e-927f-4023-aa21-a858eef32dae'
06/14/24 23:50:22: SESSION_MGR: creating session with session uuid: '6d04a3e9-ade5-4ab9-8d63-1f78fcd2ec76' and name 'default'
06/14/24 23:50:22: Attempting to start server on port '62737'
06/14/24 23:50:22: Running Dispatch Server
06/14/24 23:50:22: Version 2.2.0
06/14/24 23:50:23: Dispatch Server: Accepted socket connection from client
06/14/24 23:50:23: Starting Socket connection
06/14/24 23:50:23: EXCHANGE_TOKEN received, server token: cc67763e-927f-4023-aa21-a858eef32dae, passed token: cc67763e-927f-4023-aa21-a858eef32dae
06/14/24 23:50:23: DISPATCH_HANDLER: Adding handler from function makeHandler in library librdi_system_diagram failed with exception: Could not dynamically load librdi_system_diagram.dll
06/14/24 23:50:23: SESSION_MGR: creating session with session uuid: '6cc03a20-a82a-4b45-93e4-09d89d9c7a8d' and name 'vitis-run_compile_hls_component'
06/14/24 23:50:23: KERNEL_SVC: creating session with uuid: '6cc03a20-a82a-4b45-93e4-09d89d9c7a8d' and name 'vitis-run_compile_hls_component'
06/14/24 23:50:23: GUIDANCE_SMGR: creating guidance session with uuid: '6cc03a20-a82a-4b45-93e4-09d89d9c7a8d' and name 'vitis-run_compile_hls_component'
06/14/24 23:50:30: Dispatch Server: Accepted socket connection from client
06/14/24 23:50:30: Starting Socket connection
06/14/24 23:50:38: SESSION_MGR: closing session for UUID '6cc03a20-a82a-4b45-93e4-09d89d9c7a8d' with name 'vitis-run_compile_hls_component'
06/14/24 23:50:38: KERNEL_SVC: closing session for UUID '6cc03a20-a82a-4b45-93e4-09d89d9c7a8d' with name 'vitis-run_compile_hls_component'
06/14/24 23:50:38: GUIDANCE_SMGR: closing session for UUID '6cc03a20-a82a-4b45-93e4-09d89d9c7a8d' with name 'vitis-run_compile_hls_component'
06/14/24 23:50:38: STOP_SERVER received, server token: cc67763e-927f-4023-aa21-a858eef32dae, passed token: cc67763e-927f-4023-aa21-a858eef32dae
06/14/24 23:50:38: Socket received request to stop server.
06/14/24 23:50:38: Dispatch Server: do_await_stop
06/14/24 23:50:38: SERVER: destructor for server bound to port 62737
06/14/24 23:50:38: Server exiting with status 0.
06/14/24 23:50:38: Closing log file.
06/15/24 00:03:01: Running xcd server. This server was NOT built by gradle, but presumably rdi.
06/15/24 00:03:01: Server was asked to start on port: '62827'
06/15/24 00:03:01: Server is using token UUID: '0b807e85-52f2-4fbd-8b5c-a2af4eeb988d'
06/15/24 00:03:01: SESSION_MGR: creating session with session uuid: '6d04a3e9-ade5-4ab9-8d63-1f78fcd2ec76' and name 'default'
06/15/24 00:03:01: Attempting to start server on port '62827'
06/15/24 00:03:01: Running Dispatch Server
06/15/24 00:03:01: Version 2.2.0
06/15/24 00:03:03: Dispatch Server: Accepted socket connection from client
06/15/24 00:03:03: Starting Socket connection
06/15/24 00:03:03: EXCHANGE_TOKEN received, server token: 0b807e85-52f2-4fbd-8b5c-a2af4eeb988d, passed token: 0b807e85-52f2-4fbd-8b5c-a2af4eeb988d
06/15/24 00:03:03: DISPATCH_HANDLER: Adding handler from function makeHandler in library librdi_system_diagram failed with exception: Could not dynamically load librdi_system_diagram.dll
06/15/24 00:03:03: SESSION_MGR: creating session with session uuid: '0f8861e9-89d3-42f2-a204-7063d86ef234' and name 'vitis-run_compile_hls_component'
06/15/24 00:03:03: KERNEL_SVC: creating session with uuid: '0f8861e9-89d3-42f2-a204-7063d86ef234' and name 'vitis-run_compile_hls_component'
06/15/24 00:03:03: GUIDANCE_SMGR: creating guidance session with uuid: '0f8861e9-89d3-42f2-a204-7063d86ef234' and name 'vitis-run_compile_hls_component'
06/15/24 00:03:09: Dispatch Server: Accepted socket connection from client
06/15/24 00:03:09: Starting Socket connection
06/15/24 00:06:01: SESSION_MGR: closing session for UUID '0f8861e9-89d3-42f2-a204-7063d86ef234' with name 'vitis-run_compile_hls_component'
06/15/24 00:06:01: KERNEL_SVC: closing session for UUID '0f8861e9-89d3-42f2-a204-7063d86ef234' with name 'vitis-run_compile_hls_component'
06/15/24 00:06:01: GUIDANCE_SMGR: closing session for UUID '0f8861e9-89d3-42f2-a204-7063d86ef234' with name 'vitis-run_compile_hls_component'
06/15/24 00:06:01: STOP_SERVER received, server token: 0b807e85-52f2-4fbd-8b5c-a2af4eeb988d, passed token: 0b807e85-52f2-4fbd-8b5c-a2af4eeb988d
06/15/24 00:06:01: Socket received request to stop server.
06/15/24 00:06:01: Dispatch Server: do_await_stop
06/15/24 00:06:01: SERVER: destructor for server bound to port 62827
06/15/24 00:06:01: Server exiting with status 0.
06/15/24 00:06:01: Closing log file.
06/15/24 00:07:52: Running xcd server. This server was NOT built by gradle, but presumably rdi.
06/15/24 00:07:52: Server was asked to start on port: '62887'
06/15/24 00:07:52: Server is using token UUID: '44c46270-2157-474e-8b6f-9ebf6d397794'
06/15/24 00:07:52: SESSION_MGR: creating session with session uuid: '6d04a3e9-ade5-4ab9-8d63-1f78fcd2ec76' and name 'default'
06/15/24 00:07:52: Attempting to start server on port '62887'
06/15/24 00:07:52: Running Dispatch Server
06/15/24 00:07:52: Version 2.2.0
06/15/24 00:07:53: Dispatch Server: Accepted socket connection from client
06/15/24 00:07:53: Starting Socket connection
06/15/24 00:07:53: EXCHANGE_TOKEN received, server token: 44c46270-2157-474e-8b6f-9ebf6d397794, passed token: 44c46270-2157-474e-8b6f-9ebf6d397794
06/15/24 00:07:53: DISPATCH_HANDLER: Adding handler from function makeHandler in library librdi_system_diagram failed with exception: Could not dynamically load librdi_system_diagram.dll
06/15/24 00:07:53: SESSION_MGR: creating session with session uuid: 'bf1e8bbf-78e5-40cf-a502-86201ef24388' and name 'v++_compile_hls_component'
06/15/24 00:07:53: KERNEL_SVC: creating session with uuid: 'bf1e8bbf-78e5-40cf-a502-86201ef24388' and name 'v++_compile_hls_component'
06/15/24 00:07:53: GUIDANCE_SMGR: creating guidance session with uuid: 'bf1e8bbf-78e5-40cf-a502-86201ef24388' and name 'v++_compile_hls_component'
06/15/24 00:07:59: Dispatch Server: Accepted socket connection from client
06/15/24 00:07:59: Starting Socket connection
06/15/24 00:08:41: SESSION_MGR: closing session for UUID 'bf1e8bbf-78e5-40cf-a502-86201ef24388' with name 'v++_compile_hls_component'
06/15/24 00:08:41: KERNEL_SVC: closing session for UUID 'bf1e8bbf-78e5-40cf-a502-86201ef24388' with name 'v++_compile_hls_component'
06/15/24 00:08:41: GUIDANCE_SMGR: closing session for UUID 'bf1e8bbf-78e5-40cf-a502-86201ef24388' with name 'v++_compile_hls_component'
06/15/24 00:08:41: STOP_SERVER received, server token: 44c46270-2157-474e-8b6f-9ebf6d397794, passed token: 44c46270-2157-474e-8b6f-9ebf6d397794
06/15/24 00:08:41: Socket received request to stop server.
06/15/24 00:08:41: Dispatch Server: do_await_stop
06/15/24 00:08:41: SERVER: destructor for server bound to port 62887
06/15/24 00:08:41: Server exiting with status 0.
06/15/24 00:08:41: Closing log file.
06/15/24 00:09:01: Running xcd server. This server was NOT built by gradle, but presumably rdi.
06/15/24 00:09:01: Server was asked to start on port: '62896'
06/15/24 00:09:01: Server is using token UUID: '47f10ec0-c725-4d32-9b09-3f3864f6f2cd'
06/15/24 00:09:01: SESSION_MGR: creating session with session uuid: '6d04a3e9-ade5-4ab9-8d63-1f78fcd2ec76' and name 'default'
06/15/24 00:09:01: Attempting to start server on port '62896'
06/15/24 00:09:01: Running Dispatch Server
06/15/24 00:09:01: Version 2.2.0
06/15/24 00:09:03: Dispatch Server: Accepted socket connection from client
06/15/24 00:09:03: Starting Socket connection
06/15/24 00:09:03: EXCHANGE_TOKEN received, server token: 47f10ec0-c725-4d32-9b09-3f3864f6f2cd, passed token: 47f10ec0-c725-4d32-9b09-3f3864f6f2cd
06/15/24 00:09:03: DISPATCH_HANDLER: Adding handler from function makeHandler in library librdi_system_diagram failed with exception: Could not dynamically load librdi_system_diagram.dll
06/15/24 00:09:03: SESSION_MGR: creating session with session uuid: '57408e10-112d-4ccb-8bb6-0e1bbd88cca5' and name 'vitis-run_compile_hls_component'
06/15/24 00:09:03: KERNEL_SVC: creating session with uuid: '57408e10-112d-4ccb-8bb6-0e1bbd88cca5' and name 'vitis-run_compile_hls_component'
06/15/24 00:09:03: GUIDANCE_SMGR: creating guidance session with uuid: '57408e10-112d-4ccb-8bb6-0e1bbd88cca5' and name 'vitis-run_compile_hls_component'
06/15/24 00:09:09: Dispatch Server: Accepted socket connection from client
06/15/24 00:09:09: Starting Socket connection
06/15/24 00:15:12: SESSION_MGR: closing session for UUID '57408e10-112d-4ccb-8bb6-0e1bbd88cca5' with name 'vitis-run_compile_hls_component'
06/15/24 00:15:12: KERNEL_SVC: closing session for UUID '57408e10-112d-4ccb-8bb6-0e1bbd88cca5' with name 'vitis-run_compile_hls_component'
06/15/24 00:15:12: GUIDANCE_SMGR: closing session for UUID '57408e10-112d-4ccb-8bb6-0e1bbd88cca5' with name 'vitis-run_compile_hls_component'
06/15/24 00:15:12: STOP_SERVER received, server token: 47f10ec0-c725-4d32-9b09-3f3864f6f2cd, passed token: 47f10ec0-c725-4d32-9b09-3f3864f6f2cd
06/15/24 00:15:12: Socket received request to stop server.
06/15/24 00:15:12: Dispatch Server: do_await_stop
06/15/24 00:15:12: SERVER: destructor for server bound to port 62896
06/15/24 00:15:12: Server exiting with status 0.
06/15/24 00:15:12: Closing log file.
06/17/24 08:11:36: Running xcd server. This server was NOT built by gradle, but presumably rdi.
06/17/24 08:11:36: Server was asked to start on port: '49983'
06/17/24 08:11:36: Server is using token UUID: '1e494b7b-91d0-487b-afa2-5cdf7cd85688'
06/17/24 08:11:36: SESSION_MGR: creating session with session uuid: '6d04a3e9-ade5-4ab9-8d63-1f78fcd2ec76' and name 'default'
06/17/24 08:11:36: Attempting to start server on port '49983'
06/17/24 08:11:36: Running Dispatch Server
06/17/24 08:11:36: Version 2.2.0
06/17/24 08:11:37: Dispatch Server: Accepted socket connection from client
06/17/24 08:11:37: Starting Socket connection
06/17/24 08:11:37: EXCHANGE_TOKEN received, server token: 1e494b7b-91d0-487b-afa2-5cdf7cd85688, passed token: 1e494b7b-91d0-487b-afa2-5cdf7cd85688
06/17/24 08:11:37: DISPATCH_HANDLER: Adding handler from function makeHandler in library librdi_system_diagram failed with exception: Could not dynamically load librdi_system_diagram.dll
06/17/24 08:11:37: SESSION_MGR: creating session with session uuid: 'd42d7673-c903-4615-b131-b21bb86259bb' and name 'vitis-run_compile_hls_component'
06/17/24 08:11:37: KERNEL_SVC: creating session with uuid: 'd42d7673-c903-4615-b131-b21bb86259bb' and name 'vitis-run_compile_hls_component'
06/17/24 08:11:37: GUIDANCE_SMGR: creating guidance session with uuid: 'd42d7673-c903-4615-b131-b21bb86259bb' and name 'vitis-run_compile_hls_component'
06/17/24 08:11:43: Dispatch Server: Accepted socket connection from client
06/17/24 08:11:43: Starting Socket connection
06/17/24 08:12:00: SESSION_MGR: closing session for UUID 'd42d7673-c903-4615-b131-b21bb86259bb' with name 'vitis-run_compile_hls_component'
06/17/24 08:12:00: KERNEL_SVC: closing session for UUID 'd42d7673-c903-4615-b131-b21bb86259bb' with name 'vitis-run_compile_hls_component'
06/17/24 08:12:00: GUIDANCE_SMGR: closing session for UUID 'd42d7673-c903-4615-b131-b21bb86259bb' with name 'vitis-run_compile_hls_component'
06/17/24 08:12:00: STOP_SERVER received, server token: 1e494b7b-91d0-487b-afa2-5cdf7cd85688, passed token: 1e494b7b-91d0-487b-afa2-5cdf7cd85688
06/17/24 08:12:00: Socket received request to stop server.
06/17/24 08:12:00: Dispatch Server: do_await_stop
06/17/24 08:12:00: SERVER: destructor for server bound to port 49983
06/17/24 08:12:00: Server exiting with status 0.
06/17/24 08:12:00: Closing log file.
06/17/24 08:12:07: Running xcd server. This server was NOT built by gradle, but presumably rdi.
06/17/24 08:12:07: Server was asked to start on port: '49991'
06/17/24 08:12:07: Server is using token UUID: '267755aa-b101-41b5-88f1-77a725fbcccb'
06/17/24 08:12:07: SESSION_MGR: creating session with session uuid: '6d04a3e9-ade5-4ab9-8d63-1f78fcd2ec76' and name 'default'
06/17/24 08:12:07: Attempting to start server on port '49991'
06/17/24 08:12:07: Running Dispatch Server
06/17/24 08:12:07: Version 2.2.0
06/17/24 08:12:09: Dispatch Server: Accepted socket connection from client
06/17/24 08:12:09: Starting Socket connection
06/17/24 08:12:09: EXCHANGE_TOKEN received, server token: 267755aa-b101-41b5-88f1-77a725fbcccb, passed token: 267755aa-b101-41b5-88f1-77a725fbcccb
06/17/24 08:12:09: DISPATCH_HANDLER: Adding handler from function makeHandler in library librdi_system_diagram failed with exception: Could not dynamically load librdi_system_diagram.dll
06/17/24 08:12:09: SESSION_MGR: creating session with session uuid: '24b8c481-df42-4411-963a-4ecb5cf41a03' and name 'v++_compile_hls_component'
06/17/24 08:12:09: KERNEL_SVC: creating session with uuid: '24b8c481-df42-4411-963a-4ecb5cf41a03' and name 'v++_compile_hls_component'
06/17/24 08:12:09: GUIDANCE_SMGR: creating guidance session with uuid: '24b8c481-df42-4411-963a-4ecb5cf41a03' and name 'v++_compile_hls_component'
06/17/24 08:12:14: Dispatch Server: Accepted socket connection from client
06/17/24 08:12:14: Starting Socket connection
06/17/24 08:13:00: SESSION_MGR: closing session for UUID '24b8c481-df42-4411-963a-4ecb5cf41a03' with name 'v++_compile_hls_component'
06/17/24 08:13:00: KERNEL_SVC: closing session for UUID '24b8c481-df42-4411-963a-4ecb5cf41a03' with name 'v++_compile_hls_component'
06/17/24 08:13:00: GUIDANCE_SMGR: closing session for UUID '24b8c481-df42-4411-963a-4ecb5cf41a03' with name 'v++_compile_hls_component'
06/17/24 08:13:00: STOP_SERVER received, server token: 267755aa-b101-41b5-88f1-77a725fbcccb, passed token: 267755aa-b101-41b5-88f1-77a725fbcccb
06/17/24 08:13:00: Socket received request to stop server.
06/17/24 08:13:00: Dispatch Server: do_await_stop
06/17/24 08:13:00: SERVER: destructor for server bound to port 49991
06/17/24 08:13:00: Server exiting with status 0.
06/17/24 08:13:00: Closing log file.
06/17/24 08:13:10: Running xcd server. This server was NOT built by gradle, but presumably rdi.
06/17/24 08:13:10: Server was asked to start on port: '50009'
06/17/24 08:13:10: Server is using token UUID: 'e9ff2cb4-265d-4d0b-a344-573771a1ba4e'
06/17/24 08:13:10: SESSION_MGR: creating session with session uuid: '6d04a3e9-ade5-4ab9-8d63-1f78fcd2ec76' and name 'default'
06/17/24 08:13:10: Attempting to start server on port '50009'
06/17/24 08:13:10: Running Dispatch Server
06/17/24 08:13:10: Version 2.2.0
06/17/24 08:13:12: Dispatch Server: Accepted socket connection from client
06/17/24 08:13:12: Starting Socket connection
06/17/24 08:13:12: EXCHANGE_TOKEN received, server token: e9ff2cb4-265d-4d0b-a344-573771a1ba4e, passed token: e9ff2cb4-265d-4d0b-a344-573771a1ba4e
06/17/24 08:13:12: DISPATCH_HANDLER: Adding handler from function makeHandler in library librdi_system_diagram failed with exception: Could not dynamically load librdi_system_diagram.dll
06/17/24 08:13:12: SESSION_MGR: creating session with session uuid: '7ebb2217-a3b0-47de-9fb7-f3add88728bc' and name 'vitis-run_compile_hls_component'
06/17/24 08:13:12: KERNEL_SVC: creating session with uuid: '7ebb2217-a3b0-47de-9fb7-f3add88728bc' and name 'vitis-run_compile_hls_component'
06/17/24 08:13:12: GUIDANCE_SMGR: creating guidance session with uuid: '7ebb2217-a3b0-47de-9fb7-f3add88728bc' and name 'vitis-run_compile_hls_component'
06/17/24 08:13:18: Dispatch Server: Accepted socket connection from client
06/17/24 08:13:18: Starting Socket connection
06/17/24 08:17:51: SESSION_MGR: closing session for UUID '7ebb2217-a3b0-47de-9fb7-f3add88728bc' with name 'vitis-run_compile_hls_component'
06/17/24 08:17:51: KERNEL_SVC: closing session for UUID '7ebb2217-a3b0-47de-9fb7-f3add88728bc' with name 'vitis-run_compile_hls_component'
06/17/24 08:17:51: GUIDANCE_SMGR: closing session for UUID '7ebb2217-a3b0-47de-9fb7-f3add88728bc' with name 'vitis-run_compile_hls_component'
06/17/24 08:17:51: STOP_SERVER received, server token: e9ff2cb4-265d-4d0b-a344-573771a1ba4e, passed token: e9ff2cb4-265d-4d0b-a344-573771a1ba4e
06/17/24 08:17:51: Socket received request to stop server.
06/17/24 08:17:51: Dispatch Server: do_await_stop
06/17/24 08:17:51: SERVER: destructor for server bound to port 50009
06/17/24 08:17:51: Server exiting with status 0.
06/17/24 08:17:51: Closing log file.
06/17/24 10:39:48: Running xcd server. This server was NOT built by gradle, but presumably rdi.
06/17/24 10:39:48: Server was asked to start on port: '53821'
06/17/24 10:39:48: Server is using token UUID: 'a62180e5-5f8d-469a-b48b-6b703b76ac14'
06/17/24 10:39:48: SESSION_MGR: creating session with session uuid: '6d04a3e9-ade5-4ab9-8d63-1f78fcd2ec76' and name 'default'
06/17/24 10:39:48: Attempting to start server on port '53821'
06/17/24 10:39:48: Running Dispatch Server
06/17/24 10:39:48: Version 2.2.0
06/17/24 10:39:49: Dispatch Server: Accepted socket connection from client
06/17/24 10:39:49: Starting Socket connection
06/17/24 10:39:49: EXCHANGE_TOKEN received, server token: a62180e5-5f8d-469a-b48b-6b703b76ac14, passed token: a62180e5-5f8d-469a-b48b-6b703b76ac14
06/17/24 10:39:49: DISPATCH_HANDLER: Adding handler from function makeHandler in library librdi_system_diagram failed with exception: Could not dynamically load librdi_system_diagram.dll
06/17/24 10:39:49: SESSION_MGR: creating session with session uuid: 'b9685e95-6ba8-4058-9343-29133262da08' and name 'vitis-run_compile_hls_component'
06/17/24 10:39:49: KERNEL_SVC: creating session with uuid: 'b9685e95-6ba8-4058-9343-29133262da08' and name 'vitis-run_compile_hls_component'
06/17/24 10:39:49: GUIDANCE_SMGR: creating guidance session with uuid: 'b9685e95-6ba8-4058-9343-29133262da08' and name 'vitis-run_compile_hls_component'
06/17/24 10:39:59: Dispatch Server: Accepted socket connection from client
06/17/24 10:39:59: Starting Socket connection
06/17/24 10:42:49: SESSION_MGR: closing session for UUID 'b9685e95-6ba8-4058-9343-29133262da08' with name 'vitis-run_compile_hls_component'
06/17/24 10:42:49: KERNEL_SVC: closing session for UUID 'b9685e95-6ba8-4058-9343-29133262da08' with name 'vitis-run_compile_hls_component'
06/17/24 10:42:49: GUIDANCE_SMGR: closing session for UUID 'b9685e95-6ba8-4058-9343-29133262da08' with name 'vitis-run_compile_hls_component'
06/17/24 10:42:49: STOP_SERVER received, server token: a62180e5-5f8d-469a-b48b-6b703b76ac14, passed token: a62180e5-5f8d-469a-b48b-6b703b76ac14
06/17/24 10:42:49: Socket received request to stop server.
06/17/24 10:42:49: Dispatch Server: do_await_stop
06/17/24 10:42:49: SERVER: destructor for server bound to port 53821
06/17/24 10:42:49: Server exiting with status 0.
06/17/24 10:42:49: Closing log file.
06/17/24 10:45:42: Running xcd server. This server was NOT built by gradle, but presumably rdi.
06/17/24 10:45:42: Server was asked to start on port: '53861'
06/17/24 10:45:42: Server is using token UUID: '76a6b6a0-00ce-447a-82d8-2dfee266bdfe'
06/17/24 10:45:42: SESSION_MGR: creating session with session uuid: '6d04a3e9-ade5-4ab9-8d63-1f78fcd2ec76' and name 'default'
06/17/24 10:45:42: Attempting to start server on port '53861'
06/17/24 10:45:42: Running Dispatch Server
06/17/24 10:45:42: Version 2.2.0
06/17/24 10:45:43: Dispatch Server: Accepted socket connection from client
06/17/24 10:45:43: Starting Socket connection
06/17/24 10:45:43: EXCHANGE_TOKEN received, server token: 76a6b6a0-00ce-447a-82d8-2dfee266bdfe, passed token: 76a6b6a0-00ce-447a-82d8-2dfee266bdfe
06/17/24 10:45:43: DISPATCH_HANDLER: Adding handler from function makeHandler in library librdi_system_diagram failed with exception: Could not dynamically load librdi_system_diagram.dll
06/17/24 10:45:43: SESSION_MGR: creating session with session uuid: '487b97f7-fcb1-4c79-a149-01d4ac01f1aa' and name 'vitis-run_compile_hls_component'
06/17/24 10:45:43: KERNEL_SVC: creating session with uuid: '487b97f7-fcb1-4c79-a149-01d4ac01f1aa' and name 'vitis-run_compile_hls_component'
06/17/24 10:45:43: GUIDANCE_SMGR: creating guidance session with uuid: '487b97f7-fcb1-4c79-a149-01d4ac01f1aa' and name 'vitis-run_compile_hls_component'
06/17/24 10:45:49: Dispatch Server: Accepted socket connection from client
06/17/24 10:45:49: Starting Socket connection
06/17/24 10:45:52: SESSION_MGR: closing session for UUID '487b97f7-fcb1-4c79-a149-01d4ac01f1aa' with name 'vitis-run_compile_hls_component'
06/17/24 10:45:52: KERNEL_SVC: closing session for UUID '487b97f7-fcb1-4c79-a149-01d4ac01f1aa' with name 'vitis-run_compile_hls_component'
06/17/24 10:45:52: GUIDANCE_SMGR: closing session for UUID '487b97f7-fcb1-4c79-a149-01d4ac01f1aa' with name 'vitis-run_compile_hls_component'
06/17/24 10:45:52: STOP_SERVER received, server token: 76a6b6a0-00ce-447a-82d8-2dfee266bdfe, passed token: 76a6b6a0-00ce-447a-82d8-2dfee266bdfe
06/17/24 10:45:52: Socket received request to stop server.
06/17/24 10:45:52: Dispatch Server: do_await_stop
06/17/24 10:45:52: SERVER: destructor for server bound to port 53861
06/17/24 10:45:52: Server exiting with status 0.
06/17/24 10:45:52: Closing log file.
06/17/24 10:47:23: Running xcd server. This server was NOT built by gradle, but presumably rdi.
06/17/24 10:47:23: Server was asked to start on port: '53877'
06/17/24 10:47:23: Server is using token UUID: 'b4c51107-4c56-4a6d-9644-5dda37882d23'
06/17/24 10:47:23: SESSION_MGR: creating session with session uuid: '6d04a3e9-ade5-4ab9-8d63-1f78fcd2ec76' and name 'default'
06/17/24 10:47:23: Attempting to start server on port '53877'
06/17/24 10:47:23: Running Dispatch Server
06/17/24 10:47:23: Version 2.2.0
06/17/24 10:47:25: Dispatch Server: Accepted socket connection from client
06/17/24 10:47:25: Starting Socket connection
06/17/24 10:47:25: EXCHANGE_TOKEN received, server token: b4c51107-4c56-4a6d-9644-5dda37882d23, passed token: b4c51107-4c56-4a6d-9644-5dda37882d23
06/17/24 10:47:25: DISPATCH_HANDLER: Adding handler from function makeHandler in library librdi_system_diagram failed with exception: Could not dynamically load librdi_system_diagram.dll
06/17/24 10:47:25: SESSION_MGR: creating session with session uuid: 'e0284395-617a-4bf5-90bf-f7c05d03011a' and name 'vitis-run_compile_hls_component'
06/17/24 10:47:25: KERNEL_SVC: creating session with uuid: 'e0284395-617a-4bf5-90bf-f7c05d03011a' and name 'vitis-run_compile_hls_component'
06/17/24 10:47:25: GUIDANCE_SMGR: creating guidance session with uuid: 'e0284395-617a-4bf5-90bf-f7c05d03011a' and name 'vitis-run_compile_hls_component'
06/17/24 10:47:31: Dispatch Server: Accepted socket connection from client
06/17/24 10:47:31: Starting Socket connection
06/17/24 10:47:43: SESSION_MGR: closing session for UUID 'e0284395-617a-4bf5-90bf-f7c05d03011a' with name 'vitis-run_compile_hls_component'
06/17/24 10:47:43: KERNEL_SVC: closing session for UUID 'e0284395-617a-4bf5-90bf-f7c05d03011a' with name 'vitis-run_compile_hls_component'
06/17/24 10:47:43: GUIDANCE_SMGR: closing session for UUID 'e0284395-617a-4bf5-90bf-f7c05d03011a' with name 'vitis-run_compile_hls_component'
06/17/24 10:47:43: STOP_SERVER received, server token: b4c51107-4c56-4a6d-9644-5dda37882d23, passed token: b4c51107-4c56-4a6d-9644-5dda37882d23
06/17/24 10:47:43: Socket received request to stop server.
06/17/24 10:47:43: Dispatch Server: do_await_stop
06/17/24 10:47:43: SERVER: destructor for server bound to port 53877
06/17/24 10:47:43: Server exiting with status 0.
06/17/24 10:47:43: Closing log file.
06/17/24 10:49:19: Running xcd server. This server was NOT built by gradle, but presumably rdi.
06/17/24 10:49:19: Server was asked to start on port: '53893'
06/17/24 10:49:19: Server is using token UUID: '18163372-3f27-4e11-9fab-a50cfaebb1de'
06/17/24 10:49:19: SESSION_MGR: creating session with session uuid: '6d04a3e9-ade5-4ab9-8d63-1f78fcd2ec76' and name 'default'
06/17/24 10:49:19: Attempting to start server on port '53893'
06/17/24 10:49:19: Running Dispatch Server
06/17/24 10:49:19: Version 2.2.0
06/17/24 10:49:21: Dispatch Server: Accepted socket connection from client
06/17/24 10:49:21: Starting Socket connection
06/17/24 10:49:21: EXCHANGE_TOKEN received, server token: 18163372-3f27-4e11-9fab-a50cfaebb1de, passed token: 18163372-3f27-4e11-9fab-a50cfaebb1de
06/17/24 10:49:21: DISPATCH_HANDLER: Adding handler from function makeHandler in library librdi_system_diagram failed with exception: Could not dynamically load librdi_system_diagram.dll
06/17/24 10:49:21: SESSION_MGR: creating session with session uuid: '405448e2-d34a-4bda-87f5-8412ecf17a71' and name 'v++_compile_hls_component'
06/17/24 10:49:21: KERNEL_SVC: creating session with uuid: '405448e2-d34a-4bda-87f5-8412ecf17a71' and name 'v++_compile_hls_component'
06/17/24 10:49:21: GUIDANCE_SMGR: creating guidance session with uuid: '405448e2-d34a-4bda-87f5-8412ecf17a71' and name 'v++_compile_hls_component'
06/17/24 10:49:26: Dispatch Server: Accepted socket connection from client
06/17/24 10:49:26: Starting Socket connection
06/17/24 10:50:15: SESSION_MGR: closing session for UUID '405448e2-d34a-4bda-87f5-8412ecf17a71' with name 'v++_compile_hls_component'
06/17/24 10:50:15: KERNEL_SVC: closing session for UUID '405448e2-d34a-4bda-87f5-8412ecf17a71' with name 'v++_compile_hls_component'
06/17/24 10:50:15: GUIDANCE_SMGR: closing session for UUID '405448e2-d34a-4bda-87f5-8412ecf17a71' with name 'v++_compile_hls_component'
06/17/24 10:50:15: STOP_SERVER received, server token: 18163372-3f27-4e11-9fab-a50cfaebb1de, passed token: 18163372-3f27-4e11-9fab-a50cfaebb1de
06/17/24 10:50:15: Socket received request to stop server.
06/17/24 10:50:15: Dispatch Server: do_await_stop
06/17/24 10:50:15: SERVER: destructor for server bound to port 53893
06/17/24 10:50:15: Server exiting with status 0.
06/17/24 10:50:15: Closing log file.
06/17/24 10:50:20: Running xcd server. This server was NOT built by gradle, but presumably rdi.
06/17/24 10:50:20: Server was asked to start on port: '53904'
06/17/24 10:50:20: Server is using token UUID: 'f994bb8a-fbc7-499b-8b50-bfd1dbd537ab'
06/17/24 10:50:20: SESSION_MGR: creating session with session uuid: '6d04a3e9-ade5-4ab9-8d63-1f78fcd2ec76' and name 'default'
06/17/24 10:50:20: Attempting to start server on port '53904'
06/17/24 10:50:20: Running Dispatch Server
06/17/24 10:50:20: Version 2.2.0
06/17/24 10:50:21: Dispatch Server: Accepted socket connection from client
06/17/24 10:50:21: Starting Socket connection
06/17/24 10:50:21: EXCHANGE_TOKEN received, server token: f994bb8a-fbc7-499b-8b50-bfd1dbd537ab, passed token: f994bb8a-fbc7-499b-8b50-bfd1dbd537ab
06/17/24 10:50:21: DISPATCH_HANDLER: Adding handler from function makeHandler in library librdi_system_diagram failed with exception: Could not dynamically load librdi_system_diagram.dll
06/17/24 10:50:21: SESSION_MGR: creating session with session uuid: 'ee2e13aa-b01f-4ac5-96c3-cc691bdd3774' and name 'vitis-run_compile_hls_component'
06/17/24 10:50:21: KERNEL_SVC: creating session with uuid: 'ee2e13aa-b01f-4ac5-96c3-cc691bdd3774' and name 'vitis-run_compile_hls_component'
06/17/24 10:50:21: GUIDANCE_SMGR: creating guidance session with uuid: 'ee2e13aa-b01f-4ac5-96c3-cc691bdd3774' and name 'vitis-run_compile_hls_component'
06/17/24 10:50:27: Dispatch Server: Accepted socket connection from client
06/17/24 10:50:27: Starting Socket connection
06/17/24 10:54:10: SESSION_MGR: closing session for UUID 'ee2e13aa-b01f-4ac5-96c3-cc691bdd3774' with name 'vitis-run_compile_hls_component'
06/17/24 10:54:10: KERNEL_SVC: closing session for UUID 'ee2e13aa-b01f-4ac5-96c3-cc691bdd3774' with name 'vitis-run_compile_hls_component'
06/17/24 10:54:10: GUIDANCE_SMGR: closing session for UUID 'ee2e13aa-b01f-4ac5-96c3-cc691bdd3774' with name 'vitis-run_compile_hls_component'
06/17/24 10:54:10: STOP_SERVER received, server token: f994bb8a-fbc7-499b-8b50-bfd1dbd537ab, passed token: f994bb8a-fbc7-499b-8b50-bfd1dbd537ab
06/17/24 10:54:10: Socket received request to stop server.
06/17/24 10:54:10: Dispatch Server: do_await_stop
06/17/24 10:54:10: SERVER: destructor for server bound to port 53904
06/17/24 10:54:10: Server exiting with status 0.
06/17/24 10:54:10: Closing log file.
07/15/24 04:05:56: Running xcd server. This server was NOT built by gradle, but presumably rdi.
07/15/24 04:05:56: Server was asked to start on port: '58302'
07/15/24 04:05:56: Server is using token UUID: '9059fe27-632a-4a62-8733-5e5b9dcc6cf5'
07/15/24 04:05:56: SESSION_MGR: creating session with session uuid: '6d04a3e9-ade5-4ab9-8d63-1f78fcd2ec76' and name 'default'
07/15/24 04:05:56: Attempting to start server on port '58302'
07/15/24 04:05:56: Running Dispatch Server
07/15/24 04:05:56: Version 2.2.0
07/15/24 04:05:58: Dispatch Server: Accepted socket connection from client
07/15/24 04:05:58: Starting Socket connection
07/15/24 04:05:58: EXCHANGE_TOKEN received, server token: 9059fe27-632a-4a62-8733-5e5b9dcc6cf5, passed token: 9059fe27-632a-4a62-8733-5e5b9dcc6cf5
07/15/24 04:05:58: DISPATCH_HANDLER: Adding handler from function makeHandler in library librdi_system_diagram failed with exception: Could not dynamically load librdi_system_diagram.dll
07/15/24 04:05:58: SESSION_MGR: creating session with session uuid: '81fe1a90-5b50-41ff-9729-0101fcb36d24' and name 'vitis-run_compile_hls_component'
07/15/24 04:05:58: KERNEL_SVC: creating session with uuid: '81fe1a90-5b50-41ff-9729-0101fcb36d24' and name 'vitis-run_compile_hls_component'
07/15/24 04:05:58: GUIDANCE_SMGR: creating guidance session with uuid: '81fe1a90-5b50-41ff-9729-0101fcb36d24' and name 'vitis-run_compile_hls_component'
07/15/24 04:06:04: Dispatch Server: Accepted socket connection from client
07/15/24 04:06:04: Starting Socket connection
07/15/24 04:06:16: SESSION_MGR: closing session for UUID '81fe1a90-5b50-41ff-9729-0101fcb36d24' with name 'vitis-run_compile_hls_component'
07/15/24 04:06:16: KERNEL_SVC: closing session for UUID '81fe1a90-5b50-41ff-9729-0101fcb36d24' with name 'vitis-run_compile_hls_component'
07/15/24 04:06:16: GUIDANCE_SMGR: closing session for UUID '81fe1a90-5b50-41ff-9729-0101fcb36d24' with name 'vitis-run_compile_hls_component'
07/15/24 04:06:16: STOP_SERVER received, server token: 9059fe27-632a-4a62-8733-5e5b9dcc6cf5, passed token: 9059fe27-632a-4a62-8733-5e5b9dcc6cf5
07/15/24 04:06:16: Socket received request to stop server.
07/15/24 04:06:16: Dispatch Server: do_await_stop
07/15/24 04:06:16: SERVER: destructor for server bound to port 58302
07/15/24 04:06:16: Server exiting with status 0.
07/15/24 04:06:16: Closing log file.
07/15/24 04:10:01: Running xcd server. This server was NOT built by gradle, but presumably rdi.
07/15/24 04:10:01: Server was asked to start on port: '58450'
07/15/24 04:10:01: Server is using token UUID: '5d649eac-d44d-4ba3-8970-2c29c5fea50d'
07/15/24 04:10:01: SESSION_MGR: creating session with session uuid: '6d04a3e9-ade5-4ab9-8d63-1f78fcd2ec76' and name 'default'
07/15/24 04:10:01: Attempting to start server on port '58450'
07/15/24 04:10:01: Running Dispatch Server
07/15/24 04:10:01: Version 2.2.0
07/15/24 04:10:03: Dispatch Server: Accepted socket connection from client
07/15/24 04:10:03: Starting Socket connection
07/15/24 04:10:03: EXCHANGE_TOKEN received, server token: 5d649eac-d44d-4ba3-8970-2c29c5fea50d, passed token: 5d649eac-d44d-4ba3-8970-2c29c5fea50d
07/15/24 04:10:03: DISPATCH_HANDLER: Adding handler from function makeHandler in library librdi_system_diagram failed with exception: Could not dynamically load librdi_system_diagram.dll
07/15/24 04:10:03: SESSION_MGR: creating session with session uuid: '73f75900-6c41-4fb7-83e0-cfabbbf3d86b' and name 'vitis-run_compile_hls_component'
07/15/24 04:10:03: KERNEL_SVC: creating session with uuid: '73f75900-6c41-4fb7-83e0-cfabbbf3d86b' and name 'vitis-run_compile_hls_component'
07/15/24 04:10:03: GUIDANCE_SMGR: creating guidance session with uuid: '73f75900-6c41-4fb7-83e0-cfabbbf3d86b' and name 'vitis-run_compile_hls_component'
07/15/24 04:10:09: Dispatch Server: Accepted socket connection from client
07/15/24 04:10:09: Starting Socket connection
07/15/24 04:10:16: SESSION_MGR: closing session for UUID '73f75900-6c41-4fb7-83e0-cfabbbf3d86b' with name 'vitis-run_compile_hls_component'
07/15/24 04:10:16: KERNEL_SVC: closing session for UUID '73f75900-6c41-4fb7-83e0-cfabbbf3d86b' with name 'vitis-run_compile_hls_component'
07/15/24 04:10:16: GUIDANCE_SMGR: closing session for UUID '73f75900-6c41-4fb7-83e0-cfabbbf3d86b' with name 'vitis-run_compile_hls_component'
07/15/24 04:10:16: STOP_SERVER received, server token: 5d649eac-d44d-4ba3-8970-2c29c5fea50d, passed token: 5d649eac-d44d-4ba3-8970-2c29c5fea50d
07/15/24 04:10:16: Socket received request to stop server.
07/15/24 04:10:16: Dispatch Server: do_await_stop
07/15/24 04:10:16: SERVER: destructor for server bound to port 58450
07/15/24 04:10:16: Server exiting with status 0.
07/15/24 04:10:16: Closing log file.
07/15/24 04:11:44: Running xcd server. This server was NOT built by gradle, but presumably rdi.
07/15/24 04:11:44: Server was asked to start on port: '58472'
07/15/24 04:11:44: Server is using token UUID: '0b97053a-1ea3-4815-b784-8553c39431cf'
07/15/24 04:11:44: SESSION_MGR: creating session with session uuid: '6d04a3e9-ade5-4ab9-8d63-1f78fcd2ec76' and name 'default'
07/15/24 04:11:44: Attempting to start server on port '58472'
07/15/24 04:11:44: Running Dispatch Server
07/15/24 04:11:44: Version 2.2.0
07/15/24 04:11:45: Dispatch Server: Accepted socket connection from client
07/15/24 04:11:45: Starting Socket connection
07/15/24 04:11:45: EXCHANGE_TOKEN received, server token: 0b97053a-1ea3-4815-b784-8553c39431cf, passed token: 0b97053a-1ea3-4815-b784-8553c39431cf
07/15/24 04:11:45: DISPATCH_HANDLER: Adding handler from function makeHandler in library librdi_system_diagram failed with exception: Could not dynamically load librdi_system_diagram.dll
07/15/24 04:11:45: SESSION_MGR: creating session with session uuid: 'e284edd3-2cf3-4129-b025-c1e15e285925' and name 'vitis-run_compile_hls_component'
07/15/24 04:11:45: KERNEL_SVC: creating session with uuid: 'e284edd3-2cf3-4129-b025-c1e15e285925' and name 'vitis-run_compile_hls_component'
07/15/24 04:11:45: GUIDANCE_SMGR: creating guidance session with uuid: 'e284edd3-2cf3-4129-b025-c1e15e285925' and name 'vitis-run_compile_hls_component'
07/15/24 04:11:52: Dispatch Server: Accepted socket connection from client
07/15/24 04:11:52: Starting Socket connection
07/15/24 04:12:04: SESSION_MGR: closing session for UUID 'e284edd3-2cf3-4129-b025-c1e15e285925' with name 'vitis-run_compile_hls_component'
07/15/24 04:12:04: KERNEL_SVC: closing session for UUID 'e284edd3-2cf3-4129-b025-c1e15e285925' with name 'vitis-run_compile_hls_component'
07/15/24 04:12:04: GUIDANCE_SMGR: closing session for UUID 'e284edd3-2cf3-4129-b025-c1e15e285925' with name 'vitis-run_compile_hls_component'
07/15/24 04:12:04: STOP_SERVER received, server token: 0b97053a-1ea3-4815-b784-8553c39431cf, passed token: 0b97053a-1ea3-4815-b784-8553c39431cf
07/15/24 04:12:04: Socket received request to stop server.
07/15/24 04:12:04: Dispatch Server: do_await_stop
07/15/24 04:12:04: SERVER: destructor for server bound to port 58472
07/15/24 04:12:04: Server exiting with status 0.
07/15/24 04:12:04: Closing log file.
07/15/24 04:12:12: Running xcd server. This server was NOT built by gradle, but presumably rdi.
07/15/24 04:12:12: Server was asked to start on port: '58485'
07/15/24 04:12:12: Server is using token UUID: '239d6f4f-5430-4d16-a0a0-023b7957b651'
07/15/24 04:12:12: SESSION_MGR: creating session with session uuid: '6d04a3e9-ade5-4ab9-8d63-1f78fcd2ec76' and name 'default'
07/15/24 04:12:12: Attempting to start server on port '58485'
07/15/24 04:12:12: Running Dispatch Server
07/15/24 04:12:12: Version 2.2.0
07/15/24 04:12:13: Dispatch Server: Accepted socket connection from client
07/15/24 04:12:13: Starting Socket connection
07/15/24 04:12:13: EXCHANGE_TOKEN received, server token: 239d6f4f-5430-4d16-a0a0-023b7957b651, passed token: 239d6f4f-5430-4d16-a0a0-023b7957b651
07/15/24 04:12:13: DISPATCH_HANDLER: Adding handler from function makeHandler in library librdi_system_diagram failed with exception: Could not dynamically load librdi_system_diagram.dll
07/15/24 04:12:13: SESSION_MGR: creating session with session uuid: 'ab683ca4-a342-4891-ade1-c9c2fb6f2fd8' and name 'v++_compile_hls_component'
07/15/24 04:12:13: KERNEL_SVC: creating session with uuid: 'ab683ca4-a342-4891-ade1-c9c2fb6f2fd8' and name 'v++_compile_hls_component'
07/15/24 04:12:13: GUIDANCE_SMGR: creating guidance session with uuid: 'ab683ca4-a342-4891-ade1-c9c2fb6f2fd8' and name 'v++_compile_hls_component'
07/15/24 04:12:20: Dispatch Server: Accepted socket connection from client
07/15/24 04:12:20: Starting Socket connection
07/15/24 04:12:37: SESSION_MGR: closing session for UUID 'ab683ca4-a342-4891-ade1-c9c2fb6f2fd8' with name 'v++_compile_hls_component'
07/15/24 04:12:37: KERNEL_SVC: closing session for UUID 'ab683ca4-a342-4891-ade1-c9c2fb6f2fd8' with name 'v++_compile_hls_component'
07/15/24 04:12:37: GUIDANCE_SMGR: closing session for UUID 'ab683ca4-a342-4891-ade1-c9c2fb6f2fd8' with name 'v++_compile_hls_component'
07/15/24 04:12:37: STOP_SERVER received, server token: 239d6f4f-5430-4d16-a0a0-023b7957b651, passed token: 239d6f4f-5430-4d16-a0a0-023b7957b651
07/15/24 04:12:37: Socket received request to stop server.
07/15/24 04:12:37: Dispatch Server: do_await_stop
07/15/24 04:12:37: SERVER: destructor for server bound to port 58485
07/15/24 04:12:37: Server exiting with status 0.
07/15/24 04:12:37: Closing log file.
07/15/24 04:13:07: Running xcd server. This server was NOT built by gradle, but presumably rdi.
07/15/24 04:13:07: Server was asked to start on port: '58496'
07/15/24 04:13:07: Server is using token UUID: '8aad8b35-b1c3-4b7c-8720-3e98689cc94b'
07/15/24 04:13:07: SESSION_MGR: creating session with session uuid: '6d04a3e9-ade5-4ab9-8d63-1f78fcd2ec76' and name 'default'
07/15/24 04:13:07: Attempting to start server on port '58496'
07/15/24 04:13:07: Running Dispatch Server
07/15/24 04:13:07: Version 2.2.0
07/15/24 04:13:08: Dispatch Server: Accepted socket connection from client
07/15/24 04:13:08: Starting Socket connection
07/15/24 04:13:08: EXCHANGE_TOKEN received, server token: 8aad8b35-b1c3-4b7c-8720-3e98689cc94b, passed token: 8aad8b35-b1c3-4b7c-8720-3e98689cc94b
07/15/24 04:13:08: DISPATCH_HANDLER: Adding handler from function makeHandler in library librdi_system_diagram failed with exception: Could not dynamically load librdi_system_diagram.dll
07/15/24 04:13:08: SESSION_MGR: creating session with session uuid: 'e0903822-9a71-44ca-b38e-be161946ceb5' and name 'vitis-run_compile_hls_component'
07/15/24 04:13:08: KERNEL_SVC: creating session with uuid: 'e0903822-9a71-44ca-b38e-be161946ceb5' and name 'vitis-run_compile_hls_component'
07/15/24 04:13:08: GUIDANCE_SMGR: creating guidance session with uuid: 'e0903822-9a71-44ca-b38e-be161946ceb5' and name 'vitis-run_compile_hls_component'
07/15/24 04:13:15: Dispatch Server: Accepted socket connection from client
07/15/24 04:13:15: Starting Socket connection
07/15/24 04:13:46: SESSION_MGR: closing session for UUID 'e0903822-9a71-44ca-b38e-be161946ceb5' with name 'vitis-run_compile_hls_component'
07/15/24 04:13:46: KERNEL_SVC: closing session for UUID 'e0903822-9a71-44ca-b38e-be161946ceb5' with name 'vitis-run_compile_hls_component'
07/15/24 04:13:46: GUIDANCE_SMGR: closing session for UUID 'e0903822-9a71-44ca-b38e-be161946ceb5' with name 'vitis-run_compile_hls_component'
07/15/24 04:13:46: STOP_SERVER received, server token: 8aad8b35-b1c3-4b7c-8720-3e98689cc94b, passed token: 8aad8b35-b1c3-4b7c-8720-3e98689cc94b
07/15/24 04:13:46: Socket received request to stop server.
07/15/24 04:13:46: Dispatch Server: do_await_stop
07/15/24 04:13:46: SERVER: destructor for server bound to port 58496
07/15/24 04:13:46: Server exiting with status 0.
07/15/24 04:13:46: Closing log file.
07/15/24 04:15:57: Running xcd server. This server was NOT built by gradle, but presumably rdi.
07/15/24 04:15:57: Server was asked to start on port: '58512'
07/15/24 04:15:57: Server is using token UUID: 'fe61253b-187b-4043-a898-5d31b8413253'
07/15/24 04:15:57: SESSION_MGR: creating session with session uuid: '6d04a3e9-ade5-4ab9-8d63-1f78fcd2ec76' and name 'default'
07/15/24 04:15:57: Attempting to start server on port '58512'
07/15/24 04:15:57: Running Dispatch Server
07/15/24 04:15:57: Version 2.2.0
07/15/24 04:15:58: Dispatch Server: Accepted socket connection from client
07/15/24 04:15:58: Starting Socket connection
07/15/24 04:15:58: EXCHANGE_TOKEN received, server token: fe61253b-187b-4043-a898-5d31b8413253, passed token: fe61253b-187b-4043-a898-5d31b8413253
07/15/24 04:15:58: DISPATCH_HANDLER: Adding handler from function makeHandler in library librdi_system_diagram failed with exception: Could not dynamically load librdi_system_diagram.dll
07/15/24 04:15:58: SESSION_MGR: creating session with session uuid: '00c00615-617a-44a4-9f1a-703521bca9d0' and name 'vitis-run_compile_hls_component'
07/15/24 04:15:58: KERNEL_SVC: creating session with uuid: '00c00615-617a-44a4-9f1a-703521bca9d0' and name 'vitis-run_compile_hls_component'
07/15/24 04:15:58: GUIDANCE_SMGR: creating guidance session with uuid: '00c00615-617a-44a4-9f1a-703521bca9d0' and name 'vitis-run_compile_hls_component'
07/15/24 04:16:05: Dispatch Server: Accepted socket connection from client
07/15/24 04:16:05: Starting Socket connection
07/15/24 04:16:19: SESSION_MGR: closing session for UUID '00c00615-617a-44a4-9f1a-703521bca9d0' with name 'vitis-run_compile_hls_component'
07/15/24 04:16:19: KERNEL_SVC: closing session for UUID '00c00615-617a-44a4-9f1a-703521bca9d0' with name 'vitis-run_compile_hls_component'
07/15/24 04:16:19: GUIDANCE_SMGR: closing session for UUID '00c00615-617a-44a4-9f1a-703521bca9d0' with name 'vitis-run_compile_hls_component'
07/15/24 04:16:19: STOP_SERVER received, server token: fe61253b-187b-4043-a898-5d31b8413253, passed token: fe61253b-187b-4043-a898-5d31b8413253
07/15/24 04:16:19: Socket received request to stop server.
07/15/24 04:16:19: Dispatch Server: do_await_stop
07/15/24 04:16:19: SERVER: destructor for server bound to port 58512
07/15/24 04:16:19: Server exiting with status 0.
07/15/24 04:16:19: Closing log file.
07/15/24 04:16:26: Running xcd server. This server was NOT built by gradle, but presumably rdi.
07/15/24 04:16:26: Server was asked to start on port: '58520'
07/15/24 04:16:26: Server is using token UUID: 'e22b18b2-7803-47fa-a3eb-d5678987b9fd'
07/15/24 04:16:26: SESSION_MGR: creating session with session uuid: '6d04a3e9-ade5-4ab9-8d63-1f78fcd2ec76' and name 'default'
07/15/24 04:16:26: Attempting to start server on port '58520'
07/15/24 04:16:26: Running Dispatch Server
07/15/24 04:16:26: Version 2.2.0
07/15/24 04:16:28: Dispatch Server: Accepted socket connection from client
07/15/24 04:16:28: Starting Socket connection
07/15/24 04:16:28: EXCHANGE_TOKEN received, server token: e22b18b2-7803-47fa-a3eb-d5678987b9fd, passed token: e22b18b2-7803-47fa-a3eb-d5678987b9fd
07/15/24 04:16:28: DISPATCH_HANDLER: Adding handler from function makeHandler in library librdi_system_diagram failed with exception: Could not dynamically load librdi_system_diagram.dll
07/15/24 04:16:28: SESSION_MGR: creating session with session uuid: 'edc23d44-2330-4f2c-ba16-7fce74cb4e48' and name 'v++_compile_hls_component'
07/15/24 04:16:28: KERNEL_SVC: creating session with uuid: 'edc23d44-2330-4f2c-ba16-7fce74cb4e48' and name 'v++_compile_hls_component'
07/15/24 04:16:28: GUIDANCE_SMGR: creating guidance session with uuid: 'edc23d44-2330-4f2c-ba16-7fce74cb4e48' and name 'v++_compile_hls_component'
07/15/24 04:16:34: Dispatch Server: Accepted socket connection from client
07/15/24 04:16:34: Starting Socket connection
07/15/24 04:16:57: SESSION_MGR: closing session for UUID 'edc23d44-2330-4f2c-ba16-7fce74cb4e48' with name 'v++_compile_hls_component'
07/15/24 04:16:57: KERNEL_SVC: closing session for UUID 'edc23d44-2330-4f2c-ba16-7fce74cb4e48' with name 'v++_compile_hls_component'
07/15/24 04:16:57: GUIDANCE_SMGR: closing session for UUID 'edc23d44-2330-4f2c-ba16-7fce74cb4e48' with name 'v++_compile_hls_component'
07/15/24 04:16:57: STOP_SERVER received, server token: e22b18b2-7803-47fa-a3eb-d5678987b9fd, passed token: e22b18b2-7803-47fa-a3eb-d5678987b9fd
07/15/24 04:16:57: Socket received request to stop server.
07/15/24 04:16:57: Dispatch Server: do_await_stop
07/15/24 04:16:57: SERVER: destructor for server bound to port 58520
07/15/24 04:16:57: Server exiting with status 0.
07/15/24 04:16:57: Closing log file.
07/15/24 04:17:02: Running xcd server. This server was NOT built by gradle, but presumably rdi.
07/15/24 04:17:02: Server was asked to start on port: '58524'
07/15/24 04:17:02: Server is using token UUID: '3421ae64-95c2-4c2d-98a0-ef0bbb7f02c1'
07/15/24 04:17:02: SESSION_MGR: creating session with session uuid: '6d04a3e9-ade5-4ab9-8d63-1f78fcd2ec76' and name 'default'
07/15/24 04:17:02: Attempting to start server on port '58524'
07/15/24 04:17:02: Running Dispatch Server
07/15/24 04:17:02: Version 2.2.0
07/15/24 04:17:04: Dispatch Server: Accepted socket connection from client
07/15/24 04:17:04: Starting Socket connection
07/15/24 04:17:04: EXCHANGE_TOKEN received, server token: 3421ae64-95c2-4c2d-98a0-ef0bbb7f02c1, passed token: 3421ae64-95c2-4c2d-98a0-ef0bbb7f02c1
07/15/24 04:17:04: DISPATCH_HANDLER: Adding handler from function makeHandler in library librdi_system_diagram failed with exception: Could not dynamically load librdi_system_diagram.dll
07/15/24 04:17:04: SESSION_MGR: creating session with session uuid: 'e516cc26-d443-4032-b9cf-8358412b06bf' and name 'vitis-run_compile_hls_component'
07/15/24 04:17:04: KERNEL_SVC: creating session with uuid: 'e516cc26-d443-4032-b9cf-8358412b06bf' and name 'vitis-run_compile_hls_component'
07/15/24 04:17:04: GUIDANCE_SMGR: creating guidance session with uuid: 'e516cc26-d443-4032-b9cf-8358412b06bf' and name 'vitis-run_compile_hls_component'
07/15/24 04:17:10: Dispatch Server: Accepted socket connection from client
07/15/24 04:17:10: Starting Socket connection
07/15/24 04:17:52: SESSION_MGR: closing session for UUID 'e516cc26-d443-4032-b9cf-8358412b06bf' with name 'vitis-run_compile_hls_component'
07/15/24 04:17:52: KERNEL_SVC: closing session for UUID 'e516cc26-d443-4032-b9cf-8358412b06bf' with name 'vitis-run_compile_hls_component'
07/15/24 04:17:52: GUIDANCE_SMGR: closing session for UUID 'e516cc26-d443-4032-b9cf-8358412b06bf' with name 'vitis-run_compile_hls_component'
07/15/24 04:17:52: STOP_SERVER received, server token: 3421ae64-95c2-4c2d-98a0-ef0bbb7f02c1, passed token: 3421ae64-95c2-4c2d-98a0-ef0bbb7f02c1
07/15/24 04:17:52: Socket received request to stop server.
07/15/24 04:17:52: Dispatch Server: do_await_stop
07/15/24 04:17:52: SERVER: destructor for server bound to port 58524
07/15/24 04:17:52: Server exiting with status 0.
07/15/24 04:17:52: Closing log file.
07/15/24 04:25:07: Running xcd server. This server was NOT built by gradle, but presumably rdi.
07/15/24 04:25:07: Server was asked to start on port: '52499'
07/15/24 04:25:07: Server is using token UUID: 'db381207-dfb9-4691-b6ac-1458c53be4d7'
07/15/24 04:25:07: SESSION_MGR: creating session with session uuid: '6d04a3e9-ade5-4ab9-8d63-1f78fcd2ec76' and name 'default'
07/15/24 04:25:07: Attempting to start server on port '52499'
07/15/24 04:25:07: Running Dispatch Server
07/15/24 04:25:07: Version 2.2.0
07/15/24 04:25:09: Dispatch Server: Accepted socket connection from client
07/15/24 04:25:09: Starting Socket connection
07/15/24 04:25:09: EXCHANGE_TOKEN received, server token: db381207-dfb9-4691-b6ac-1458c53be4d7, passed token: db381207-dfb9-4691-b6ac-1458c53be4d7
07/15/24 04:25:09: DISPATCH_HANDLER: Adding handler from function makeHandler in library librdi_system_diagram failed with exception: Could not dynamically load librdi_system_diagram.dll
07/15/24 04:25:09: SESSION_MGR: creating session with session uuid: 'cfb171ae-3cb8-4586-a618-81e367217dc8' and name 'vitis-run_compile_hls_component'
07/15/24 04:25:09: KERNEL_SVC: creating session with uuid: 'cfb171ae-3cb8-4586-a618-81e367217dc8' and name 'vitis-run_compile_hls_component'
07/15/24 04:25:09: GUIDANCE_SMGR: creating guidance session with uuid: 'cfb171ae-3cb8-4586-a618-81e367217dc8' and name 'vitis-run_compile_hls_component'
07/15/24 04:25:15: Dispatch Server: Accepted socket connection from client
07/15/24 04:25:15: Starting Socket connection
07/15/24 04:25:31: SESSION_MGR: closing session for UUID 'cfb171ae-3cb8-4586-a618-81e367217dc8' with name 'vitis-run_compile_hls_component'
07/15/24 04:25:31: KERNEL_SVC: closing session for UUID 'cfb171ae-3cb8-4586-a618-81e367217dc8' with name 'vitis-run_compile_hls_component'
07/15/24 04:25:31: GUIDANCE_SMGR: closing session for UUID 'cfb171ae-3cb8-4586-a618-81e367217dc8' with name 'vitis-run_compile_hls_component'
07/15/24 04:25:31: STOP_SERVER received, server token: db381207-dfb9-4691-b6ac-1458c53be4d7, passed token: db381207-dfb9-4691-b6ac-1458c53be4d7
07/15/24 04:25:31: Socket received request to stop server.
07/15/24 04:25:31: Dispatch Server: do_await_stop
07/15/24 04:25:31: SERVER: destructor for server bound to port 52499
07/15/24 04:25:31: Server exiting with status 0.
07/15/24 04:25:31: Closing log file.
07/15/24 04:25:42: Running xcd server. This server was NOT built by gradle, but presumably rdi.
07/15/24 04:25:42: Server was asked to start on port: '52509'
07/15/24 04:25:42: Server is using token UUID: '73e88420-a9cd-4e0e-ac78-7aab0e7a343d'
07/15/24 04:25:42: SESSION_MGR: creating session with session uuid: '6d04a3e9-ade5-4ab9-8d63-1f78fcd2ec76' and name 'default'
07/15/24 04:25:42: Attempting to start server on port '52509'
07/15/24 04:25:42: Running Dispatch Server
07/15/24 04:25:42: Version 2.2.0
07/15/24 04:25:44: Dispatch Server: Accepted socket connection from client
07/15/24 04:25:44: Starting Socket connection
07/15/24 04:25:44: EXCHANGE_TOKEN received, server token: 73e88420-a9cd-4e0e-ac78-7aab0e7a343d, passed token: 73e88420-a9cd-4e0e-ac78-7aab0e7a343d
07/15/24 04:25:44: DISPATCH_HANDLER: Adding handler from function makeHandler in library librdi_system_diagram failed with exception: Could not dynamically load librdi_system_diagram.dll
07/15/24 04:25:44: SESSION_MGR: creating session with session uuid: '6002f050-aba2-4d4f-bf1e-db5544d7a7ab' and name 'v++_compile_hls_component'
07/15/24 04:25:44: KERNEL_SVC: creating session with uuid: '6002f050-aba2-4d4f-bf1e-db5544d7a7ab' and name 'v++_compile_hls_component'
07/15/24 04:25:44: GUIDANCE_SMGR: creating guidance session with uuid: '6002f050-aba2-4d4f-bf1e-db5544d7a7ab' and name 'v++_compile_hls_component'
07/15/24 04:25:50: Dispatch Server: Accepted socket connection from client
07/15/24 04:25:50: Starting Socket connection
07/15/24 04:26:33: SESSION_MGR: closing session for UUID '6002f050-aba2-4d4f-bf1e-db5544d7a7ab' with name 'v++_compile_hls_component'
07/15/24 04:26:33: KERNEL_SVC: closing session for UUID '6002f050-aba2-4d4f-bf1e-db5544d7a7ab' with name 'v++_compile_hls_component'
07/15/24 04:26:33: GUIDANCE_SMGR: closing session for UUID '6002f050-aba2-4d4f-bf1e-db5544d7a7ab' with name 'v++_compile_hls_component'
07/15/24 04:26:33: STOP_SERVER received, server token: 73e88420-a9cd-4e0e-ac78-7aab0e7a343d, passed token: 73e88420-a9cd-4e0e-ac78-7aab0e7a343d
07/15/24 04:26:33: Socket received request to stop server.
07/15/24 04:26:33: Dispatch Server: do_await_stop
07/15/24 04:26:33: SERVER: destructor for server bound to port 52509
07/15/24 04:26:33: Server exiting with status 0.
07/15/24 04:26:33: Closing log file.
07/15/24 04:26:49: Running xcd server. This server was NOT built by gradle, but presumably rdi.
07/15/24 04:26:49: Server was asked to start on port: '52515'
07/15/24 04:26:49: Server is using token UUID: '0a49cf51-af93-4f9b-81ee-eabef4a2abcf'
07/15/24 04:26:49: SESSION_MGR: creating session with session uuid: '6d04a3e9-ade5-4ab9-8d63-1f78fcd2ec76' and name 'default'
07/15/24 04:26:49: Attempting to start server on port '52515'
07/15/24 04:26:49: Running Dispatch Server
07/15/24 04:26:49: Version 2.2.0
07/15/24 04:26:50: Dispatch Server: Accepted socket connection from client
07/15/24 04:26:50: Starting Socket connection
07/15/24 04:26:50: EXCHANGE_TOKEN received, server token: 0a49cf51-af93-4f9b-81ee-eabef4a2abcf, passed token: 0a49cf51-af93-4f9b-81ee-eabef4a2abcf
07/15/24 04:26:50: DISPATCH_HANDLER: Adding handler from function makeHandler in library librdi_system_diagram failed with exception: Could not dynamically load librdi_system_diagram.dll
07/15/24 04:26:50: SESSION_MGR: creating session with session uuid: '0a771ccf-ea54-44ff-a49c-f3ed0f08351e' and name 'vitis-run_compile_hls_component'
07/15/24 04:26:50: KERNEL_SVC: creating session with uuid: '0a771ccf-ea54-44ff-a49c-f3ed0f08351e' and name 'vitis-run_compile_hls_component'
07/15/24 04:26:50: GUIDANCE_SMGR: creating guidance session with uuid: '0a771ccf-ea54-44ff-a49c-f3ed0f08351e' and name 'vitis-run_compile_hls_component'
07/15/24 04:26:57: Dispatch Server: Accepted socket connection from client
07/15/24 04:26:57: Starting Socket connection
07/15/24 04:30:31: SESSION_MGR: closing session for UUID '0a771ccf-ea54-44ff-a49c-f3ed0f08351e' with name 'vitis-run_compile_hls_component'
07/15/24 04:30:31: KERNEL_SVC: closing session for UUID '0a771ccf-ea54-44ff-a49c-f3ed0f08351e' with name 'vitis-run_compile_hls_component'
07/15/24 04:30:31: GUIDANCE_SMGR: closing session for UUID '0a771ccf-ea54-44ff-a49c-f3ed0f08351e' with name 'vitis-run_compile_hls_component'
07/15/24 04:30:31: STOP_SERVER received, server token: 0a49cf51-af93-4f9b-81ee-eabef4a2abcf, passed token: 0a49cf51-af93-4f9b-81ee-eabef4a2abcf
07/15/24 04:30:31: Socket received request to stop server.
07/15/24 04:30:31: Dispatch Server: do_await_stop
07/15/24 04:30:31: SERVER: destructor for server bound to port 52515
07/15/24 04:30:31: Server exiting with status 0.
07/15/24 04:30:31: Closing log file.
