==============================================================
Vitis HLS - High-Level Synthesis from C, C++ and OpenCL v2023.2 (64-bit)
Tool Version Limit: 2023.10
Copyright 1986-2022 Xilinx, Inc. All Rights Reserved.
Copyright 2022-2023 Advanced Micro Devices, Inc. All Rights Reserved.

==============================================================
INFO: [SYN 201-201] Setting up clock 'default' with a period of 10ns.
INFO: [HLS 200-1611] Setting target device to 'xcvu11p-flga2577-1-e'
INFO: [HLS 200-1505] Using flow_target 'vivado'
INFO: [HLS 200-1510] Running: set_part xcvu11p-flga2577-1-e 
INFO: [HLS 200-1510] Running: create_clock -period 10 -name default 
INFO: [SYN 201-201] Setting up clock 'default' with a period of 10ns.
INFO: [HLS 200-1510] Running: csim_design -quiet 
INFO: [SIM 211-2] *************** CSIM start ***************
INFO: [SIM 211-4] CSIM will launch GCC as the compiler.
INFO: [HLS 200-2036] Building debug C Simulation binaries
ERROR: [SIM 211-100] 'csim_design' failed: compilation error(s).
INFO: [SIM 211-3] *************** CSIM finish ***************
INFO: [HLS 200-111] Finished Command csim_design CPU user time: 0 seconds. CPU system time: 0 seconds. Elapsed time: 0.93 seconds; current allocated memory: 0.719 MB.
==============================================================
Vitis HLS - High-Level Synthesis from C, C++ and OpenCL v2023.2 (64-bit)
Tool Version Limit: 2023.10
Copyright 1986-2022 Xilinx, Inc. All Rights Reserved.
Copyright 2022-2023 Advanced Micro Devices, Inc. All Rights Reserved.

==============================================================
INFO: [SYN 201-201] Setting up clock 'default' with a period of 10ns.
INFO: [HLS 200-1611] Setting target device to 'xcvu11p-flga2577-1-e'
INFO: [HLS 200-1505] Using flow_target 'vivado'
INFO: [HLS 200-1510] Running: set_part xcvu11p-flga2577-1-e 
INFO: [HLS 200-1510] Running: create_clock -period 10 -name default 
INFO: [HLS 200-1510] Running: csim_design -quiet 
INFO: [SIM 211-2] *************** CSIM start ***************
INFO: [SIM 211-4] CSIM will launch GCC as the compiler.
INFO: [HLS 200-2036] Building debug C Simulation binaries
INFO: [SIM 211-1] CSim done with 0 errors.
INFO: [SIM 211-3] *************** CSIM finish ***************
INFO: [HLS 200-111] Finished Command csim_design CPU user time: 0 seconds. CPU system time: 0 seconds. Elapsed time: 1.373 seconds; current allocated memory: 0.562 MB.
==============================================================
Vitis HLS - High-Level Synthesis from C, C++ and OpenCL v2023.2 (64-bit)
Tool Version Limit: 2023.10
Copyright 1986-2022 Xilinx, Inc. All Rights Reserved.
Copyright 2022-2023 Advanced Micro Devices, Inc. All Rights Reserved.

==============================================================
INFO: [SYN 201-201] Setting up clock 'default' with a period of 10ns.
INFO: [HLS 200-1611] Setting target device to 'xcvu11p-flga2577-1-e'
INFO: [HLS 200-1505] Using flow_target 'vivado'
INFO: [HLS 200-1510] Running: set_part xcvu11p-flga2577-1-e 
INFO: [HLS 200-1510] Running: create_clock -period 10 -name default 
INFO: [HLS 200-1510] Running: csynth_design 
INFO: [HLS 200-111] Finished File checks and directory preparation: CPU user time: 0 seconds. CPU system time: 0 seconds. Elapsed time: 0.093 seconds; current allocated memory: 193.250 MB.
INFO: [HLS 200-10] Analyzing design file 'mux2to1.cpp' ... 
INFO: [HLS 200-111] Finished Source Code Analysis and Preprocessing: CPU user time: 0 seconds. CPU system time: 0 seconds. Elapsed time: 0.79 seconds; current allocated memory: 194.758 MB.
INFO: [HLS 200-777] Using interface defaults for 'Vivado' flow target.
INFO: [HLS 200-1995] There were 5 instructions in the design after the 'Compile/Link' phase of compilation. See the Design Size Report for more details: C:/Users/kwokt/Desktop/Clone_HLS-Models/HLS-Models/Simple-Designs/Combinational/Multiplexer_2_to_1/Mux_2to1/solution1/syn/report/csynth_design_size.rpt
INFO: [HLS 200-1995] There were 5 instructions in the design after the 'Unroll/Inline (step 1)' phase of compilation. See the Design Size Report for more details: C:/Users/kwokt/Desktop/Clone_HLS-Models/HLS-Models/Simple-Designs/Combinational/Multiplexer_2_to_1/Mux_2to1/solution1/syn/report/csynth_design_size.rpt
INFO: [HLS 200-1995] There were 2 instructions in the design after the 'Unroll/Inline (step 2)' phase of compilation. See the Design Size Report for more details: C:/Users/kwokt/Desktop/Clone_HLS-Models/HLS-Models/Simple-Designs/Combinational/Multiplexer_2_to_1/Mux_2to1/solution1/syn/report/csynth_design_size.rpt
INFO: [HLS 200-1995] There were 2 instructions in the design after the 'Unroll/Inline (step 3)' phase of compilation. See the Design Size Report for more details: C:/Users/kwokt/Desktop/Clone_HLS-Models/HLS-Models/Simple-Designs/Combinational/Multiplexer_2_to_1/Mux_2to1/solution1/syn/report/csynth_design_size.rpt
INFO: [HLS 200-1995] There were 2 instructions in the design after the 'Unroll/Inline (step 4)' phase of compilation. See the Design Size Report for more details: C:/Users/kwokt/Desktop/Clone_HLS-Models/HLS-Models/Simple-Designs/Combinational/Multiplexer_2_to_1/Mux_2to1/solution1/syn/report/csynth_design_size.rpt
INFO: [HLS 200-1995] There were 2 instructions in the design after the 'Array/Struct (step 1)' phase of compilation. See the Design Size Report for more details: C:/Users/kwokt/Desktop/Clone_HLS-Models/HLS-Models/Simple-Designs/Combinational/Multiplexer_2_to_1/Mux_2to1/solution1/syn/report/csynth_design_size.rpt
INFO: [HLS 200-1995] There were 2 instructions in the design after the 'Array/Struct (step 2)' phase of compilation. See the Design Size Report for more details: C:/Users/kwokt/Desktop/Clone_HLS-Models/HLS-Models/Simple-Designs/Combinational/Multiplexer_2_to_1/Mux_2to1/solution1/syn/report/csynth_design_size.rpt
INFO: [HLS 200-1995] There were 2 instructions in the design after the 'Array/Struct (step 3)' phase of compilation. See the Design Size Report for more details: C:/Users/kwokt/Desktop/Clone_HLS-Models/HLS-Models/Simple-Designs/Combinational/Multiplexer_2_to_1/Mux_2to1/solution1/syn/report/csynth_design_size.rpt
INFO: [HLS 200-1995] There were 2 instructions in the design after the 'Array/Struct (step 4)' phase of compilation. See the Design Size Report for more details: C:/Users/kwokt/Desktop/Clone_HLS-Models/HLS-Models/Simple-Designs/Combinational/Multiplexer_2_to_1/Mux_2to1/solution1/syn/report/csynth_design_size.rpt
INFO: [HLS 200-1995] There were 2 instructions in the design after the 'Array/Struct (step 5)' phase of compilation. See the Design Size Report for more details: C:/Users/kwokt/Desktop/Clone_HLS-Models/HLS-Models/Simple-Designs/Combinational/Multiplexer_2_to_1/Mux_2to1/solution1/syn/report/csynth_design_size.rpt
INFO: [HLS 200-1995] There were 2 instructions in the design after the 'Performance (step 1)' phase of compilation. See the Design Size Report for more details: C:/Users/kwokt/Desktop/Clone_HLS-Models/HLS-Models/Simple-Designs/Combinational/Multiplexer_2_to_1/Mux_2to1/solution1/syn/report/csynth_design_size.rpt
INFO: [HLS 200-1995] There were 2 instructions in the design after the 'Performance (step 2)' phase of compilation. See the Design Size Report for more details: C:/Users/kwokt/Desktop/Clone_HLS-Models/HLS-Models/Simple-Designs/Combinational/Multiplexer_2_to_1/Mux_2to1/solution1/syn/report/csynth_design_size.rpt
INFO: [HLS 200-1995] There were 2 instructions in the design after the 'Performance (step 3)' phase of compilation. See the Design Size Report for more details: C:/Users/kwokt/Desktop/Clone_HLS-Models/HLS-Models/Simple-Designs/Combinational/Multiplexer_2_to_1/Mux_2to1/solution1/syn/report/csynth_design_size.rpt
INFO: [HLS 200-1995] There were 2 instructions in the design after the 'Performance (step 4)' phase of compilation. See the Design Size Report for more details: C:/Users/kwokt/Desktop/Clone_HLS-Models/HLS-Models/Simple-Designs/Combinational/Multiplexer_2_to_1/Mux_2to1/solution1/syn/report/csynth_design_size.rpt
INFO: [HLS 200-1995] There were 8 instructions in the design after the 'HW Transforms (step 1)' phase of compilation. See the Design Size Report for more details: C:/Users/kwokt/Desktop/Clone_HLS-Models/HLS-Models/Simple-Designs/Combinational/Multiplexer_2_to_1/Mux_2to1/solution1/syn/report/csynth_design_size.rpt
INFO: [HLS 200-1995] There were 9 instructions in the design after the 'HW Transforms (step 2)' phase of compilation. See the Design Size Report for more details: C:/Users/kwokt/Desktop/Clone_HLS-Models/HLS-Models/Simple-Designs/Combinational/Multiplexer_2_to_1/Mux_2to1/solution1/syn/report/csynth_design_size.rpt
INFO: [HLS 200-111] Finished Compiling Optimization and Transform: CPU user time: 0 seconds. CPU system time: 0 seconds. Elapsed time: 7.61 seconds; current allocated memory: 196.539 MB.
INFO: [HLS 200-111] Finished Checking Pragmas: CPU user time: 0 seconds. CPU system time: 0 seconds. Elapsed time: 0.003 seconds; current allocated memory: 196.539 MB.
INFO: [HLS 200-10] Starting code transformations ...
INFO: [HLS 200-111] Finished Standard Transforms: CPU user time: 0 seconds. CPU system time: 0 seconds. Elapsed time: 0.017 seconds; current allocated memory: 200.812 MB.
INFO: [HLS 200-10] Checking synthesizability ...
INFO: [HLS 200-111] Finished Checking Synthesizability: CPU user time: 0 seconds. CPU system time: 0 seconds. Elapsed time: 0.014 seconds; current allocated memory: 201.801 MB.
INFO: [HLS 200-111] Finished Loop, function and other optimizations: CPU user time: 0 seconds. CPU system time: 0 seconds. Elapsed time: 0.029 seconds; current allocated memory: 221.945 MB.
INFO: [HLS 200-111] Finished Architecture Synthesis: CPU user time: 0 seconds. CPU system time: 0 seconds. Elapsed time: 0.016 seconds; current allocated memory: 221.965 MB.
INFO: [HLS 200-10] Starting hardware synthesis ...
INFO: [HLS 200-10] Synthesizing 'mux' ...
INFO: [HLS 200-10] ----------------------------------------------------------------
INFO: [HLS 200-42] -- Implementing module 'mux' 
INFO: [HLS 200-10] ----------------------------------------------------------------
INFO: [SCHED 204-11] Starting scheduling ...
INFO: [SCHED 204-11] Finished scheduling.
INFO: [HLS 200-111] Finished Scheduling: CPU user time: 0 seconds. CPU system time: 0 seconds. Elapsed time: 0.102 seconds; current allocated memory: 221.965 MB.
INFO: [BIND 205-100] Starting micro-architecture generation ...
INFO: [BIND 205-101] Performing variable lifetime analysis.
INFO: [BIND 205-101] Exploring resource sharing.
INFO: [BIND 205-101] Binding ...
INFO: [BIND 205-100] Finished micro-architecture generation.
INFO: [HLS 200-111] Finished Binding: CPU user time: 0 seconds. CPU system time: 0 seconds. Elapsed time: 0.05 seconds; current allocated memory: 221.965 MB.
INFO: [HLS 200-10] ----------------------------------------------------------------
INFO: [HLS 200-10] -- Generating RTL for module 'mux' 
INFO: [HLS 200-10] ----------------------------------------------------------------
INFO: [RTGEN 206-500] Setting interface mode on port 'mux/a' to 'ap_none'.
INFO: [RTGEN 206-500] Setting interface mode on port 'mux/b' to 'ap_none'.
INFO: [RTGEN 206-500] Setting interface mode on port 'mux/sel' to 'ap_none'.
INFO: [RTGEN 206-500] Setting interface mode on function 'mux' to 'ap_ctrl_hs'.
INFO: [RTGEN 206-100] Finished creating RTL model for 'mux'.
INFO: [HLS 200-111] Finished Creating RTL model: CPU user time: 0 seconds. CPU system time: 0 seconds. Elapsed time: 0.07 seconds; current allocated memory: 221.965 MB.
INFO: [HLS 200-111] Finished Generating all RTL models: CPU user time: 0 seconds. CPU system time: 0 seconds. Elapsed time: 0.259 seconds; current allocated memory: 225.289 MB.
INFO: [HLS 200-111] Finished Updating report files: CPU user time: 0 seconds. CPU system time: 0 seconds. Elapsed time: 0.545 seconds; current allocated memory: 229.262 MB.
INFO: [VHDL 208-304] Generating VHDL RTL for mux.
INFO: [VLOG 209-307] Generating Verilog RTL for mux.
INFO: [HLS 200-789] **** Estimated Fmax: 2898.55 MHz
INFO: [HLS 200-111] Finished Command csynth_design CPU user time: 0 seconds. CPU system time: 0 seconds. Elapsed time: 9.647 seconds; current allocated memory: 36.363 MB.
==============================================================
Vitis HLS - High-Level Synthesis from C, C++ and OpenCL v2023.2 (64-bit)
Tool Version Limit: 2023.10
Copyright 1986-2022 Xilinx, Inc. All Rights Reserved.
Copyright 2022-2023 Advanced Micro Devices, Inc. All Rights Reserved.

==============================================================
INFO: [SYN 201-201] Setting up clock 'default' with a period of 10ns.
INFO: [HLS 200-1611] Setting target device to 'xcvu11p-flga2577-1-e'
INFO: [HLS 200-1505] Using flow_target 'vivado'
INFO: [HLS 200-1464] Running solution command: config_cosim -tool=xsim
INFO: [HLS 200-1510] Running: set_part xcvu11p-flga2577-1-e 
INFO: [HLS 200-1510] Running: create_clock -period 10 -name default 
INFO: [SYN 201-201] Setting up clock 'default' with a period of 10ns.
INFO: [HLS 200-1510] Running: config_cosim -tool xsim 
INFO: [HLS 200-1510] Running: cosim_design 
INFO: [COSIM 212-47] Using XSIM for RTL simulation.
INFO: [COSIM 212-14] Instrumenting C test bench ...
INFO: [COSIM 212-302] Starting C TB testing ... 
INFO: [COSIM 212-333] Generating C post check test bench ...
INFO: [COSIM 212-12] Generating RTL test bench ...
ERROR: [COSIM 212-5] *** C/RTL co-simulation file generation failed. ***
ERROR: [COSIM 212-4] *** C/RTL co-simulation finished: FAIL ***
INFO: [COSIM 212-210] Design is translated to an combinational logic. II and Latency will be marked as all 0.
INFO: [HLS 200-111] Finished Command cosim_design CPU user time: 0 seconds. CPU system time: 0 seconds. Elapsed time: 6.047 seconds; current allocated memory: 5.332 MB.
