#-----------------------------------------------------------
# xsim v2023.2 (64-bit)
# SW Build 4029153 on Fri Oct 13 20:14:34 MDT 2023
# IP Build 4028589 on Sat Oct 14 00:45:43 MDT 2023
# SharedData Build 4025554 on Tue Oct 10 17:18:54 MDT 2023
# Start of session at: Mon Apr  8 10:41:06 2024
# Process ID: 23632
# Current directory: C:/Users/kwokt/Desktop/Clone_HLS-Models/HLS-Models/Simple-Designs/Combinational/Arithmetic/Logical_operators/logic_op/solution1/sim/verilog
# Command line: xsim.exe -mode tcl -source {xsim.dir/perform_logic_operation/xsim_script.tcl}
# Log file: C:/Users/kwokt/Desktop/Clone_HLS-Models/HLS-Models/Simple-Designs/Combinational/Arithmetic/Logical_operators/logic_op/solution1/sim/verilog/xsim.log
# Journal file: C:/Users/kwokt/Desktop/Clone_HLS-Models/HLS-Models/Simple-Designs/Combinational/Arithmetic/Logical_operators/logic_op/solution1/sim/verilog\xsim.jou
# Running On: billy, OS: Windows, CPU Frequency: 3294 MHz, CPU Physical cores: 16, Host memory: 16542 MB
#-----------------------------------------------------------
source xsim.dir/perform_logic_operation/xsim_script.tcl
# xsim {perform_logic_operation} -autoloadwcfg -tclbatch {perform_logic_operation.tcl}
Time resolution is 1 ps
source perform_logic_operation.tcl
## run all
////////////////////////////////////////////////////////////////////////////////////
// Inter-Transaction Progress: Completed Transaction / Total Transaction
// Intra-Transaction Progress: Measured Latency / Latency Estimation * 100%
//
// RTL Simulation : "Inter-Transaction Progress" ["Intra-Transaction Progress"] @ "Simulation Time"
////////////////////////////////////////////////////////////////////////////////////
// RTL Simulation : 0 / 4 [n/a] @ "125000"
// RTL Simulation : 1 / 4 [n/a] @ "145000"
// RTL Simulation : 2 / 4 [n/a] @ "155000"
// RTL Simulation : 3 / 4 [n/a] @ "165000"
// RTL Simulation : 4 / 4 [n/a] @ "175000"
////////////////////////////////////////////////////////////////////////////////////
$finish called at time : 235 ns : File "C:/Users/kwokt/Desktop/Clone_HLS-Models/HLS-Models/Simple-Designs/Combinational/Arithmetic/Logical_operators/logic_op/solution1/sim/verilog/perform_logic_operation.autotb.v" Line 374
## quit
INFO: [Common 17-206] Exiting xsim at Mon Apr  8 10:41:08 2024...
