                             latency        interval
transaction       0:               0               1
transaction       1:               0               1
transaction       2:               0               1
transaction       3:               0               1
transaction       4:               0               1
transaction       5:               0               1
transaction       6:               0               1
transaction       7:               0               1
transaction       8:               0               1
transaction       9:               0               1
transaction      10:               0               1
transaction      11:               0               1
transaction      12:               0               1
transaction      13:               0               1
transaction      14:               0               1
transaction      15:               0               1
transaction      16:               0               1
transaction      17:               0               1
transaction      18:               0               1
transaction      19:               0               1
transaction      20:               0               1
transaction      21:               0               1
transaction      22:               0               1
transaction      23:               0               1
transaction      24:               0               1
transaction      25:               0               1
transaction      26:               0               1
transaction      27:               0               1
transaction      28:               0               1
transaction      29:               0               1
transaction      30:               0               1
transaction      31:               0               1
transaction      32:               0               1
transaction      33:               0               1
transaction      34:               0               1
transaction      35:               0               1
transaction      36:               0               1
transaction      37:               0               1
transaction      38:               0               1
transaction      39:               0               1
transaction      40:               0               1
transaction      41:               0               1
transaction      42:               0               1
transaction      43:               0               1
transaction      44:               0               1
transaction      45:               0               1
transaction      46:               0               1
transaction      47:               0               1
transaction      48:               0               1
transaction      49:               0               1
transaction      50:               0               1
transaction      51:               0               1
transaction      52:               0               1
transaction      53:               0               1
transaction      54:               0               1
transaction      55:               0               1
transaction      56:               0               1
transaction      57:               0               1
transaction      58:               0               1
transaction      59:               0               1
transaction      60:               0               1
transaction      61:               0               1
transaction      62:               0               1
transaction      63:               0               1
transaction      64:               0               1
transaction      65:               0               1
transaction      66:               0               1
transaction      67:               0               1
transaction      68:               0               1
transaction      69:               0               1
transaction      70:               0               1
transaction      71:               0               1
transaction      72:               0               1
transaction      73:               0               1
transaction      74:               0               1
transaction      75:               0               1
transaction      76:               0               1
transaction      77:               0               1
transaction      78:               0               1
transaction      79:               0               1
transaction      80:               0               1
transaction      81:               0               1
transaction      82:               0               1
transaction      83:               0               1
transaction      84:               0               1
transaction      85:               0               1
transaction      86:               0               1
transaction      87:               0               1
transaction      88:               0               1
transaction      89:               0               1
transaction      90:               0               1
transaction      91:               0               1
transaction      92:               0               1
transaction      93:               0               1
transaction      94:               0               1
transaction      95:               0               1
transaction      96:               0               1
transaction      97:               0               1
transaction      98:               0               1
transaction      99:               0               1
transaction     100:               0               1
transaction     101:               0               1
transaction     102:               0               1
transaction     103:               0               1
transaction     104:               0               1
transaction     105:               0               1
transaction     106:               0               1
transaction     107:               0               1
transaction     108:               0               1
transaction     109:               0               1
transaction     110:               0               1
transaction     111:               0               1
transaction     112:               0               1
transaction     113:               0               1
transaction     114:               0               1
transaction     115:               0               1
transaction     116:               0               1
transaction     117:               0               1
transaction     118:               0               1
transaction     119:               0               1
transaction     120:               0               1
transaction     121:               0               1
transaction     122:               0               1
transaction     123:               0               1
transaction     124:               0               1
transaction     125:               0               1
transaction     126:               0               1
transaction     127:               0               1
transaction     128:               0               1
transaction     129:               0               1
transaction     130:               0               1
transaction     131:               0               1
transaction     132:               0               1
transaction     133:               0               1
transaction     134:               0               1
transaction     135:               0               1
transaction     136:               0               1
transaction     137:               0               1
transaction     138:               0               1
transaction     139:               0               1
transaction     140:               0               1
transaction     141:               0               1
transaction     142:               0               1
transaction     143:               0               1
transaction     144:               0               1
transaction     145:               0               1
transaction     146:               0               1
transaction     147:               0               1
transaction     148:               0               1
transaction     149:               0               1
transaction     150:               0               1
transaction     151:               0               1
transaction     152:               0               1
transaction     153:               0               1
transaction     154:               0               1
transaction     155:               0               1
transaction     156:               0               1
transaction     157:               0               1
transaction     158:               0               1
transaction     159:               0               1
transaction     160:               0               1
transaction     161:               0               1
transaction     162:               0               1
transaction     163:               0               1
transaction     164:               0               1
transaction     165:               0               1
transaction     166:               0               1
transaction     167:               0               1
transaction     168:               0               1
transaction     169:               0               1
transaction     170:               0               1
transaction     171:               0               1
transaction     172:               0               1
transaction     173:               0               1
transaction     174:               0               1
transaction     175:               0               1
transaction     176:               0               1
transaction     177:               0               1
transaction     178:               0               1
transaction     179:               0               1
transaction     180:               0               1
transaction     181:               0               1
transaction     182:               0               1
transaction     183:               0               1
transaction     184:               0               1
transaction     185:               0               1
transaction     186:               0               1
transaction     187:               0               1
transaction     188:               0               1
transaction     189:               0               1
transaction     190:               0               1
transaction     191:               0               1
transaction     192:               0               1
transaction     193:               0               1
transaction     194:               0               1
transaction     195:               0               1
transaction     196:               0               1
transaction     197:               0               1
transaction     198:               0               1
transaction     199:               0               x
