

================================================================
== Synthesis Summary Report of 'decade_counter'
================================================================
+ General Information: 
    * Date:           Mon Jun  3 00:37:25 2024
    * Version:        2023.2 (Build 4023990 on Oct 11 2023)
    * Project:        slow_decade_counter
    * Solution:       solution1 (Vivado IP Flow Target)
    * Product family: virtexuplus
    * Target device:  xcvu11p-flga2577-1-e
    

+ Performance & Resource Estimates: 
    
    PS: '+' for module; 'o' for loop; '*' for dataflow
    +------------------+------+------+---------+--------+----------+---------+------+----------+------+----+---------+----------+-----+
    |      Modules     | Issue|      | Latency | Latency| Iteration|         | Trip |          |      |    |         |          |     |
    |      & Loops     | Type | Slack| (cycles)|  (ns)  |  Latency | Interval| Count| Pipelined| BRAM | DSP|    FF   |    LUT   | URAM|
    +------------------+------+------+---------+--------+----------+---------+------+----------+------+----+---------+----------+-----+
    |+ decade_counter  |     -|  5.80|        0|   0.000|         -|        1|     -|        no|     -|   -|  5 (~0%)|  57 (~0%)|    -|
    +------------------+------+------+---------+--------+----------+---------+------+----------+------+----+---------+----------+-----+


================================================================
== HW Interfaces
================================================================
* Other Ports
+---------+---------+-----------+----------+
| Port    | Mode    | Direction | Bitwidth |
+---------+---------+-----------+----------+
| out_r   | ap_none | out       | 4        |
| reset   | ap_none | in        | 1        |
| slowena | ap_none | in        | 1        |
+---------+---------+-----------+----------+

* TOP LEVEL CONTROL
+-----------+--------------+--------+
| Interface | Type         | Ports  |
+-----------+--------------+--------+
| ap_clk    | clock        | ap_clk |
| ap_rst    | reset        | ap_rst |
| ap_ctrl   | ap_ctrl_none |        |
+-----------+--------------+--------+


================================================================
== SW I/O Information
================================================================
* Top Function Arguments
+----------+-----------+-------------+
| Argument | Direction | Datatype    |
+----------+-----------+-------------+
| reset    | in        | ap_uint<1>& |
| slowena  | in        | ap_uint<1>& |
| out      | out       | ap_uint<4>& |
+----------+-----------+-------------+

* SW-to-HW Mapping
+----------+--------------+---------+
| Argument | HW Interface | HW Type |
+----------+--------------+---------+
| reset    | reset        | port    |
| slowena  | slowena      | port    |
| out      | out_r        | port    |
+----------+--------------+---------+


================================================================
== Bind Op Report
================================================================
+---------------------+-----+--------+----------+-----+--------+---------+
| Name                | DSP | Pragma | Variable | Op  | Impl   | Latency |
+---------------------+-----+--------+----------+-----+--------+---------+
| + decade_counter    | 0   |        |          |     |        |         |
|   add_ln21_fu_79_p2 |     |        | add_ln21 | add | fabric | 0       |
+---------------------+-----+--------+----------+-----+--------+---------+


================================================================
== Storage Report
================================================================
  No bind storage info in design

================================================================
== Pragma Report
================================================================
* Valid Pragma Syntax
+-----------+--------------------------+--------------------------------------------------+
| Type      | Options                  | Location                                         |
+-----------+--------------------------+--------------------------------------------------+
| interface | ap_ctrl_none port=return | decade_counter.cpp:8 in decade_counter, return   |
| interface | ap_none port=reset       | decade_counter.cpp:9 in decade_counter, reset    |
| interface | ap_none port=slowena     | decade_counter.cpp:10 in decade_counter, slowena |
| interface | ap_none port=out         | decade_counter.cpp:11 in decade_counter, out     |
+-----------+--------------------------+--------------------------------------------------+


