#-----------------------------------------------------------
# xsim v2023.2 (64-bit)
# SW Build 4029153 on Fri Oct 13 20:14:34 MDT 2023
# IP Build 4028589 on Sat Oct 14 00:45:43 MDT 2023
# SharedData Build 4025554 on Tue Oct 10 17:18:54 MDT 2023
# Start of session at: Mon Jun  3 00:37:51 2024
# Process ID: 5660
# Current directory: C:/Users/kwokt/HLS-Models/Simple-Designs/Sequential/Counters/Slow-decade-counter/slow_decade_counter/solution1/sim/verilog
# Command line: xsim.exe -mode tcl -source {xsim.dir/decade_counter/xsim_script.tcl}
# Log file: C:/Users/kwokt/HLS-Models/Simple-Designs/Sequential/Counters/Slow-decade-counter/slow_decade_counter/solution1/sim/verilog/xsim.log
# Journal file: C:/Users/kwokt/HLS-Models/Simple-Designs/Sequential/Counters/Slow-decade-counter/slow_decade_counter/solution1/sim/verilog\xsim.jou
# Running On: billy, OS: Windows, CPU Frequency: 3294 MHz, CPU Physical cores: 16, Host memory: 16542 MB
#-----------------------------------------------------------
source xsim.dir/decade_counter/xsim_script.tcl
# xsim {decade_counter} -autoloadwcfg -tclbatch {decade_counter.tcl}
Time resolution is 1 ps
source decade_counter.tcl
## run all
////////////////////////////////////////////////////////////////////////////////////
// Inter-Transaction Progress: Completed Transaction / Total Transaction
// Intra-Transaction Progress: Measured Latency / Latency Estimation * 100%
//
// RTL Simulation : "Inter-Transaction Progress" ["Intra-Transaction Progress"] @ "Simulation Time"
////////////////////////////////////////////////////////////////////////////////////
// RTL Simulation : 0 / 26 [n/a] @ "125000"
// RTL Simulation : 1 / 26 [n/a] @ "145000"
// RTL Simulation : 2 / 26 [n/a] @ "155000"
// RTL Simulation : 3 / 26 [n/a] @ "165000"
// RTL Simulation : 4 / 26 [n/a] @ "175000"
// RTL Simulation : 5 / 26 [n/a] @ "185000"
// RTL Simulation : 6 / 26 [n/a] @ "195000"
// RTL Simulation : 7 / 26 [n/a] @ "205000"
// RTL Simulation : 8 / 26 [n/a] @ "215000"
// RTL Simulation : 9 / 26 [n/a] @ "225000"
// RTL Simulation : 10 / 26 [n/a] @ "235000"
// RTL Simulation : 11 / 26 [n/a] @ "245000"
// RTL Simulation : 12 / 26 [n/a] @ "255000"
// RTL Simulation : 13 / 26 [n/a] @ "265000"
// RTL Simulation : 14 / 26 [n/a] @ "275000"
// RTL Simulation : 15 / 26 [n/a] @ "285000"
// RTL Simulation : 16 / 26 [n/a] @ "295000"
// RTL Simulation : 17 / 26 [n/a] @ "305000"
// RTL Simulation : 18 / 26 [n/a] @ "315000"
// RTL Simulation : 19 / 26 [n/a] @ "325000"
// RTL Simulation : 20 / 26 [n/a] @ "335000"
// RTL Simulation : 21 / 26 [n/a] @ "345000"
// RTL Simulation : 22 / 26 [n/a] @ "355000"
// RTL Simulation : 23 / 26 [n/a] @ "365000"
// RTL Simulation : 24 / 26 [n/a] @ "375000"
// RTL Simulation : 25 / 26 [n/a] @ "385000"
// RTL Simulation : 26 / 26 [n/a] @ "395000"
////////////////////////////////////////////////////////////////////////////////////
$finish called at time : 445 ns : File "C:/Users/kwokt/HLS-Models/Simple-Designs/Sequential/Counters/Slow-decade-counter/slow_decade_counter/solution1/sim/verilog/decade_counter.autotb.v" Line 308
## quit
INFO: [Common 17-206] Exiting xsim at Mon Jun  3 00:37:53 2024...
