C:\Users\kwokt\HLS-Models\Simple-Designs\Combinational\Arithmetic\ALU\alu_half_adder\alu_ap_uint_16bit\solution1\.autopilot\db\alu_ap_uint_16bit.pp.0.cpp:26872:7: warning: Added loop label VITIS_LOOP_1207_1:   [xilinx-label-all-loops]
      for (i = 0; i < __N - 1; ++i) {
      ^~~
      VITIS_LOOP_1207_1: 
C:\Users\kwokt\HLS-Models\Simple-Designs\Combinational\Arithmetic\ALU\alu_half_adder\alu_ap_uint_16bit\solution1\.autopilot\db\alu_ap_uint_16bit.pp.0.cpp:26872:7: note: FIX-IT applied suggested code changes
C:\Users\kwokt\HLS-Models\Simple-Designs\Combinational\Arithmetic\ALU\alu_half_adder\alu_ap_uint_16bit\solution1\.autopilot\db\alu_ap_uint_16bit.pp.0.cpp:27846:5: warning: Added loop label VITIS_LOOP_676_1:   [xilinx-label-all-loops]
    for (unsigned i = low; i != high; ++i) {
    ^~~
    VITIS_LOOP_676_1: 
C:\Users\kwokt\HLS-Models\Simple-Designs\Combinational\Arithmetic\ALU\alu_half_adder\alu_ap_uint_16bit\solution1\.autopilot\db\alu_ap_uint_16bit.pp.0.cpp:27846:5: note: FIX-IT applied suggested code changes
C:\Users\kwokt\HLS-Models\Simple-Designs\Combinational\Arithmetic\ALU\alu_half_adder\alu_ap_uint_16bit\solution1\.autopilot\db\alu_ap_uint_16bit.pp.0.cpp:27860:5: warning: Added loop label VITIS_LOOP_690_1:   [xilinx-label-all-loops]
    for (unsigned i = low; i != high; ++i) {
    ^~~
    VITIS_LOOP_690_1: 
C:\Users\kwokt\HLS-Models\Simple-Designs\Combinational\Arithmetic\ALU\alu_half_adder\alu_ap_uint_16bit\solution1\.autopilot\db\alu_ap_uint_16bit.pp.0.cpp:27860:5: note: FIX-IT applied suggested code changes
C:\Users\kwokt\HLS-Models\Simple-Designs\Combinational\Arithmetic\ALU\alu_half_adder\alu_ap_uint_16bit\solution1\.autopilot\db\alu_ap_uint_16bit.pp.0.cpp:27874:5: warning: Added loop label VITIS_LOOP_704_1:   [xilinx-label-all-loops]
    for (unsigned i = low; i != high; ++i) {
    ^~~
    VITIS_LOOP_704_1: 
C:\Users\kwokt\HLS-Models\Simple-Designs\Combinational\Arithmetic\ALU\alu_half_adder\alu_ap_uint_16bit\solution1\.autopilot\db\alu_ap_uint_16bit.pp.0.cpp:27874:5: note: FIX-IT applied suggested code changes
C:\Users\kwokt\HLS-Models\Simple-Designs\Combinational\Arithmetic\ALU\alu_half_adder\alu_ap_uint_16bit\solution1\.autopilot\db\alu_ap_uint_16bit.pp.0.cpp:29503:7: warning: Added loop label VITIS_LOOP_1247_1:   [xilinx-label-all-loops]
      for (i = 0; i < __N - 1; ++i) {
      ^~~
      VITIS_LOOP_1247_1: 
C:\Users\kwokt\HLS-Models\Simple-Designs\Combinational\Arithmetic\ALU\alu_half_adder\alu_ap_uint_16bit\solution1\.autopilot\db\alu_ap_uint_16bit.pp.0.cpp:29503:7: note: FIX-IT applied suggested code changes
