INFO: [vitis-run 60-1548] Creating build summary session with primary output C:/Users/kwokt/HLS-Models/Simple-Designs/Combinational/Arithmetic/Adders/Full_adder/full_adder/hls_component/full_adder\full_adder.hlsrun_cosim_summary, at 05/13/24 00:52:32
INFO: [vitis-run 82-31] Launching vitis_hls: vitis_hls -nolog -run cosim -work_dir C:/Users/kwokt/HLS-Models/Simple-Designs/Combinational/Arithmetic/Adders/Full_adder/full_adder/hls_component/full_adder -config C:/Users/kwokt/HLS-Models/Simple-Designs/Combinational/Arithmetic/Adders/Full_adder/full_adder/hls_component/hls_config.cfg -cmdlineconfig C:/Users/kwokt/HLS-Models/Simple-Designs/Combinational/Arithmetic/Adders/Full_adder/full_adder/hls_component/full_adder/hls/config.cmdline

****** Vitis HLS - High-Level Synthesis from C, C++ and OpenCL v2023.2 (64-bit)
  **** SW Build 4023990 on Oct 11 2023
  **** IP Build 4028589 on Sat Oct 14 00:45:43 MDT 2023
  **** SharedData Build 4025554 on Tue Oct 10 17:18:54 MDT 2023
    ** Copyright 1986-2022 Xilinx, Inc. All Rights Reserved.
    ** Copyright 2022-2023 Advanced Micro Devices, Inc. All Rights Reserved.

source C:/Xilinx/Vitis_HLS/2023.2/scripts/vitis_hls/hls.tcl -notrace
INFO: [HLS 200-10] Running 'C:/Xilinx/Vitis_HLS/2023.2/bin/unwrapped/win64.o/vitis_hls.exe'
INFO: [HLS 200-10] For user 'kwokt' on host 'billy' (Windows NT_amd64 version 6.2) on Mon May 13 00:52:36 -0400 2024
INFO: [HLS 200-10] In directory 'C:/Users/kwokt/HLS-Models/Simple-Designs/Combinational/Arithmetic/Adders/Full_adder/full_adder/hls_component'
INFO: [HLS 200-1909] Reading HLS ini file C:/Users/kwokt/HLS-Models/Simple-Designs/Combinational/Arithmetic/Adders/Full_adder/full_adder/hls_component/hls_config.cfg
INFO: [HLS 200-1909] Reading HLS ini file C:/Users/kwokt/HLS-Models/Simple-Designs/Combinational/Arithmetic/Adders/Full_adder/full_adder/hls_component/full_adder/hls/config.cmdline
INFO: [HLS 200-2005] Using work_dir C:/Users/kwokt/HLS-Models/Simple-Designs/Combinational/Arithmetic/Adders/Full_adder/full_adder/hls_component/full_adder 
INFO: [HLS 200-1510] Running: open_project C:/Users/kwokt/HLS-Models/Simple-Designs/Combinational/Arithmetic/Adders/Full_adder/full_adder/hls_component/full_adder -diskless 
INFO: [HLS 200-1510] Running: open_solution hls 
INFO: [HLS 200-1505] Using default flow_target 'vivado'
Resolution: For help on HLS 200-1505 see docs.xilinx.com/access/sources/dita/topic?Doc_Version=2023.2%20English&url=ug1448-hls-guidance&resourceid=200-1505.html
INFO: [HLS 200-1510] Running: apply_ini C:/Users/kwokt/HLS-Models/Simple-Designs/Combinational/Arithmetic/Adders/Full_adder/full_adder/hls_component/hls_config.cfg 
INFO: [HLS 200-1909] Reading HLS ini file C:/Users/kwokt/HLS-Models/Simple-Designs/Combinational/Arithmetic/Adders/Full_adder/full_adder/hls_component/hls_config.cfg
INFO: [HLS 200-1465] Applying ini 'syn.file=C:/Users/kwokt/HLS-Models/Simple-Designs/Combinational/Arithmetic/Adders/Full_adder/full_adder.hpp' at C:/Users/kwokt/HLS-Models/Simple-Designs/Combinational/Arithmetic/Adders/Full_adder/full_adder/hls_component/hls_config.cfg(6)
INFO: [HLS 200-10] Adding design file 'C:/Users/kwokt/HLS-Models/Simple-Designs/Combinational/Arithmetic/Adders/Full_adder/full_adder.hpp' to the project
INFO: [HLS 200-1465] Applying ini 'syn.file=C:/Users/kwokt/HLS-Models/Simple-Designs/Combinational/Arithmetic/Adders/Full_adder/full_adder.cpp' at C:/Users/kwokt/HLS-Models/Simple-Designs/Combinational/Arithmetic/Adders/Full_adder/full_adder/hls_component/hls_config.cfg(7)
INFO: [HLS 200-10] Adding design file 'C:/Users/kwokt/HLS-Models/Simple-Designs/Combinational/Arithmetic/Adders/Full_adder/full_adder.cpp' to the project
INFO: [HLS 200-1465] Applying ini 'tb.file=C:/Users/kwokt/HLS-Models/Simple-Designs/Combinational/Arithmetic/Adders/Full_adder/tb_full_adder.cpp' at C:/Users/kwokt/HLS-Models/Simple-Designs/Combinational/Arithmetic/Adders/Full_adder/full_adder/hls_component/hls_config.cfg(9)
INFO: [HLS 200-10] Adding test bench file 'C:/Users/kwokt/HLS-Models/Simple-Designs/Combinational/Arithmetic/Adders/Full_adder/tb_full_adder.cpp' to the project
INFO: [HLS 200-1465] Applying ini 'syn.top=full_adder' at C:/Users/kwokt/HLS-Models/Simple-Designs/Combinational/Arithmetic/Adders/Full_adder/full_adder/hls_component/hls_config.cfg(8)
INFO: [HLS 200-1465] Applying ini 'flow_target=vivado' at C:/Users/kwokt/HLS-Models/Simple-Designs/Combinational/Arithmetic/Adders/Full_adder/full_adder/hls_component/hls_config.cfg(5)
INFO: [HLS 200-1505] Using flow_target 'vivado'
Resolution: For help on HLS 200-1505 see docs.xilinx.com/access/sources/dita/topic?Doc_Version=2023.2%20English&url=ug1448-hls-guidance&resourceid=200-1505.html
INFO: [HLS 200-1465] Applying ini 'part=xcvu11p-flga2577-1-e' at C:/Users/kwokt/HLS-Models/Simple-Designs/Combinational/Arithmetic/Adders/Full_adder/full_adder/hls_component/hls_config.cfg(1)
INFO: [HLS 200-1611] Setting target device to 'xcvu11p-flga2577-1-e'
INFO: [HLS 200-1465] Applying ini 'clock=10ns' at C:/Users/kwokt/HLS-Models/Simple-Designs/Combinational/Arithmetic/Adders/Full_adder/full_adder/hls_component/hls_config.cfg(4)
INFO: [SYN 201-201] Setting up clock 'default' with a period of 10ns.
INFO: [HLS 200-1465] Applying ini 'cosim.tool=xsim' at C:/Users/kwokt/HLS-Models/Simple-Designs/Combinational/Arithmetic/Adders/Full_adder/full_adder/hls_component/hls_config.cfg(10)
INFO: [HLS 200-1510] Running: apply_ini C:/Users/kwokt/HLS-Models/Simple-Designs/Combinational/Arithmetic/Adders/Full_adder/full_adder/hls_component/full_adder/hls/config.cmdline 
INFO: [HLS 200-1909] Reading HLS ini file C:/Users/kwokt/HLS-Models/Simple-Designs/Combinational/Arithmetic/Adders/Full_adder/full_adder/hls_component/full_adder/hls/config.cmdline
INFO: [HLS 200-1510] Running: cosim_design 
INFO: [COSIM 212-47] Using XSIM for RTL simulation.
INFO: [COSIM 212-14] Instrumenting C test bench ...
   Build using "C:/Xilinx/Vitis_HLS/2023.2/tps/win64/msys64/mingw64/bin/g++"
   Compiling full_adder.cpp_pre.cpp.tb.cpp
   Compiling tb_full_adder.cpp_pre.cpp.tb.cpp
   Compiling apatb_full_adder.cpp
   Compiling apatb_full_adder_ir.ll
   Generating cosim.tv.exe
INFO: [COSIM 212-302] Starting C TB testing ... 
Input: A=5, B=3, C_In=1 | Output: Sum=7, Carry=1
INFO: [COSIM 212-333] Generating C post check test bench ...
INFO: [COSIM 212-12] Generating RTL test bench ...
INFO: [COSIM 212-1] *** C/RTL co-simulation file generation completed. ***
INFO: [COSIM 212-323] Starting verilog simulation. 
INFO: [COSIM 212-15] Starting XSIM ...

C:\Users\kwokt\HLS-Models\Simple-Designs\Combinational\Arithmetic\Adders\Full_adder\full_adder\hls_component\full_adder\hls\sim\verilog>set PATH= 

C:\Users\kwokt\HLS-Models\Simple-Designs\Combinational\Arithmetic\Adders\Full_adder\full_adder\hls_component\full_adder\hls\sim\verilog>call C:/Xilinx/Vivado/2023.2/bin/xelab xil_defaultlib.apatb_full_adder_top glbl -Oenable_linking_all_libraries  -prj full_adder.prj -L smartconnect_v1_0 -L axi_protocol_checker_v1_1_12 -L axi_protocol_checker_v1_1_13 -L axis_protocol_checker_v1_1_11 -L axis_protocol_checker_v1_1_12 -L xil_defaultlib -L unisims_ver -L xpm  -L floating_point_v7_1_16 -L floating_point_v7_0_21 --lib "ieee_proposed=./ieee_proposed" -s full_adder  
Vivado Simulator v2023.2
Copyright 1986-2022 Xilinx, Inc. All Rights Reserved.
Copyright 2022-2023 Advanced Micro Devices, Inc. All Rights Reserved.
Running: C:/Xilinx/Vivado/2023.2/bin/unwrapped/win64.o/xelab.exe xil_defaultlib.apatb_full_adder_top glbl -Oenable_linking_all_libraries -prj full_adder.prj -L smartconnect_v1_0 -L axi_protocol_checker_v1_1_12 -L axi_protocol_checker_v1_1_13 -L axis_protocol_checker_v1_1_11 -L axis_protocol_checker_v1_1_12 -L xil_defaultlib -L unisims_ver -L xpm -L floating_point_v7_1_16 -L floating_point_v7_0_21 --lib ieee_proposed=./ieee_proposed -s full_adder 
Multi-threading is on. Using 14 slave threads.
INFO: [VRFC 10-2263] Analyzing SystemVerilog file "C:/Users/kwokt/HLS-Models/Simple-Designs/Combinational/Arithmetic/Adders/Full_adder/full_adder/hls_component/full_adder/hls/sim/verilog/glbl.v" into library work
INFO: [VRFC 10-311] analyzing module glbl
INFO: [VRFC 10-2263] Analyzing SystemVerilog file "C:/Users/kwokt/HLS-Models/Simple-Designs/Combinational/Arithmetic/Adders/Full_adder/full_adder/hls_component/full_adder/hls/sim/verilog/full_adder.autotb.v" into library xil_defaultlib
INFO: [VRFC 10-311] analyzing module apatb_full_adder_top
INFO: [VRFC 10-2263] Analyzing SystemVerilog file "C:/Users/kwokt/HLS-Models/Simple-Designs/Combinational/Arithmetic/Adders/Full_adder/full_adder/hls_component/full_adder/hls/sim/verilog/full_adder.v" into library xil_defaultlib
INFO: [VRFC 10-311] analyzing module full_adder
INFO: [VRFC 10-2263] Analyzing SystemVerilog file "C:/Users/kwokt/HLS-Models/Simple-Designs/Combinational/Arithmetic/Adders/Full_adder/full_adder/hls_component/full_adder/hls/sim/verilog/dataflow_monitor.sv" into library xil_defaultlib
INFO: [VRFC 10-311] analyzing module dataflow_monitor
Starting static elaboration
Pass Through NonSizing Optimizer
Completed static elaboration
Starting simulation data flow analysis
Completed simulation data flow analysis
Time Resolution for simulation is 1ps
Compiling package xil_defaultlib.$unit_dataflow_monitor_sv
Compiling module xil_defaultlib.full_adder
Compiling module xil_defaultlib.nodf_module_intf
Compiling module xil_defaultlib.dataflow_monitor_1
Compiling module xil_defaultlib.apatb_full_adder_top
Compiling module work.glbl
Built simulation snapshot full_adder

****** xsim v2023.2 (64-bit)
  **** SW Build 4029153 on Fri Oct 13 20:14:34 MDT 2023
  **** IP Build 4028589 on Sat Oct 14 00:45:43 MDT 2023
  **** SharedData Build 4025554 on Tue Oct 10 17:18:54 MDT 2023
    ** Copyright 1986-2022 Xilinx, Inc. All Rights Reserved.
    ** Copyright 2022-2023 Advanced Micro Devices, Inc. All Rights Reserved.

source xsim.dir/full_adder/xsim_script.tcl
# xsim {full_adder} -autoloadwcfg -tclbatch {full_adder.tcl}
Time resolution is 1 ps
source full_adder.tcl
## run all
////////////////////////////////////////////////////////////////////////////////////
// Inter-Transaction Progress: Completed Transaction / Total Transaction
// Intra-Transaction Progress: Measured Latency / Latency Estimation * 100%
//
// RTL Simulation : "Inter-Transaction Progress" ["Intra-Transaction Progress"] @ "Simulation Time"
////////////////////////////////////////////////////////////////////////////////////
// RTL Simulation : 0 / 1 [n/a] @ "125000"
// RTL Simulation : 1 / 1 [n/a] @ "145000"
////////////////////////////////////////////////////////////////////////////////////
$finish called at time : 205 ns : File "C:/Users/kwokt/HLS-Models/Simple-Designs/Combinational/Arithmetic/Adders/Full_adder/full_adder/hls_component/full_adder/hls/sim/verilog/full_adder.autotb.v" Line 456
## quit
INFO: [Common 17-206] Exiting xsim at Mon May 13 00:53:04 2024...
INFO: [COSIM 212-316] Starting C post checking ...
Input: A=5, B=3, C_In=1 | Output: Sum=7, Carry=1
INFO: [COSIM 212-1000] *** C/RTL co-simulation finished: PASS ***
INFO: [COSIM 212-210] Design is translated to an combinational logic. II and Latency will be marked as all 0.
INFO: [HLS 200-111] Finished Command cosim_design CPU user time: 1 seconds. CPU system time: 0 seconds. Elapsed time: 26.362 seconds; current allocated memory: 11.246 MB.
INFO: [HLS 200-1510] Running: close_project 
INFO: [HLS 200-112] Total CPU user time: 4 seconds. Total CPU system time: 1 seconds. Total elapsed time: 29.731 seconds; peak allocated memory: 178.613 MB.
INFO: [Common 17-206] Exiting vitis_hls at Mon May 13 00:53:05 2024...
INFO: [vitis-run 60-791] Total elapsed time: 0h 0m 35s
