INFO: [HLS 200-10] Running 'C:/Xilinx/Vitis_HLS/2023.2/bin/unwrapped/win64.o/vitis_hls.exe'
INFO: [HLS 200-10] For user 'kwokt' on host 'billy' (Windows NT_amd64 version 6.2) on Mon Apr 01 06:47:46 -0400 2024
INFO: [HLS 200-10] In directory 'C:/Users/kwokt/Desktop/Clone_HLS-Models/HLS-Models/Simple-Designs/Combinational/Arithmetic/3-bit_binary_ripple-carry_adder'
INFO: [HLS 200-2053] The vitis_hls executable is being deprecated. Consider using vitis-run --mode hls --tcl
Sourcing Tcl script 'C:/Users/kwokt/Desktop/Clone_HLS-Models/HLS-Models/Simple-Designs/Combinational/Arithmetic/3-bit_binary_ripple-carry_adder/ripple-carry_adder/solution1/export.tcl'
INFO: [HLS 200-1510] Running: source C:/Users/kwokt/Desktop/Clone_HLS-Models/HLS-Models/Simple-Designs/Combinational/Arithmetic/3-bit_binary_ripple-carry_adder/ripple-carry_adder/solution1/export.tcl
INFO: [HLS 200-1510] Running: open_project ripple-carry_adder 
INFO: [HLS 200-10] Opening project 'C:/Users/kwokt/Desktop/Clone_HLS-Models/HLS-Models/Simple-Designs/Combinational/Arithmetic/3-bit_binary_ripple-carry_adder/ripple-carry_adder'.
INFO: [HLS 200-1510] Running: set_top ripple_carry_adder 
INFO: [HLS 200-1510] Running: add_files full_adder.cpp 
INFO: [HLS 200-10] Adding design file 'full_adder.cpp' to the project
INFO: [HLS 200-1510] Running: add_files full_adder.hpp 
INFO: [HLS 200-10] Adding design file 'full_adder.hpp' to the project
INFO: [HLS 200-1510] Running: add_files ripple_carry_adder.cpp 
INFO: [HLS 200-10] Adding design file 'ripple_carry_adder.cpp' to the project
INFO: [HLS 200-1510] Running: add_files ripple_carry_adder.hpp 
INFO: [HLS 200-10] Adding design file 'ripple_carry_adder.hpp' to the project
INFO: [HLS 200-1510] Running: add_files -tb tb_ripple_carry_adder.cpp 
INFO: [HLS 200-10] Adding test bench file 'tb_ripple_carry_adder.cpp' to the project
INFO: [HLS 200-1510] Running: open_solution solution1 -flow_target vivado 
INFO: [HLS 200-10] Opening solution 'C:/Users/kwokt/Desktop/Clone_HLS-Models/HLS-Models/Simple-Designs/Combinational/Arithmetic/3-bit_binary_ripple-carry_adder/ripple-carry_adder/solution1'.
INFO: [SYN 201-201] Setting up clock 'default' with a period of 10ns.
INFO: [HLS 200-1611] Setting target device to 'xcvu11p-flga2577-1-e'
INFO: [HLS 200-1505] Using flow_target 'vivado'
Resolution: For help on HLS 200-1505 see docs.xilinx.com/access/sources/dita/topic?Doc_Version=2023.2%20English&url=ug1448-hls-guidance&resourceid=200-1505.html
INFO: [HLS 200-1464] Running solution command: config_cosim -tool=xsim
INFO: [HLS 200-1510] Running: set_part xcvu11p-flga2577-1-e 
INFO: [HLS 200-1510] Running: create_clock -period 10 -name default 
INFO: [SYN 201-201] Setting up clock 'default' with a period of 10ns.
INFO: [HLS 200-1510] Running: config_cosim -tool xsim 
INFO: [HLS 200-1510] Running: export_design -rtl verilog -format ip_catalog 
INFO: [IMPL 213-8] Exporting RTL as a Vivado IP.

****** Vivado v2023.2 (64-bit)
  **** SW Build 4029153 on Fri Oct 13 20:14:34 MDT 2023
  **** IP Build 4028589 on Sat Oct 14 00:45:43 MDT 2023
  **** SharedData Build 4025554 on Tue Oct 10 17:18:54 MDT 2023
    ** Copyright 1986-2022 Xilinx, Inc. All Rights Reserved.
    ** Copyright 2022-2023 Advanced Micro Devices, Inc. All Rights Reserved.

source run_ippack.tcl -notrace
ipx::create_core: Time (s): cpu = 00:00:03 ; elapsed = 00:00:06 . Memory (MB): peak = 570.996 ; gain = 177.258
INFO: [IP_Flow 19-234] Refreshing IP repositories
INFO: [IP_Flow 19-1704] No user IP repositories specified
INFO: [IP_Flow 19-2313] Loaded Vivado IP repository 'C:/Xilinx/Vivado/2023.2/data/ip'.
INFO: [Common 17-206] Exiting Vivado at Mon Apr  1 06:48:03 2024...
INFO: [HLS 200-802] Generated output file ripple-carry_adder/solution1/impl/export.zip
INFO: [HLS 200-111] Finished Command export_design CPU user time: 0 seconds. CPU system time: 0 seconds. Elapsed time: 14.434 seconds; current allocated memory: 6.930 MB.
INFO: [HLS 200-112] Total CPU user time: 2 seconds. Total CPU system time: 1 seconds. Total elapsed time: 16.964 seconds; peak allocated memory: 200.086 MB.
