INFO: [HLS 200-10] Running 'C:/Xilinx/Vitis_HLS/2023.2/bin/unwrapped/win64.o/vitis_hls.exe'
INFO: [HLS 200-10] For user 'kwokt' on host 'billy' (Windows NT_amd64 version 6.2) on Sun Jun 02 23:51:36 -0400 2024
INFO: [HLS 200-10] In directory 'C:/Users/kwokt/HLS-Models/Simple-Designs/Sequential/Counters/8-bit-counter'
INFO: [HLS 200-2053] The vitis_hls executable is being deprecated. Consider using vitis-run --mode hls --tcl
Sourcing Tcl script 'C:/Users/kwokt/HLS-Models/Simple-Designs/Sequential/Counters/8-bit-counter/8bitcounter/solution1/csim.tcl'
INFO: [HLS 200-1510] Running: source C:/Users/kwokt/HLS-Models/Simple-Designs/Sequential/Counters/8-bit-counter/8bitcounter/solution1/csim.tcl
INFO: [HLS 200-1510] Running: open_project 8bitcounter 
INFO: [HLS 200-10] Opening project 'C:/Users/kwokt/HLS-Models/Simple-Designs/Sequential/Counters/8-bit-counter/8bitcounter'.
INFO: [HLS 200-1510] Running: set_top counter 
INFO: [HLS 200-1510] Running: add_files counter.cpp 
INFO: [HLS 200-10] Adding design file 'counter.cpp' to the project
INFO: [HLS 200-1510] Running: add_files counter.hpp 
INFO: [HLS 200-10] Adding design file 'counter.hpp' to the project
INFO: [HLS 200-1510] Running: add_files -tb tb_counter.cpp -cflags -Wno-unknown-pragmas 
INFO: [HLS 200-10] Adding test bench file 'tb_counter.cpp' to the project
INFO: [HLS 200-1510] Running: open_solution solution1 -flow_target vivado 
INFO: [HLS 200-10] Opening solution 'C:/Users/kwokt/HLS-Models/Simple-Designs/Sequential/Counters/8-bit-counter/8bitcounter/solution1'.
INFO: [SYN 201-201] Setting up clock 'default' with a period of 10ns.
INFO: [HLS 200-1611] Setting target device to 'xcvu11p-flga2577-1-e'
INFO: [HLS 200-1505] Using flow_target 'vivado'
Resolution: For help on HLS 200-1505 see docs.xilinx.com/access/sources/dita/topic?Doc_Version=2023.2%20English&url=ug1448-hls-guidance&resourceid=200-1505.html
INFO: [HLS 200-1464] Running solution command: config_cosim -tool=xsim
INFO: [HLS 200-1510] Running: set_part xcvu11p-flga2577-1-e 
INFO: [HLS 200-1510] Running: create_clock -period 10 -name default 
INFO: [HLS 200-1510] Running: config_cosim -tool xsim 
INFO: [HLS 200-1510] Running: source ./8bitcounter/solution1/directives.tcl
INFO: [HLS 200-1510] Running: set_directive_top -name counter counter 
INFO: [HLS 200-1510] Running: csim_design -quiet 
INFO: [SIM 211-2] *************** CSIM start ***************
INFO: [SIM 211-4] CSIM will launch GCC as the compiler.
INFO: [HLS 200-2036] Building debug C Simulation binaries
   Compiling ../../../../tb_counter.cpp in debug mode
   Compiling ../../../../counter.cpp in debug mode
   Generating csim.exe
Count: 1
Count: 2
Count: 3
Count: 4
Count: 5
Count: 6
Count: 7
Count: 8
Count: 9
Count: 0
Count: 1
Count: 2
Count: 3
Count: 4
Count: 5
Count: 6
Count: 7
Count: 8
Count: 9
Count: 0
INFO: [SIM 211-1] CSim done with 0 errors.
INFO: [SIM 211-3] *************** CSIM finish ***************
INFO: [HLS 200-111] Finished Command csim_design CPU user time: 0 seconds. CPU system time: 0 seconds. Elapsed time: 1.011 seconds; current allocated memory: 0.395 MB.
INFO: [HLS 200-112] Total CPU user time: 2 seconds. Total CPU system time: 1 seconds. Total elapsed time: 3.727 seconds; peak allocated memory: 195.773 MB.
