================================================================
== Design Size Report
================================================================

* Total Instructions per Compilation Phase
+---------------+-----------------------------+--------------+----------------------------------------------------------------------------------------+
| Phase         | Step                        | Instructions | Description                                                                            |
+---------------+-----------------------------+--------------+----------------------------------------------------------------------------------------+
| Compile/Link  |                             | 44           | After all functions are compiled and linked into a single design                       |
|               |                             |              |                                                                                        |
| Unroll/Inline |                             |              | After user unroll and inline pragmas are applied                                       |
|               | (1) unroll                  | 44           | user unroll pragmas are applied                                                        |
|               | (2) simplification          | 36           | simplification of applied user unroll pragmas                                          |
|               | (3) inline                  | 32           | user inline pragmas are applied                                                        |
|               | (4) simplification          | 32           | simplification of applied user inline pragmas                                          |
|               |                             |              |                                                                                        |
| Array/Struct  |                             |              | After user array partition and struct aggregate/disaggregate pragmas are applied       |
|               | (1) array partition         | 32           | user array partition pragmas are applied                                               |
|               | (2) simplification          | 32           | simplification of applied user array partition & struct aggregate/disaggregate pragmas |
|               | (3) aggregate/disaggregate  | 32           | user struct aggregate/disaggregate pragmas are applied                                 |
|               | (4) array reshape           | 32           | apply array reshape pragmas                                                            |
|               | (5) access patterns         | 32           | array access pattern optmizations                                                      |
|               |                             |              |                                                                                        |
| Performance   |                             |              | After transformations are applied to meet performance pragma targets                   |
|               | (1) loop simplification     | 32           | loop and instruction simplification                                                    |
|               | (2) parallelization         | 32           | loops are unrolled or pipelined to meet performance targets                            |
|               | (3) array partition         | 32           | arrays are partitioned to meet performance targets                                     |
|               | (4) simplification          | 32           | simplification of design after performance transformations                             |
|               |                             |              |                                                                                        |
| HW Transforms |                             |              | After hardware transfomations                                                          |
|               | (1) lowering                | 46           | initial conversion to HW specific instructions                                         |
|               | (2) optimizations           | 47           | high level synthesis optimizations                                                     |
+---------------+-----------------------------+--------------+----------------------------------------------------------------------------------------+

* Instructions per Function for each Compilation Phase
+----------------------------+-----------------+--------------+---------------+--------------+-------------+---------------+
| Function                   | Location        | Compile/Link | Unroll/Inline | Array/Struct | Performance | HW Transforms |
+----------------------------+-----------------+--------------+---------------+--------------+-------------+---------------+
| + wrapper_function         | logic_op.cpp:40 | 44           | 32            | 32           | 32          | 47            |
|    perform_logic_operation | logic_op.cpp:4  | 22           |               |              |             |               |
|    perform_logic_operation | logic_op.cpp:20 | 17           |               |              |             |               |
+----------------------------+-----------------+--------------+---------------+--------------+-------------+---------------+

* Design Size Message Settings
+---------------------------------------------+--------+------------------------------------------------------------------+
| Message Setting                             | Value  | Description                                                      |
+---------------------------------------------+--------+------------------------------------------------------------------+
| config_compile -design_size_maximum_warning | 100000 | Show a warning when total design instructions exceeds this value |
+---------------------------------------------+--------+------------------------------------------------------------------+


