06/10/24 06:05:36: Running xcd server. This server was NOT built by gradle, but presumably rdi.
06/10/24 06:05:36: Server was asked to start on port: '54919'
06/10/24 06:05:36: Server is using token UUID: 'fa69b0c8-2710-11ef-91e9-709cd15c0bce'
06/10/24 06:05:36: SESSION_MGR: creating session with session uuid: '6d04a3e9-ade5-4ab9-8d63-1f78fcd2ec76' and name 'default'
06/10/24 06:05:36: Attempting to start server on port '54919'
06/10/24 06:05:36: Running Dispatch Server
06/10/24 06:05:36: Version 2.2.0
06/10/24 06:05:36: Dispatch Server: Accepted socket connection from client
06/10/24 06:05:36: Starting Socket connection
06/10/24 06:05:36: EXCHANGE_TOKEN received, server token: fa69b0c8-2710-11ef-91e9-709cd15c0bce, passed token: fa69b0c8-2710-11ef-91e9-709cd15c0bce
06/10/24 06:05:36: SESSION_MGR: creating session with session uuid: 'e9da4dad-527c-4d4c-aed3-918f4faacc86' and name 'Code Analyzer'
06/10/24 06:05:36: KERNEL_SVC: creating session with uuid: 'e9da4dad-527c-4d4c-aed3-918f4faacc86' and name 'Code Analyzer'
06/10/24 06:05:36: GUIDANCE_SMGR: creating guidance session with uuid: 'e9da4dad-527c-4d4c-aed3-918f4faacc86' and name 'Code Analyzer'
06/10/24 06:05:39: SESSION_MGR: closing session for UUID 'e9da4dad-527c-4d4c-aed3-918f4faacc86' with name ''
06/10/24 06:05:39: KERNEL_SVC: closing session for UUID 'e9da4dad-527c-4d4c-aed3-918f4faacc86' with name ''
06/10/24 06:05:39: GUIDANCE_SMGR: closing session for UUID 'e9da4dad-527c-4d4c-aed3-918f4faacc86' with name ''
06/10/24 06:05:39: STOP_SERVER received, server token: fa69b0c8-2710-11ef-91e9-709cd15c0bce, passed token: fa69b0c8-2710-11ef-91e9-709cd15c0bce
06/10/24 06:05:39: Socket received request to stop server.
06/10/24 06:05:39: Dispatch Server: do_await_stop
06/10/24 06:05:39: SERVER: destructor for server bound to port 54919
06/10/24 06:05:39: Server exiting with status 0.
06/10/24 06:05:39: Closing log file.
06/10/24 06:06:12: Running xcd server. This server was NOT built by gradle, but presumably rdi.
06/10/24 06:06:12: Server was asked to start on port: '54928'
06/10/24 06:06:12: Server is using token UUID: '0fdbc09e-2711-11ef-82ba-709cd15c0bce'
06/10/24 06:06:12: SESSION_MGR: creating session with session uuid: '6d04a3e9-ade5-4ab9-8d63-1f78fcd2ec76' and name 'default'
06/10/24 06:06:12: Attempting to start server on port '54928'
06/10/24 06:06:12: Running Dispatch Server
06/10/24 06:06:12: Version 2.2.0
06/10/24 06:06:12: Dispatch Server: Accepted socket connection from client
06/10/24 06:06:12: Starting Socket connection
06/10/24 06:06:12: EXCHANGE_TOKEN received, server token: 0fdbc09e-2711-11ef-82ba-709cd15c0bce, passed token: 0fdbc09e-2711-11ef-82ba-709cd15c0bce
06/10/24 06:06:12: SESSION_MGR: creating session with session uuid: '2c8ca343-ea1a-4b79-9ea2-04781a6c6ae8' and name 'Code Analyzer'
06/10/24 06:06:12: KERNEL_SVC: creating session with uuid: '2c8ca343-ea1a-4b79-9ea2-04781a6c6ae8' and name 'Code Analyzer'
06/10/24 06:06:12: GUIDANCE_SMGR: creating guidance session with uuid: '2c8ca343-ea1a-4b79-9ea2-04781a6c6ae8' and name 'Code Analyzer'
06/10/24 06:06:13: SESSION_MGR: closing session for UUID '2c8ca343-ea1a-4b79-9ea2-04781a6c6ae8' with name ''
06/10/24 06:06:13: KERNEL_SVC: closing session for UUID '2c8ca343-ea1a-4b79-9ea2-04781a6c6ae8' with name ''
06/10/24 06:06:13: GUIDANCE_SMGR: closing session for UUID '2c8ca343-ea1a-4b79-9ea2-04781a6c6ae8' with name ''
06/10/24 06:06:13: STOP_SERVER received, server token: 0fdbc09e-2711-11ef-82ba-709cd15c0bce, passed token: 0fdbc09e-2711-11ef-82ba-709cd15c0bce
06/10/24 06:06:13: Socket received request to stop server.
06/10/24 06:06:13: Dispatch Server: do_await_stop
06/10/24 06:06:13: SERVER: destructor for server bound to port 54928
06/10/24 06:06:13: Server exiting with status 0.
06/10/24 06:06:13: Closing log file.
