Vivado Simulator v2023.2
Copyright 1986-2022 Xilinx, Inc. All Rights Reserved.
Copyright 2022-2023 Advanced Micro Devices, Inc. All Rights Reserved.
Running: C:/Xilinx/Vivado/2023.2/bin/unwrapped/win64.o/xelab.exe xil_defaultlib.apatb_increment_top glbl -Oenable_linking_all_libraries -prj increment.prj -L smartconnect_v1_0 -L axi_protocol_checker_v1_1_12 -L axi_protocol_checker_v1_1_13 -L axis_protocol_checker_v1_1_11 -L axis_protocol_checker_v1_1_12 -L xil_defaultlib -L unisims_ver -L xpm -L floating_point_v7_1_16 -L floating_point_v7_0_21 --lib ieee_proposed=./ieee_proposed -s increment 
Multi-threading is on. Using 14 slave threads.
INFO: [VRFC 10-2263] Analyzing SystemVerilog file "C:/Users/kwokt/HLS-Models/Simple-Designs/Sequential/Counters/4-digit-decimal-counter/4digit_decimalcounter/solution1/sim/verilog/glbl.v" into library work
INFO: [VRFC 10-311] analyzing module glbl
INFO: [VRFC 10-2263] Analyzing SystemVerilog file "C:/Users/kwokt/HLS-Models/Simple-Designs/Sequential/Counters/4-digit-decimal-counter/4digit_decimalcounter/solution1/sim/verilog/increment.autotb.v" into library xil_defaultlib
INFO: [VRFC 10-311] analyzing module apatb_increment_top
INFO: [VRFC 10-2263] Analyzing SystemVerilog file "C:/Users/kwokt/HLS-Models/Simple-Designs/Sequential/Counters/4-digit-decimal-counter/4digit_decimalcounter/solution1/sim/verilog/increment.v" into library xil_defaultlib
INFO: [VRFC 10-311] analyzing module increment
INFO: [VRFC 10-2263] Analyzing SystemVerilog file "C:/Users/kwokt/HLS-Models/Simple-Designs/Sequential/Counters/4-digit-decimal-counter/4digit_decimalcounter/solution1/sim/verilog/dataflow_monitor.sv" into library xil_defaultlib
INFO: [VRFC 10-311] analyzing module dataflow_monitor
Starting static elaboration
Pass Through NonSizing Optimizer
Completed static elaboration
Starting simulation data flow analysis
Completed simulation data flow analysis
Time Resolution for simulation is 1ps
Compiling package xil_defaultlib.$unit_dataflow_monitor_sv
Compiling module xil_defaultlib.increment
Compiling module xil_defaultlib.nodf_module_intf
Compiling module xil_defaultlib.dataflow_monitor_1
Compiling module xil_defaultlib.apatb_increment_top
Compiling module work.glbl
Built simulation snapshot increment
