

================================================================
== Synthesis Summary Report of 'increment_counter'
================================================================
+ General Information: 
    * Date:           Mon Jun  3 00:12:50 2024
    * Version:        2023.2 (Build 4023990 on Oct 11 2023)
    * Project:        counter1-12
    * Solution:       solution1 (Vivado IP Flow Target)
    * Product family: virtexuplus
    * Target device:  xcvu11p-flga2577-1-e
    

+ Performance & Resource Estimates: 
    
    PS: '+' for module; 'o' for loop; '*' for dataflow
    +---------------------+------+------+---------+--------+----------+---------+------+----------+------+----+---------+----------+-----+
    |       Modules       | Issue|      | Latency | Latency| Iteration|         | Trip |          |      |    |         |          |     |
    |       & Loops       | Type | Slack| (cycles)|  (ns)  |  Latency | Interval| Count| Pipelined| BRAM | DSP|    FF   |    LUT   | URAM|
    +---------------------+------+------+---------+--------+----------+---------+------+----------+------+----+---------+----------+-----+
    |+ increment_counter  |     -|  5.84|        0|   0.000|         -|        1|     -|        no|     -|   -|  5 (~0%)|  70 (~0%)|    -|
    +---------------------+------+------+---------+--------+----------+---------+------+----------+------+----+---------+----------+-----+


================================================================
== HW Interfaces
================================================================
* Other Ports
+-----------+---------+-----------+----------+
| Port      | Mode    | Direction | Bitwidth |
+-----------+---------+-----------+----------+
| max_value | ap_none | in        | 4        |
| out_r     | ap_vld  | out       | 4        |
| reset     | ap_none | in        | 1        |
+-----------+---------+-----------+----------+

* TOP LEVEL CONTROL
+-----------+------------+-----------------------------------+
| Interface | Type       | Ports                             |
+-----------+------------+-----------------------------------+
| ap_clk    | clock      | ap_clk                            |
| ap_rst    | reset      | ap_rst                            |
| ap_ctrl   | ap_ctrl_hs | ap_done ap_idle ap_ready ap_start |
+-----------+------------+-----------------------------------+


================================================================
== SW I/O Information
================================================================
* Top Function Arguments
+-----------+-----------+-------------+
| Argument  | Direction | Datatype    |
+-----------+-----------+-------------+
| reset     | in        | ap_uint<1>& |
| out       | out       | ap_uint<4>& |
| max_value | in        | ap_uint<4>  |
+-----------+-----------+-------------+

* SW-to-HW Mapping
+-----------+--------------+---------+
| Argument  | HW Interface | HW Type |
+-----------+--------------+---------+
| reset     | reset        | port    |
| out       | out_r        | port    |
| out       | out_r_ap_vld | port    |
| max_value | max_value    | port    |
+-----------+--------------+---------+


================================================================
== Bind Op Report
================================================================
+---------------------+-----+--------+----------+-----+--------+---------+
| Name                | DSP | Pragma | Variable | Op  | Impl   | Latency |
+---------------------+-----+--------+----------+-----+--------+---------+
| + increment_counter | 0   |        |          |     |        |         |
|   add_ln13_fu_81_p2 |     |        | add_ln13 | add | fabric | 0       |
+---------------------+-----+--------+----------+-----+--------+---------+


================================================================
== Storage Report
================================================================
  No bind storage info in design

================================================================
== Pragma Report
================================================================
  No pragmas found

