C:\Users\kwokt\HLS-Models\Simple-Designs\Sequential\Counters\Counter1-12\counter1-12\solution1\.autopilot\db\counter.pp.0.cpp:1318:7: warning: Added loop label VITIS_LOOP_1207_1:   [xilinx-label-all-loops]
      for (i = 0; i < __N - 1; ++i) {
      ^~~
      VITIS_LOOP_1207_1: 
C:\Users\kwokt\HLS-Models\Simple-Designs\Sequential\Counters\Counter1-12\counter1-12\solution1\.autopilot\db\counter.pp.0.cpp:1318:7: note: FIX-IT applied suggested code changes
C:\Users\kwokt\HLS-Models\Simple-Designs\Sequential\Counters\Counter1-12\counter1-12\solution1\.autopilot\db\counter.pp.0.cpp:2292:5: warning: Added loop label VITIS_LOOP_676_1:   [xilinx-label-all-loops]
    for (unsigned i = low; i != high; ++i) {
    ^~~
    VITIS_LOOP_676_1: 
C:\Users\kwokt\HLS-Models\Simple-Designs\Sequential\Counters\Counter1-12\counter1-12\solution1\.autopilot\db\counter.pp.0.cpp:2292:5: note: FIX-IT applied suggested code changes
C:\Users\kwokt\HLS-Models\Simple-Designs\Sequential\Counters\Counter1-12\counter1-12\solution1\.autopilot\db\counter.pp.0.cpp:2306:5: warning: Added loop label VITIS_LOOP_690_1:   [xilinx-label-all-loops]
    for (unsigned i = low; i != high; ++i) {
    ^~~
    VITIS_LOOP_690_1: 
C:\Users\kwokt\HLS-Models\Simple-Designs\Sequential\Counters\Counter1-12\counter1-12\solution1\.autopilot\db\counter.pp.0.cpp:2306:5: note: FIX-IT applied suggested code changes
C:\Users\kwokt\HLS-Models\Simple-Designs\Sequential\Counters\Counter1-12\counter1-12\solution1\.autopilot\db\counter.pp.0.cpp:2320:5: warning: Added loop label VITIS_LOOP_704_1:   [xilinx-label-all-loops]
    for (unsigned i = low; i != high; ++i) {
    ^~~
    VITIS_LOOP_704_1: 
C:\Users\kwokt\HLS-Models\Simple-Designs\Sequential\Counters\Counter1-12\counter1-12\solution1\.autopilot\db\counter.pp.0.cpp:2320:5: note: FIX-IT applied suggested code changes
C:\Users\kwokt\HLS-Models\Simple-Designs\Sequential\Counters\Counter1-12\counter1-12\solution1\.autopilot\db\counter.pp.0.cpp:3949:7: warning: Added loop label VITIS_LOOP_1247_1:   [xilinx-label-all-loops]
      for (i = 0; i < __N - 1; ++i) {
      ^~~
      VITIS_LOOP_1247_1: 
C:\Users\kwokt\HLS-Models\Simple-Designs\Sequential\Counters\Counter1-12\counter1-12\solution1\.autopilot\db\counter.pp.0.cpp:3949:7: note: FIX-IT applied suggested code changes
