INFO: [vitis-run 60-1548] Creating build summary session with primary output C:/Users/kwokt/Desktop/project0303/hls_component/mmult_accel\mmult_accel.hlsrun_csim_summary, at 07/05/24 10:10:03
INFO: [vitis-run 82-31] Launching vitis_hls: vitis_hls -nolog -run csim -work_dir C:/Users/kwokt/Desktop/project0303/hls_component/mmult_accel -config C:/Users/kwokt/Desktop/project0303/hls_component/hls_config.cfg -cmdlineconfig C:/Users/kwokt/Desktop/project0303/hls_component/mmult_accel/hls/config.cmdline

****** Vitis HLS - High-Level Synthesis from C, C++ and OpenCL v2024.1 (64-bit)
  **** SW Build 5069499 on May 21 2024
  **** IP Build 5075265 on Wed May 22 21:45:21 MDT 2024
  **** SharedData Build 5076995 on Wed May 22 18:29:18 MDT 2024
  **** Start of session at: Fri Jul  5 10:10:06 2024
    ** Copyright 1986-2022 Xilinx, Inc. All Rights Reserved.
    ** Copyright 2022-2024 Advanced Micro Devices, Inc. All Rights Reserved.

source C:/Xilinx/Vitis_HLS/2024.1/scripts/vitis_hls/hls.tcl -notrace
INFO: [HLS 200-10] For user 'kwokt' on host 'billy' (Windows NT_amd64 version 10.0) on Fri Jul 05 10:10:06 -0400 2024
INFO: [HLS 200-10] In directory 'C:/Users/kwokt/Desktop/project0303/hls_component'
INFO: [HLS 200-2005] Using work_dir C:/Users/kwokt/Desktop/project0303/hls_component/mmult_accel 
INFO: [HLS 200-1505] Using default flow_target 'vivado'
Resolution: For help on HLS 200-1505 see docs.xilinx.com/access/sources/dita/topic?Doc_Version=2024.1%20English&url=ug1448-hls-guidance&resourceid=200-1505.html
INFO: [HLS 200-1465] Applying ini 'syn.file=C:/Users/kwokt/Desktop/project0303/mm.cpp' from C:/Users/kwokt/Desktop/project0303/hls_component/hls_config.cfg(8)
INFO: [HLS 200-10] Adding design file 'C:/Users/kwokt/Desktop/project0303/mm.cpp' to the project
INFO: [HLS 200-1465] Applying ini 'syn.file=C:/Users/kwokt/Desktop/project0303/mm.hpp' from C:/Users/kwokt/Desktop/project0303/hls_component/hls_config.cfg(9)
INFO: [HLS 200-10] Adding design file 'C:/Users/kwokt/Desktop/project0303/mm.hpp' to the project
INFO: [HLS 200-1465] Applying ini 'tb.file=C:/Users/kwokt/Desktop/project0303/mmtb.cpp' from C:/Users/kwokt/Desktop/project0303/hls_component/hls_config.cfg(10)
INFO: [HLS 200-10] Adding test bench file 'C:/Users/kwokt/Desktop/project0303/mmtb.cpp' to the project
INFO: [HLS 200-1465] Applying ini 'syn.top=mmult_accel' from C:/Users/kwokt/Desktop/project0303/hls_component/hls_config.cfg(7)
INFO: [HLS 200-1465] Applying ini 'flow_target=vivado' from C:/Users/kwokt/Desktop/project0303/hls_component/hls_config.cfg(4)
INFO: [HLS 200-1505] Using flow_target 'vivado'
Resolution: For help on HLS 200-1505 see docs.xilinx.com/access/sources/dita/topic?Doc_Version=2024.1%20English&url=ug1448-hls-guidance&resourceid=200-1505.html
INFO: [HLS 200-1465] Applying ini 'part=xcvu9p-flga2104-2-i' from C:/Users/kwokt/Desktop/project0303/hls_component/hls_config.cfg(1)
INFO: [HLS 200-1611] Setting target device to 'xcvu9p-flga2104-2-i'
INFO: [HLS 200-1465] Applying ini 'package.output.format=ip_catalog' from C:/Users/kwokt/Desktop/project0303/hls_component/hls_config.cfg(5)
INFO: [SIM 211-2] *************** CSIM start ***************
INFO: [SIM 211-4] CSIM will launch CLANG as the compiler.
INFO: [HLS 200-2036] Building debug C Simulation binaries
   Compiling ../../../../../mmtb.cpp in debug mode
   Compiling ../../../../../mm.cpp in debug mode
   Generating csim.exe
Hardware and software results match!
INFO: [SIM 211-1] CSim done with 0 errors.
INFO: [SIM 211-3] *************** CSIM finish ***************
INFO: [HLS 200-112] Total CPU user time: 2 seconds. Total CPU system time: 1 seconds. Total elapsed time: 4.868 seconds; peak allocated memory: 230.523 MB.
INFO: [vitis-run 60-791] Total elapsed time: 0h 0m 10s
