07/05/24 09:58:03: Running xcd server. This server was NOT built by gradle, but presumably rdi.
07/05/24 09:58:03: Server was asked to start on port: '55387'
07/05/24 09:58:03: Server is using token UUID: '9d776ccf-5228-4c49-bec5-f669488bfe68'
07/05/24 09:58:03: SESSION_MGR: creating session with session uuid: '6d04a3e9-ade5-4ab9-8d63-1f78fcd2ec76' and name 'default'
07/05/24 09:58:03: Attempting to start server on port '55387'
07/05/24 09:58:03: Running Dispatch Server
07/05/24 09:58:03: Version 2.2.0
07/05/24 09:58:05: Dispatch Server: Accepted socket connection from client
07/05/24 09:58:05: Starting Socket connection
07/05/24 09:58:05: EXCHANGE_TOKEN received, server token: 9d776ccf-5228-4c49-bec5-f669488bfe68, passed token: 9d776ccf-5228-4c49-bec5-f669488bfe68
07/05/24 09:58:05: DISPATCH_HANDLER: Adding handler from function makeHandler in library librdi_system_diagram failed with exception: Could not dynamically load librdi_system_diagram.dll
07/05/24 09:58:05: SESSION_MGR: creating session with session uuid: '5ced8907-d736-42cd-af42-2d3d362e8166' and name 'vitis-run_compile_mmult_accel'
07/05/24 09:58:05: KERNEL_SVC: creating session with uuid: '5ced8907-d736-42cd-af42-2d3d362e8166' and name 'vitis-run_compile_mmult_accel'
07/05/24 09:58:05: GUIDANCE_SMGR: creating guidance session with uuid: '5ced8907-d736-42cd-af42-2d3d362e8166' and name 'vitis-run_compile_mmult_accel'
07/05/24 09:58:11: Dispatch Server: Accepted socket connection from client
07/05/24 09:58:11: Starting Socket connection
07/05/24 09:58:14: SESSION_MGR: closing session for UUID '5ced8907-d736-42cd-af42-2d3d362e8166' with name 'vitis-run_compile_mmult_accel'
07/05/24 09:58:14: KERNEL_SVC: closing session for UUID '5ced8907-d736-42cd-af42-2d3d362e8166' with name 'vitis-run_compile_mmult_accel'
07/05/24 09:58:14: GUIDANCE_SMGR: closing session for UUID '5ced8907-d736-42cd-af42-2d3d362e8166' with name 'vitis-run_compile_mmult_accel'
07/05/24 09:58:14: STOP_SERVER received, server token: 9d776ccf-5228-4c49-bec5-f669488bfe68, passed token: 9d776ccf-5228-4c49-bec5-f669488bfe68
07/05/24 09:58:14: Socket received request to stop server.
07/05/24 09:58:14: Dispatch Server: do_await_stop
07/05/24 09:58:14: SERVER: destructor for server bound to port 55387
07/05/24 09:58:14: Server exiting with status 0.
07/05/24 09:58:14: Closing log file.
07/05/24 09:58:21: Running xcd server. This server was NOT built by gradle, but presumably rdi.
07/05/24 09:58:21: Server was asked to start on port: '55390'
07/05/24 09:58:21: Server is using token UUID: 'e2b0a206-0046-4362-8a33-29fd451740ca'
07/05/24 09:58:21: SESSION_MGR: creating session with session uuid: '6d04a3e9-ade5-4ab9-8d63-1f78fcd2ec76' and name 'default'
07/05/24 09:58:21: Attempting to start server on port '55390'
07/05/24 09:58:21: Running Dispatch Server
07/05/24 09:58:21: Version 2.2.0
07/05/24 09:58:23: Dispatch Server: Accepted socket connection from client
07/05/24 09:58:23: Starting Socket connection
07/05/24 09:58:23: EXCHANGE_TOKEN received, server token: e2b0a206-0046-4362-8a33-29fd451740ca, passed token: e2b0a206-0046-4362-8a33-29fd451740ca
07/05/24 09:58:23: DISPATCH_HANDLER: Adding handler from function makeHandler in library librdi_system_diagram failed with exception: Could not dynamically load librdi_system_diagram.dll
07/05/24 09:58:23: SESSION_MGR: creating session with session uuid: '175cc4c7-0b92-401c-ad43-6a4931caab66' and name 'v++_compile_mmult_accel'
07/05/24 09:58:23: KERNEL_SVC: creating session with uuid: '175cc4c7-0b92-401c-ad43-6a4931caab66' and name 'v++_compile_mmult_accel'
07/05/24 09:58:23: GUIDANCE_SMGR: creating guidance session with uuid: '175cc4c7-0b92-401c-ad43-6a4931caab66' and name 'v++_compile_mmult_accel'
07/05/24 09:58:29: Dispatch Server: Accepted socket connection from client
07/05/24 09:58:29: Starting Socket connection
07/05/24 09:58:44: SESSION_MGR: closing session for UUID '175cc4c7-0b92-401c-ad43-6a4931caab66' with name 'v++_compile_mmult_accel'
07/05/24 09:58:44: KERNEL_SVC: closing session for UUID '175cc4c7-0b92-401c-ad43-6a4931caab66' with name 'v++_compile_mmult_accel'
07/05/24 09:58:44: GUIDANCE_SMGR: closing session for UUID '175cc4c7-0b92-401c-ad43-6a4931caab66' with name 'v++_compile_mmult_accel'
07/05/24 09:58:44: STOP_SERVER received, server token: e2b0a206-0046-4362-8a33-29fd451740ca, passed token: e2b0a206-0046-4362-8a33-29fd451740ca
07/05/24 09:58:44: Socket received request to stop server.
07/05/24 09:58:44: Dispatch Server: do_await_stop
07/05/24 09:58:44: SERVER: destructor for server bound to port 55390
07/05/24 09:58:44: Server exiting with status 0.
07/05/24 09:58:44: Closing log file.
07/05/24 09:58:52: Running xcd server. This server was NOT built by gradle, but presumably rdi.
07/05/24 09:58:52: Server was asked to start on port: '55393'
07/05/24 09:58:52: Server is using token UUID: '244ada7f-9fcd-4e9e-bcd8-7955e42d539b'
07/05/24 09:58:52: SESSION_MGR: creating session with session uuid: '6d04a3e9-ade5-4ab9-8d63-1f78fcd2ec76' and name 'default'
07/05/24 09:58:52: Attempting to start server on port '55393'
07/05/24 09:58:52: Running Dispatch Server
07/05/24 09:58:52: Version 2.2.0
07/05/24 09:58:53: Dispatch Server: Accepted socket connection from client
07/05/24 09:58:53: Starting Socket connection
07/05/24 09:58:53: EXCHANGE_TOKEN received, server token: 244ada7f-9fcd-4e9e-bcd8-7955e42d539b, passed token: 244ada7f-9fcd-4e9e-bcd8-7955e42d539b
07/05/24 09:58:53: DISPATCH_HANDLER: Adding handler from function makeHandler in library librdi_system_diagram failed with exception: Could not dynamically load librdi_system_diagram.dll
07/05/24 09:58:53: SESSION_MGR: creating session with session uuid: 'bd3df4d5-a8eb-412d-8ef6-b0c3ee0b73b3' and name 'vitis-run_compile_mmult_accel'
07/05/24 09:58:53: KERNEL_SVC: creating session with uuid: 'bd3df4d5-a8eb-412d-8ef6-b0c3ee0b73b3' and name 'vitis-run_compile_mmult_accel'
07/05/24 09:58:53: GUIDANCE_SMGR: creating guidance session with uuid: 'bd3df4d5-a8eb-412d-8ef6-b0c3ee0b73b3' and name 'vitis-run_compile_mmult_accel'
07/05/24 09:59:00: Dispatch Server: Accepted socket connection from client
07/05/24 09:59:00: Starting Socket connection
07/05/24 10:00:07: SESSION_MGR: closing session for UUID 'bd3df4d5-a8eb-412d-8ef6-b0c3ee0b73b3' with name 'vitis-run_compile_mmult_accel'
07/05/24 10:00:07: KERNEL_SVC: closing session for UUID 'bd3df4d5-a8eb-412d-8ef6-b0c3ee0b73b3' with name 'vitis-run_compile_mmult_accel'
07/05/24 10:00:07: GUIDANCE_SMGR: closing session for UUID 'bd3df4d5-a8eb-412d-8ef6-b0c3ee0b73b3' with name 'vitis-run_compile_mmult_accel'
07/05/24 10:00:07: STOP_SERVER received, server token: 244ada7f-9fcd-4e9e-bcd8-7955e42d539b, passed token: 244ada7f-9fcd-4e9e-bcd8-7955e42d539b
07/05/24 10:00:07: Socket received request to stop server.
07/05/24 10:00:07: Dispatch Server: do_await_stop
07/05/24 10:00:07: SERVER: destructor for server bound to port 55393
07/05/24 10:00:07: Server exiting with status 0.
07/05/24 10:00:07: Closing log file.
07/05/24 10:02:46: Running xcd server. This server was NOT built by gradle, but presumably rdi.
07/05/24 10:02:46: Server was asked to start on port: '55436'
07/05/24 10:02:46: Server is using token UUID: '27619582-67c5-4612-bbeb-46d6976299f4'
07/05/24 10:02:46: SESSION_MGR: creating session with session uuid: '6d04a3e9-ade5-4ab9-8d63-1f78fcd2ec76' and name 'default'
07/05/24 10:02:46: Attempting to start server on port '55436'
07/05/24 10:02:46: Running Dispatch Server
07/05/24 10:02:46: Version 2.2.0
07/05/24 10:02:48: Dispatch Server: Accepted socket connection from client
07/05/24 10:02:48: Starting Socket connection
07/05/24 10:02:48: EXCHANGE_TOKEN received, server token: 27619582-67c5-4612-bbeb-46d6976299f4, passed token: 27619582-67c5-4612-bbeb-46d6976299f4
07/05/24 10:02:48: DISPATCH_HANDLER: Adding handler from function makeHandler in library librdi_system_diagram failed with exception: Could not dynamically load librdi_system_diagram.dll
07/05/24 10:02:48: SESSION_MGR: creating session with session uuid: '06814d78-0d89-460b-b724-eedbccf89286' and name 'vitis-run_compile_mmult_accel'
07/05/24 10:02:48: KERNEL_SVC: creating session with uuid: '06814d78-0d89-460b-b724-eedbccf89286' and name 'vitis-run_compile_mmult_accel'
07/05/24 10:02:48: GUIDANCE_SMGR: creating guidance session with uuid: '06814d78-0d89-460b-b724-eedbccf89286' and name 'vitis-run_compile_mmult_accel'
07/05/24 10:02:54: Dispatch Server: Accepted socket connection from client
07/05/24 10:02:54: Starting Socket connection
07/05/24 10:02:57: SESSION_MGR: closing session for UUID '06814d78-0d89-460b-b724-eedbccf89286' with name 'vitis-run_compile_mmult_accel'
07/05/24 10:02:57: KERNEL_SVC: closing session for UUID '06814d78-0d89-460b-b724-eedbccf89286' with name 'vitis-run_compile_mmult_accel'
07/05/24 10:02:57: GUIDANCE_SMGR: closing session for UUID '06814d78-0d89-460b-b724-eedbccf89286' with name 'vitis-run_compile_mmult_accel'
07/05/24 10:02:57: STOP_SERVER received, server token: 27619582-67c5-4612-bbeb-46d6976299f4, passed token: 27619582-67c5-4612-bbeb-46d6976299f4
07/05/24 10:02:57: Socket received request to stop server.
07/05/24 10:02:57: Dispatch Server: do_await_stop
07/05/24 10:02:57: SERVER: destructor for server bound to port 55436
07/05/24 10:02:57: Server exiting with status 0.
07/05/24 10:02:57: Closing log file.
07/05/24 10:03:04: Running xcd server. This server was NOT built by gradle, but presumably rdi.
07/05/24 10:03:04: Server was asked to start on port: '55444'
07/05/24 10:03:04: Server is using token UUID: '1dccce9e-369b-43d7-91da-dff41b082e32'
07/05/24 10:03:04: SESSION_MGR: creating session with session uuid: '6d04a3e9-ade5-4ab9-8d63-1f78fcd2ec76' and name 'default'
07/05/24 10:03:04: Attempting to start server on port '55444'
07/05/24 10:03:04: Running Dispatch Server
07/05/24 10:03:04: Version 2.2.0
07/05/24 10:03:05: Dispatch Server: Accepted socket connection from client
07/05/24 10:03:05: Starting Socket connection
07/05/24 10:03:05: EXCHANGE_TOKEN received, server token: 1dccce9e-369b-43d7-91da-dff41b082e32, passed token: 1dccce9e-369b-43d7-91da-dff41b082e32
07/05/24 10:03:05: DISPATCH_HANDLER: Adding handler from function makeHandler in library librdi_system_diagram failed with exception: Could not dynamically load librdi_system_diagram.dll
07/05/24 10:03:05: SESSION_MGR: creating session with session uuid: '26e0b645-b062-4e62-bf91-4ec751b5aff0' and name 'v++_compile_mmult_accel'
07/05/24 10:03:05: KERNEL_SVC: creating session with uuid: '26e0b645-b062-4e62-bf91-4ec751b5aff0' and name 'v++_compile_mmult_accel'
07/05/24 10:03:05: GUIDANCE_SMGR: creating guidance session with uuid: '26e0b645-b062-4e62-bf91-4ec751b5aff0' and name 'v++_compile_mmult_accel'
07/05/24 10:03:12: Dispatch Server: Accepted socket connection from client
07/05/24 10:03:12: Starting Socket connection
07/05/24 10:03:27: SESSION_MGR: closing session for UUID '26e0b645-b062-4e62-bf91-4ec751b5aff0' with name 'v++_compile_mmult_accel'
07/05/24 10:03:27: KERNEL_SVC: closing session for UUID '26e0b645-b062-4e62-bf91-4ec751b5aff0' with name 'v++_compile_mmult_accel'
07/05/24 10:03:27: GUIDANCE_SMGR: closing session for UUID '26e0b645-b062-4e62-bf91-4ec751b5aff0' with name 'v++_compile_mmult_accel'
07/05/24 10:03:27: STOP_SERVER received, server token: 1dccce9e-369b-43d7-91da-dff41b082e32, passed token: 1dccce9e-369b-43d7-91da-dff41b082e32
07/05/24 10:03:27: Socket received request to stop server.
07/05/24 10:03:27: Dispatch Server: do_await_stop
07/05/24 10:03:27: SERVER: destructor for server bound to port 55444
07/05/24 10:03:27: Server exiting with status 0.
07/05/24 10:03:27: Closing log file.
07/05/24 10:03:45: Running xcd server. This server was NOT built by gradle, but presumably rdi.
07/05/24 10:03:45: Server was asked to start on port: '55454'
07/05/24 10:03:45: Server is using token UUID: '08ac27b7-fac6-49a9-a45b-2cde35bb1260'
07/05/24 10:03:45: SESSION_MGR: creating session with session uuid: '6d04a3e9-ade5-4ab9-8d63-1f78fcd2ec76' and name 'default'
07/05/24 10:03:45: Attempting to start server on port '55454'
07/05/24 10:03:45: Running Dispatch Server
07/05/24 10:03:45: Version 2.2.0
07/05/24 10:03:46: Dispatch Server: Accepted socket connection from client
07/05/24 10:03:46: Starting Socket connection
07/05/24 10:03:46: EXCHANGE_TOKEN received, server token: 08ac27b7-fac6-49a9-a45b-2cde35bb1260, passed token: 08ac27b7-fac6-49a9-a45b-2cde35bb1260
07/05/24 10:03:46: DISPATCH_HANDLER: Adding handler from function makeHandler in library librdi_system_diagram failed with exception: Could not dynamically load librdi_system_diagram.dll
07/05/24 10:03:46: SESSION_MGR: creating session with session uuid: '35454765-10e8-4596-b9f2-b897e6deaac2' and name 'vitis-run_compile_mmult_accel'
07/05/24 10:03:46: KERNEL_SVC: creating session with uuid: '35454765-10e8-4596-b9f2-b897e6deaac2' and name 'vitis-run_compile_mmult_accel'
07/05/24 10:03:46: GUIDANCE_SMGR: creating guidance session with uuid: '35454765-10e8-4596-b9f2-b897e6deaac2' and name 'vitis-run_compile_mmult_accel'
07/05/24 10:03:53: Dispatch Server: Accepted socket connection from client
07/05/24 10:03:53: Starting Socket connection
07/05/24 10:04:56: SESSION_MGR: closing session for UUID '35454765-10e8-4596-b9f2-b897e6deaac2' with name 'vitis-run_compile_mmult_accel'
07/05/24 10:04:56: KERNEL_SVC: closing session for UUID '35454765-10e8-4596-b9f2-b897e6deaac2' with name 'vitis-run_compile_mmult_accel'
07/05/24 10:04:56: GUIDANCE_SMGR: closing session for UUID '35454765-10e8-4596-b9f2-b897e6deaac2' with name 'vitis-run_compile_mmult_accel'
07/05/24 10:04:56: STOP_SERVER received, server token: 08ac27b7-fac6-49a9-a45b-2cde35bb1260, passed token: 08ac27b7-fac6-49a9-a45b-2cde35bb1260
07/05/24 10:04:56: Socket received request to stop server.
07/05/24 10:04:56: Dispatch Server: do_await_stop
07/05/24 10:04:56: SERVER: destructor for server bound to port 55454
07/05/24 10:04:56: Server exiting with status 0.
07/05/24 10:04:56: Closing log file.
07/05/24 10:10:01: Running xcd server. This server was NOT built by gradle, but presumably rdi.
07/05/24 10:10:01: Server was asked to start on port: '50224'
07/05/24 10:10:01: Server is using token UUID: '8474986d-828c-452d-a166-57144686d058'
07/05/24 10:10:01: SESSION_MGR: creating session with session uuid: '6d04a3e9-ade5-4ab9-8d63-1f78fcd2ec76' and name 'default'
07/05/24 10:10:01: Attempting to start server on port '50224'
07/05/24 10:10:01: Running Dispatch Server
07/05/24 10:10:01: Version 2.2.0
07/05/24 10:10:03: Dispatch Server: Accepted socket connection from client
07/05/24 10:10:03: Starting Socket connection
07/05/24 10:10:03: EXCHANGE_TOKEN received, server token: 8474986d-828c-452d-a166-57144686d058, passed token: 8474986d-828c-452d-a166-57144686d058
07/05/24 10:10:03: DISPATCH_HANDLER: Adding handler from function makeHandler in library librdi_system_diagram failed with exception: Could not dynamically load librdi_system_diagram.dll
07/05/24 10:10:03: SESSION_MGR: creating session with session uuid: 'bcdfa0b6-ebbd-449c-9031-c370153582eb' and name 'vitis-run_compile_mmult_accel'
07/05/24 10:10:03: KERNEL_SVC: creating session with uuid: 'bcdfa0b6-ebbd-449c-9031-c370153582eb' and name 'vitis-run_compile_mmult_accel'
07/05/24 10:10:03: GUIDANCE_SMGR: creating guidance session with uuid: 'bcdfa0b6-ebbd-449c-9031-c370153582eb' and name 'vitis-run_compile_mmult_accel'
07/05/24 10:10:09: Dispatch Server: Accepted socket connection from client
07/05/24 10:10:09: Starting Socket connection
07/05/24 10:10:11: SESSION_MGR: closing session for UUID 'bcdfa0b6-ebbd-449c-9031-c370153582eb' with name 'vitis-run_compile_mmult_accel'
07/05/24 10:10:11: KERNEL_SVC: closing session for UUID 'bcdfa0b6-ebbd-449c-9031-c370153582eb' with name 'vitis-run_compile_mmult_accel'
07/05/24 10:10:11: GUIDANCE_SMGR: closing session for UUID 'bcdfa0b6-ebbd-449c-9031-c370153582eb' with name 'vitis-run_compile_mmult_accel'
07/05/24 10:10:11: STOP_SERVER received, server token: 8474986d-828c-452d-a166-57144686d058, passed token: 8474986d-828c-452d-a166-57144686d058
07/05/24 10:10:11: Socket received request to stop server.
07/05/24 10:10:11: Dispatch Server: do_await_stop
07/05/24 10:10:11: SERVER: destructor for server bound to port 50224
07/05/24 10:10:11: Server exiting with status 0.
07/05/24 10:10:11: Closing log file.
07/05/24 10:10:22: Running xcd server. This server was NOT built by gradle, but presumably rdi.
07/05/24 10:10:22: Server was asked to start on port: '50229'
07/05/24 10:10:22: Server is using token UUID: '9a2a9767-c1cc-421a-b1a6-9b48d20320cb'
07/05/24 10:10:22: SESSION_MGR: creating session with session uuid: '6d04a3e9-ade5-4ab9-8d63-1f78fcd2ec76' and name 'default'
07/05/24 10:10:22: Attempting to start server on port '50229'
07/05/24 10:10:22: Running Dispatch Server
07/05/24 10:10:22: Version 2.2.0
07/05/24 10:10:24: Dispatch Server: Accepted socket connection from client
07/05/24 10:10:24: Starting Socket connection
07/05/24 10:10:24: EXCHANGE_TOKEN received, server token: 9a2a9767-c1cc-421a-b1a6-9b48d20320cb, passed token: 9a2a9767-c1cc-421a-b1a6-9b48d20320cb
07/05/24 10:10:24: DISPATCH_HANDLER: Adding handler from function makeHandler in library librdi_system_diagram failed with exception: Could not dynamically load librdi_system_diagram.dll
07/05/24 10:10:24: SESSION_MGR: creating session with session uuid: 'c3c6f1ac-5499-41fb-8591-3c80dfbf169b' and name 'v++_compile_mmult_accel'
07/05/24 10:10:24: KERNEL_SVC: creating session with uuid: 'c3c6f1ac-5499-41fb-8591-3c80dfbf169b' and name 'v++_compile_mmult_accel'
07/05/24 10:10:24: GUIDANCE_SMGR: creating guidance session with uuid: 'c3c6f1ac-5499-41fb-8591-3c80dfbf169b' and name 'v++_compile_mmult_accel'
07/05/24 10:10:30: Dispatch Server: Accepted socket connection from client
07/05/24 10:10:30: Starting Socket connection
07/05/24 10:10:45: SESSION_MGR: closing session for UUID 'c3c6f1ac-5499-41fb-8591-3c80dfbf169b' with name 'v++_compile_mmult_accel'
07/05/24 10:10:45: KERNEL_SVC: closing session for UUID 'c3c6f1ac-5499-41fb-8591-3c80dfbf169b' with name 'v++_compile_mmult_accel'
07/05/24 10:10:45: GUIDANCE_SMGR: closing session for UUID 'c3c6f1ac-5499-41fb-8591-3c80dfbf169b' with name 'v++_compile_mmult_accel'
07/05/24 10:10:45: STOP_SERVER received, server token: 9a2a9767-c1cc-421a-b1a6-9b48d20320cb, passed token: 9a2a9767-c1cc-421a-b1a6-9b48d20320cb
07/05/24 10:10:45: Socket received request to stop server.
07/05/24 10:10:45: Dispatch Server: do_await_stop
07/05/24 10:10:45: SERVER: destructor for server bound to port 50229
07/05/24 10:10:45: Server exiting with status 0.
07/05/24 10:10:45: Closing log file.
07/05/24 10:10:53: Running xcd server. This server was NOT built by gradle, but presumably rdi.
07/05/24 10:10:53: Server was asked to start on port: '50233'
07/05/24 10:10:53: Server is using token UUID: 'c30f00eb-a2f9-47e0-9a7c-9634a9fbcb1e'
07/05/24 10:10:53: SESSION_MGR: creating session with session uuid: '6d04a3e9-ade5-4ab9-8d63-1f78fcd2ec76' and name 'default'
07/05/24 10:10:53: Attempting to start server on port '50233'
07/05/24 10:10:53: Running Dispatch Server
07/05/24 10:10:53: Version 2.2.0
07/05/24 10:10:55: Dispatch Server: Accepted socket connection from client
07/05/24 10:10:55: Starting Socket connection
07/05/24 10:10:55: EXCHANGE_TOKEN received, server token: c30f00eb-a2f9-47e0-9a7c-9634a9fbcb1e, passed token: c30f00eb-a2f9-47e0-9a7c-9634a9fbcb1e
07/05/24 10:10:55: DISPATCH_HANDLER: Adding handler from function makeHandler in library librdi_system_diagram failed with exception: Could not dynamically load librdi_system_diagram.dll
07/05/24 10:10:55: SESSION_MGR: creating session with session uuid: '31d8d8da-c186-4c48-a93c-67ef025c44cf' and name 'vitis-run_compile_mmult_accel'
07/05/24 10:10:55: KERNEL_SVC: creating session with uuid: '31d8d8da-c186-4c48-a93c-67ef025c44cf' and name 'vitis-run_compile_mmult_accel'
07/05/24 10:10:55: GUIDANCE_SMGR: creating guidance session with uuid: '31d8d8da-c186-4c48-a93c-67ef025c44cf' and name 'vitis-run_compile_mmult_accel'
07/05/24 10:11:01: Dispatch Server: Accepted socket connection from client
07/05/24 10:11:01: Starting Socket connection
