C:\Users\kwokt\HLS-Models\Simple-Designs\Combinational\Arithmetic\Adders\Half_adder\half_adder\solution1\.autopilot\db\half_adder.pp.0.cpp:26868:7: warning: Added loop label VITIS_LOOP_1207_1:   [xilinx-label-all-loops]
      for (i = 0; i < __N - 1; ++i) {
      ^~~
      VITIS_LOOP_1207_1: 
C:\Users\kwokt\HLS-Models\Simple-Designs\Combinational\Arithmetic\Adders\Half_adder\half_adder\solution1\.autopilot\db\half_adder.pp.0.cpp:26868:7: note: FIX-IT applied suggested code changes
C:\Users\kwokt\HLS-Models\Simple-Designs\Combinational\Arithmetic\Adders\Half_adder\half_adder\solution1\.autopilot\db\half_adder.pp.0.cpp:27842:5: warning: Added loop label VITIS_LOOP_676_1:   [xilinx-label-all-loops]
    for (unsigned i = low; i != high; ++i) {
    ^~~
    VITIS_LOOP_676_1: 
C:\Users\kwokt\HLS-Models\Simple-Designs\Combinational\Arithmetic\Adders\Half_adder\half_adder\solution1\.autopilot\db\half_adder.pp.0.cpp:27842:5: note: FIX-IT applied suggested code changes
C:\Users\kwokt\HLS-Models\Simple-Designs\Combinational\Arithmetic\Adders\Half_adder\half_adder\solution1\.autopilot\db\half_adder.pp.0.cpp:27856:5: warning: Added loop label VITIS_LOOP_690_1:   [xilinx-label-all-loops]
    for (unsigned i = low; i != high; ++i) {
    ^~~
    VITIS_LOOP_690_1: 
C:\Users\kwokt\HLS-Models\Simple-Designs\Combinational\Arithmetic\Adders\Half_adder\half_adder\solution1\.autopilot\db\half_adder.pp.0.cpp:27856:5: note: FIX-IT applied suggested code changes
C:\Users\kwokt\HLS-Models\Simple-Designs\Combinational\Arithmetic\Adders\Half_adder\half_adder\solution1\.autopilot\db\half_adder.pp.0.cpp:27870:5: warning: Added loop label VITIS_LOOP_704_1:   [xilinx-label-all-loops]
    for (unsigned i = low; i != high; ++i) {
    ^~~
    VITIS_LOOP_704_1: 
C:\Users\kwokt\HLS-Models\Simple-Designs\Combinational\Arithmetic\Adders\Half_adder\half_adder\solution1\.autopilot\db\half_adder.pp.0.cpp:27870:5: note: FIX-IT applied suggested code changes
C:\Users\kwokt\HLS-Models\Simple-Designs\Combinational\Arithmetic\Adders\Half_adder\half_adder\solution1\.autopilot\db\half_adder.pp.0.cpp:29499:7: warning: Added loop label VITIS_LOOP_1247_1:   [xilinx-label-all-loops]
      for (i = 0; i < __N - 1; ++i) {
      ^~~
      VITIS_LOOP_1247_1: 
C:\Users\kwokt\HLS-Models\Simple-Designs\Combinational\Arithmetic\Adders\Half_adder\half_adder\solution1\.autopilot\db\half_adder.pp.0.cpp:29499:7: note: FIX-IT applied suggested code changes
