

================================================================
== Vitis HLS Report for 'multiplexer'
================================================================
* Date:           Mon Apr  1 10:11:29 2024

* Version:        2023.2 (Build 4023990 on Oct 11 2023)
* Project:        multiplexer
* Solution:       solution1 (Vivado IP Flow Target)
* Product family: virtexuplus
* Target device:  xcvu11p-flga2577-1-e


================================================================
== Performance Estimates
================================================================
+ Timing: 
    * Summary: 
    +--------+----------+----------+------------+
    |  Clock |  Target  | Estimated| Uncertainty|
    +--------+----------+----------+------------+
    |ap_clk  |  10.00 ns|  2.437 ns|     2.70 ns|
    +--------+----------+----------+------------+

+ Latency: 
    * Summary: 
    +---------+---------+-----------+-----------+-----+-----+---------+
    |  Latency (cycles) |   Latency (absolute)  |  Interval | Pipeline|
    |   min   |   max   |    min    |    max    | min | max |   Type  |
    +---------+---------+-----------+-----------+-----+-----+---------+
    |        1|        1|  10.000 ns|  10.000 ns|    2|    2|       no|
    +---------+---------+-----------+-----------+-----+-----+---------+

    + Detail: 
        * Instance: 
        N/A

        * Loop: 
        N/A



================================================================
== Utilization Estimates
================================================================
* Summary: 
+---------------------+---------+------+---------+---------+-----+
|         Name        | BRAM_18K|  DSP |    FF   |   LUT   | URAM|
+---------------------+---------+------+---------+---------+-----+
|DSP                  |        -|     -|        -|        -|    -|
|Expression           |        -|     -|        0|       74|    -|
|FIFO                 |        -|     -|        -|        -|    -|
|Instance             |        -|     -|        -|        -|    -|
|Memory               |        -|     -|        -|        -|    -|
|Multiplexer          |        -|     -|        -|       14|    -|
|Register             |        -|     -|        2|        -|    -|
+---------------------+---------+------+---------+---------+-----+
|Total                |        0|     0|        2|       88|    0|
+---------------------+---------+------+---------+---------+-----+
|Available SLR        |     1344|  3072|   864000|   432000|  320|
+---------------------+---------+------+---------+---------+-----+
|Utilization SLR (%)  |        0|     0|       ~0|       ~0|    0|
+---------------------+---------+------+---------+---------+-----+
|Available            |     4032|  9216|  2592000|  1296000|  960|
+---------------------+---------+------+---------+---------+-----+
|Utilization (%)      |        0|     0|       ~0|       ~0|    0|
+---------------------+---------+------+---------+---------+-----+

+ Detail: 
    * Instance: 
    N/A

    * DSP: 
    N/A

    * Memory: 
    N/A

    * FIFO: 
    N/A

    * Expression: 
    +---------------------+----------+----+---+----+------------+------------+
    |    Variable Name    | Operation| DSP| FF| LUT| Bitwidth P0| Bitwidth P1|
    +---------------------+----------+----+---+----+------------+------------+
    |icmp_ln8_fu_53_p2    |      icmp|   0|  0|  71|          64|           3|
    |select_ln8_fu_59_p3  |    select|   0|  0|   3|           1|           3|
    +---------------------+----------+----+---+----+------------+------------+
    |Total                |          |   0|  0|  74|          65|           6|
    +---------------------+----------+----+---+----+------------+------------+

    * Multiplexer: 
    +-----------+----+-----------+-----+-----------+
    |    Name   | LUT| Input Size| Bits| Total Bits|
    +-----------+----+-----------+-----+-----------+
    |ap_NS_fsm  |  14|          3|    1|          3|
    +-----------+----+-----------+-----+-----------+
    |Total      |  14|          3|    1|          3|
    +-----------+----+-----------+-----+-----------+

    * Register: 
    +-----------+---+----+-----+-----------+
    |    Name   | FF| LUT| Bits| Const Bits|
    +-----------+---+----+-----+-----------+
    |ap_CS_fsm  |  2|   0|    2|          0|
    +-----------+---+----+-----+-----------+
    |Total      |  2|   0|    2|          0|
    +-----------+---+----+-----+-----------+



================================================================
== Interface
================================================================
* Summary: 
+-----------------+-----+-----+------------+-----------------------+--------------+
|    RTL Ports    | Dir | Bits|  Protocol  |     Source Object     |    C Type    |
+-----------------+-----+-----+------------+-----------------------+--------------+
|ap_clk           |   in|    1|  ap_ctrl_hs|  multiplexer<int, 5ul>|  return value|
|ap_rst           |   in|    1|  ap_ctrl_hs|  multiplexer<int, 5ul>|  return value|
|ap_start         |   in|    1|  ap_ctrl_hs|  multiplexer<int, 5ul>|  return value|
|ap_done          |  out|    1|  ap_ctrl_hs|  multiplexer<int, 5ul>|  return value|
|ap_idle          |  out|    1|  ap_ctrl_hs|  multiplexer<int, 5ul>|  return value|
|ap_ready         |  out|    1|  ap_ctrl_hs|  multiplexer<int, 5ul>|  return value|
|ap_return        |  out|   32|  ap_ctrl_hs|  multiplexer<int, 5ul>|  return value|
|inputs_address0  |  out|    3|   ap_memory|                 inputs|         array|
|inputs_ce0       |  out|    1|   ap_memory|                 inputs|         array|
|inputs_q0        |   in|   32|   ap_memory|                 inputs|         array|
|sel              |   in|   64|     ap_none|                    sel|        scalar|
+-----------------+-----+-----+------------+-----------------------+--------------+

============================================================
+ Verbose Summary: Synthesis Manager
============================================================
InlineROM: 1
ExposeGlobal: 0
============================================================
+ Verbose Summary: CDFG Model
============================================================
IsTopModel: 1
ResetActiveHigh: 1
IsCombinational: 2
IsDatapathOnly: 2
HasWiredReturn: 1
HasMFsm: 0
HasVarLatency: 1
IsPipeline: 0
IsRtlPipelined: 0
IsInstanceOverlapped: 0
IsDontTouch: 0
HasImplIP: 0
IsGatedGlobalClock: 0


============================================================
+ Verbose Summary: Schedule
============================================================
* Number of FSM states : 2
* Pipeline : 0
* Dataflow Pipeline: 0

* FSM state transitions: 
1 --> 2 
2 --> 

* FSM state operations: 

State 1 <SV = 0> <Delay = 2.43>
ST_1 : Operation 3 [1/1] (0.00ns)   --->   "%sel_read = read i64 @_ssdm_op_Read.ap_auto.i64, i64 %sel"   --->   Operation 3 'read' 'sel_read' <Predicate = true> <Delay = 0.00>
ST_1 : Operation 4 [1/1] (0.00ns)   --->   "%empty = trunc i64 %sel_read"   --->   Operation 4 'trunc' 'empty' <Predicate = true> <Delay = 0.00>
ST_1 : Operation 5 [1/1] (1.36ns)   --->   "%icmp_ln8 = icmp_ult  i64 %sel_read, i64 5" [./multiplexer.hpp:8]   --->   Operation 5 'icmp' 'icmp_ln8' <Predicate = true> <Delay = 1.36> <CoreInst = "Cmp">   --->   Core 9 'Cmp' <Latency = 0> <II = 1> <Delay = 1.36> <FuncUnit> <Opcode : 'icmp'> <InPorts = 2> <OutPorts = 1>
ST_1 : Operation 6 [1/1] (0.34ns)   --->   "%select_ln8 = select i1 %icmp_ln8, i3 %empty, i3 0" [./multiplexer.hpp:8]   --->   Operation 6 'select' 'select_ln8' <Predicate = true> <Delay = 0.34> <CoreInst = "Sel">   --->   Core 73 'Sel' <Latency = 0> <II = 1> <Delay = 0.34> <FuncUnit> <Opcode : 'select'> <InPorts = 3> <OutPorts = 1>
ST_1 : Operation 7 [1/1] (0.00ns)   --->   "%zext_ln9 = zext i3 %select_ln8" [./multiplexer.hpp:9]   --->   Operation 7 'zext' 'zext_ln9' <Predicate = true> <Delay = 0.00>
ST_1 : Operation 8 [1/1] (0.00ns)   --->   "%inputs_addr = getelementptr i32 %inputs, i64 0, i64 %zext_ln9" [./multiplexer.hpp:9]   --->   Operation 8 'getelementptr' 'inputs_addr' <Predicate = true> <Delay = 0.00>
ST_1 : Operation 9 [2/2] (0.73ns)   --->   "%inputs_load = load i3 %inputs_addr" [./multiplexer.hpp:8]   --->   Operation 9 'load' 'inputs_load' <Predicate = true> <Delay = 0.73> <CoreInst = "RAM">   --->   Core 83 'RAM' <Latency = 1> <II = 1> <Delay = 0.73> <Storage> <Opcode : 'load' 'store'> <Ports = 2> <Width = 32> <Depth = 5> <RAM>

State 2 <SV = 1> <Delay = 0.73>
ST_2 : Operation 10 [1/1] (0.00ns)   --->   "%specbitsmap_ln0 = specbitsmap void @_ssdm_op_SpecBitsMap, i32 0"   --->   Operation 10 'specbitsmap' 'specbitsmap_ln0' <Predicate = true> <Delay = 0.00>
ST_2 : Operation 11 [1/1] (0.00ns)   --->   "%spectopmodule_ln7 = spectopmodule void @_ssdm_op_SpecTopModule, void @empty_2" [./multiplexer.hpp:7]   --->   Operation 11 'spectopmodule' 'spectopmodule_ln7' <Predicate = true> <Delay = 0.00>
ST_2 : Operation 12 [1/1] (0.00ns)   --->   "%specinterface_ln0 = specinterface void @_ssdm_op_SpecInterface, i32 %inputs, void @empty, i32 0, i32 0, void @empty_0, i32 4294967295, i32 0, void @empty_0, void @empty_0, void @empty_0, i32 0, i32 0, i32 0, i32 0, void @empty_0, void @empty_0, i32 4294967295, i32 0"   --->   Operation 12 'specinterface' 'specinterface_ln0' <Predicate = true> <Delay = 0.00>
ST_2 : Operation 13 [1/1] (0.00ns)   --->   "%specbitsmap_ln0 = specbitsmap void @_ssdm_op_SpecBitsMap, i32 %inputs"   --->   Operation 13 'specbitsmap' 'specbitsmap_ln0' <Predicate = true> <Delay = 0.00>
ST_2 : Operation 14 [1/1] (0.00ns)   --->   "%specbitsmap_ln0 = specbitsmap void @_ssdm_op_SpecBitsMap, i64 %sel"   --->   Operation 14 'specbitsmap' 'specbitsmap_ln0' <Predicate = true> <Delay = 0.00>
ST_2 : Operation 15 [1/1] (0.00ns)   --->   "%specinterface_ln0 = specinterface void @_ssdm_op_SpecInterface, i64 %sel, void @empty_1, i32 0, i32 0, void @empty_0, i32 0, i32 0, void @empty_0, void @empty_0, void @empty_0, i32 0, i32 0, i32 0, i32 0, void @empty_0, void @empty_0, i32 4294967295, i32 0"   --->   Operation 15 'specinterface' 'specinterface_ln0' <Predicate = true> <Delay = 0.00>
ST_2 : Operation 16 [1/2] (0.73ns)   --->   "%inputs_load = load i3 %inputs_addr" [./multiplexer.hpp:8]   --->   Operation 16 'load' 'inputs_load' <Predicate = true> <Delay = 0.73> <CoreInst = "RAM">   --->   Core 83 'RAM' <Latency = 1> <II = 1> <Delay = 0.73> <Storage> <Opcode : 'load' 'store'> <Ports = 2> <Width = 32> <Depth = 5> <RAM>
ST_2 : Operation 17 [1/1] (0.00ns)   --->   "%ret_ln14 = ret i32 %inputs_load" [./multiplexer.hpp:14]   --->   Operation 17 'ret' 'ret_ln14' <Predicate = true> <Delay = 0.00>


============================================================
+ Verbose Summary: Binding
============================================================
STG Binding: 
---------------- STG Properties BEGIN ----------------
- Is combinational: 0
- Is one-state seq: 0
- Is datapath-only: 0
- Is pipelined: 0
- Is top level: 1
Port [ Return ] is wired: 1; IO mode=ap_ctrl_hs:ce=0
Port [ inputs]:  wired=1; compound=1; hidden=0; nouse=0; global=0; static=0; extern=0; dir=0; type=1; pingpong=0; private_global=0; MemPort=[13]; IO mode=ap_memory:ce=0
Port [ sel]:  wired=1; compound=0; hidden=0; nouse=0; global=0; static=0; extern=0; dir=0; type=0; pingpong=0; private_global=0; IO mode=ap_none:ce=0
---------------- STG Properties END ------------------

---------------- Datapath Model BEGIN ----------------

<LifeTime>
<method=bitvector/>
sel_read          (read         ) [ 000]
empty             (trunc        ) [ 000]
icmp_ln8          (icmp         ) [ 000]
select_ln8        (select       ) [ 000]
zext_ln9          (zext         ) [ 000]
inputs_addr       (getelementptr) [ 001]
specbitsmap_ln0   (specbitsmap  ) [ 000]
spectopmodule_ln7 (spectopmodule) [ 000]
specinterface_ln0 (specinterface) [ 000]
specbitsmap_ln0   (specbitsmap  ) [ 000]
specbitsmap_ln0   (specbitsmap  ) [ 000]
specinterface_ln0 (specinterface) [ 000]
inputs_load       (load         ) [ 000]
ret_ln14          (ret          ) [ 000]
</LifeTime>

<model>

<comp_list>
<comp id="0" class="1000" name="inputs">
<pin_list>
<pin id="1" dir="1" index="0" bw="1" slack="0"/>
</pin_list>
<bind>
<StgValue><ssdm name="inputs"/><MemPortTyVec>1 3 </MemPortTyVec>
</StgValue>
</bind>
</comp>

<comp id="2" class="1000" name="sel">
<pin_list>
<pin id="3" dir="1" index="0" bw="1" slack="0"/>
</pin_list>
<bind>
<StgValue><ssdm name="sel"/></StgValue>
</bind>
</comp>

<comp id="4" class="1001" name="const_4">
<pin_list>
<pin id="5" dir="1" index="0" bw="1" slack="0"/>
</pin_list>
<bind>
<StgValue><ssdm name="_ssdm_op_Read.ap_auto.i64"/></StgValue>
</bind>
</comp>

<comp id="6" class="1001" name="const_6">
<pin_list>
<pin id="7" dir="1" index="0" bw="1" slack="0"/>
</pin_list>
<bind>
<StgValue><ssdm name=""/></StgValue>
</bind>
</comp>

<comp id="8" class="1001" name="const_8">
<pin_list>
<pin id="9" dir="1" index="0" bw="1" slack="0"/>
</pin_list>
<bind>
<StgValue><ssdm name=""/></StgValue>
</bind>
</comp>

<comp id="10" class="1001" name="const_10">
<pin_list>
<pin id="11" dir="1" index="0" bw="1" slack="0"/>
</pin_list>
<bind>
<StgValue><ssdm name=""/></StgValue>
</bind>
</comp>

<comp id="12" class="1001" name="const_12">
<pin_list>
<pin id="13" dir="1" index="0" bw="1" slack="2147483647"/>
</pin_list>
<bind>
<StgValue><ssdm name="_ssdm_op_SpecBitsMap"/></StgValue>
</bind>
</comp>

<comp id="14" class="1001" name="const_14">
<pin_list>
<pin id="15" dir="1" index="0" bw="1" slack="2147483647"/>
</pin_list>
<bind>
<StgValue><ssdm name=""/></StgValue>
</bind>
</comp>

<comp id="16" class="1001" name="const_16">
<pin_list>
<pin id="17" dir="1" index="0" bw="1" slack="2147483647"/>
</pin_list>
<bind>
<StgValue><ssdm name="_ssdm_op_SpecTopModule"/></StgValue>
</bind>
</comp>

<comp id="18" class="1001" name="const_18">
<pin_list>
<pin id="19" dir="1" index="0" bw="1" slack="2147483647"/>
</pin_list>
<bind>
<StgValue><ssdm name="empty_2"/></StgValue>
</bind>
</comp>

<comp id="20" class="1001" name="const_20">
<pin_list>
<pin id="21" dir="1" index="0" bw="1" slack="2147483647"/>
</pin_list>
<bind>
<StgValue><ssdm name="_ssdm_op_SpecInterface"/></StgValue>
</bind>
</comp>

<comp id="22" class="1001" name="const_22">
<pin_list>
<pin id="23" dir="1" index="0" bw="1" slack="2147483647"/>
</pin_list>
<bind>
<StgValue><ssdm name="empty"/></StgValue>
</bind>
</comp>

<comp id="24" class="1001" name="const_24">
<pin_list>
<pin id="25" dir="1" index="0" bw="1" slack="2147483647"/>
</pin_list>
<bind>
<StgValue><ssdm name="empty_0"/></StgValue>
</bind>
</comp>

<comp id="26" class="1001" name="const_26">
<pin_list>
<pin id="27" dir="1" index="0" bw="1" slack="2147483647"/>
</pin_list>
<bind>
<StgValue><ssdm name=""/></StgValue>
</bind>
</comp>

<comp id="28" class="1001" name="const_28">
<pin_list>
<pin id="29" dir="1" index="0" bw="1" slack="2147483647"/>
</pin_list>
<bind>
<StgValue><ssdm name="empty_1"/></StgValue>
</bind>
</comp>

<comp id="30" class="1004" name="sel_read_read_fu_30">
<pin_list>
<pin id="31" dir="0" index="0" bw="64" slack="0"/>
<pin id="32" dir="0" index="1" bw="64" slack="0"/>
<pin id="33" dir="1" index="2" bw="64" slack="0"/>
</pin_list>
<bind>
<opcode="read(1150) " fcode="read"/>
<opset="sel_read/1 "/>
</bind>
</comp>

<comp id="36" class="1004" name="inputs_addr_gep_fu_36">
<pin_list>
<pin id="37" dir="0" index="0" bw="32" slack="0"/>
<pin id="38" dir="0" index="1" bw="1" slack="0"/>
<pin id="39" dir="0" index="2" bw="3" slack="0"/>
<pin id="40" dir="1" index="3" bw="3" slack="0"/>
</pin_list>
<bind>
<opcode="getelementptr(29) " fcode="getelementptr"/>
<opset="inputs_addr/1 "/>
</bind>
</comp>

<comp id="43" class="1004" name="grp_access_fu_43">
<pin_list>
<pin id="44" dir="0" index="0" bw="3" slack="0"/>
<pin id="45" dir="0" index="1" bw="32" slack="2147483647"/>
<pin id="46" dir="0" index="2" bw="0" slack="2147483647"/>
<pin id="47" dir="1" index="3" bw="32" slack="2147483647"/>
</pin_list>
<bind>
<opcode="load(27) " fcode="load"/>
<opset="inputs_load/1 "/>
</bind>
</comp>

<comp id="49" class="1004" name="empty_fu_49">
<pin_list>
<pin id="50" dir="0" index="0" bw="64" slack="0"/>
<pin id="51" dir="1" index="1" bw="3" slack="0"/>
</pin_list>
<bind>
<opcode="trunc(33) " fcode="trunc"/>
<opset="empty/1 "/>
</bind>
</comp>

<comp id="53" class="1004" name="icmp_ln8_fu_53">
<pin_list>
<pin id="54" dir="0" index="0" bw="64" slack="0"/>
<pin id="55" dir="0" index="1" bw="64" slack="0"/>
<pin id="56" dir="1" index="2" bw="1" slack="0"/>
</pin_list>
<bind>
<opcode="icmp(45) " fcode="icmp"/>
<opset="icmp_ln8/1 "/>
</bind>
</comp>

<comp id="59" class="1004" name="select_ln8_fu_59">
<pin_list>
<pin id="60" dir="0" index="0" bw="1" slack="0"/>
<pin id="61" dir="0" index="1" bw="3" slack="0"/>
<pin id="62" dir="0" index="2" bw="3" slack="0"/>
<pin id="63" dir="1" index="3" bw="3" slack="0"/>
</pin_list>
<bind>
<opcode="select(49) " fcode="select"/>
<opset="select_ln8/1 "/>
</bind>
</comp>

<comp id="67" class="1004" name="zext_ln9_fu_67">
<pin_list>
<pin id="68" dir="0" index="0" bw="3" slack="0"/>
<pin id="69" dir="1" index="1" bw="64" slack="0"/>
</pin_list>
<bind>
<opcode="zext(34) " fcode="zext"/>
<opset="zext_ln9/1 "/>
</bind>
</comp>

<comp id="72" class="1005" name="inputs_addr_reg_72">
<pin_list>
<pin id="73" dir="0" index="0" bw="3" slack="1"/>
<pin id="74" dir="1" index="1" bw="3" slack="1"/>
</pin_list>
<bind>
<opset="inputs_addr "/>
</bind>
</comp>

</comp_list>

<net_list>
<net id="34"><net_src comp="4" pin="0"/><net_sink comp="30" pin=0"/></net>

<net id="35"><net_src comp="2" pin="0"/><net_sink comp="30" pin=1"/></net>

<net id="41"><net_src comp="0" pin="0"/><net_sink comp="36" pin=0"/></net>

<net id="42"><net_src comp="10" pin="0"/><net_sink comp="36" pin=1"/></net>

<net id="48"><net_src comp="36" pin="3"/><net_sink comp="43" pin=0"/></net>

<net id="52"><net_src comp="30" pin="2"/><net_sink comp="49" pin=0"/></net>

<net id="57"><net_src comp="30" pin="2"/><net_sink comp="53" pin=0"/></net>

<net id="58"><net_src comp="6" pin="0"/><net_sink comp="53" pin=1"/></net>

<net id="64"><net_src comp="53" pin="2"/><net_sink comp="59" pin=0"/></net>

<net id="65"><net_src comp="49" pin="1"/><net_sink comp="59" pin=1"/></net>

<net id="66"><net_src comp="8" pin="0"/><net_sink comp="59" pin=2"/></net>

<net id="70"><net_src comp="59" pin="3"/><net_sink comp="67" pin=0"/></net>

<net id="71"><net_src comp="67" pin="1"/><net_sink comp="36" pin=2"/></net>

<net id="75"><net_src comp="36" pin="3"/><net_sink comp="72" pin=0"/></net>

<net id="76"><net_src comp="72" pin="1"/><net_sink comp="43" pin=0"/></net>

</net_list>

</model> 
---------------- Datapath Model END ------------------

* FSMD analyzer results:
  - Output states:
 - Input state : 
	Port: multiplexer<int, 5ul> : inputs | {1 2 }
	Port: multiplexer<int, 5ul> : sel | {1 }
  - Chain level:
	State 1
		select_ln8 : 1
		zext_ln9 : 2
		inputs_addr : 3
		inputs_load : 4
	State 2
		ret_ln14 : 1


============================================================
+ Verbose Summary: Datapath Resource usage 
============================================================

* Functional unit list:
|----------|---------------------|---------|---------|
| Operation|   Functional Unit   |    FF   |   LUT   |
|----------|---------------------|---------|---------|
|   icmp   |    icmp_ln8_fu_53   |    0    |    71   |
|----------|---------------------|---------|---------|
|  select  |   select_ln8_fu_59  |    0    |    3    |
|----------|---------------------|---------|---------|
|   read   | sel_read_read_fu_30 |    0    |    0    |
|----------|---------------------|---------|---------|
|   trunc  |     empty_fu_49     |    0    |    0    |
|----------|---------------------|---------|---------|
|   zext   |    zext_ln9_fu_67   |    0    |    0    |
|----------|---------------------|---------|---------|
|   Total  |                     |    0    |    74   |
|----------|---------------------|---------|---------|

Memories:
N/A

* Register list:
+------------------+--------+
|                  |   FF   |
+------------------+--------+
|inputs_addr_reg_72|    3   |
+------------------+--------+
|       Total      |    3   |
+------------------+--------+

* Multiplexer (MUX) list: 
|------------------|------|------|------|--------||---------||---------|
|       Comp       |  Pin | Size |  BW  | S x BW ||  Delay  ||   LUT   |
|------------------|------|------|------|--------||---------||---------|
| grp_access_fu_43 |  p0  |   2  |   3  |    6   ||    9    |
|------------------|------|------|------|--------||---------||---------|
|       Total      |      |      |      |    6   ||   0.46  ||    9    |
|------------------|------|------|------|--------||---------||---------|



* Summary:
+-----------+--------+--------+--------+
|           |  Delay |   FF   |   LUT  |
+-----------+--------+--------+--------+
|  Function |    -   |    0   |   74   |
|   Memory  |    -   |    -   |    -   |
|Multiplexer|    0   |    -   |    9   |
|  Register |    -   |    3   |    -   |
+-----------+--------+--------+--------+
|   Total   |    0   |    3   |   83   |
+-----------+--------+--------+--------+
