

================================================================
== Synthesis Summary Report of 'encoder'
================================================================
+ General Information: 
    * Date:           Mon May  6 09:47:29 2024
    * Version:        2023.2 (Build 4023990 on Oct 11 2023)
    * Project:        encoder
    * Solution:       solution1 (Vivado IP Flow Target)
    * Product family: virtexuplus
    * Target device:  xcvu11p-flga2577-1-e
    

+ Performance & Resource Estimates: 
    
    PS: '+' for module; 'o' for loop; '*' for dataflow
    +-----------+------+------+---------+--------+----------+---------+------+----------+------+----+---+----+-----+
    |  Modules  | Issue|      | Latency | Latency| Iteration|         | Trip |          |      |    |   |    |     |
    |  & Loops  | Type | Slack| (cycles)|  (ns)  |  Latency | Interval| Count| Pipelined| BRAM | DSP| FF| LUT| URAM|
    +-----------+------+------+---------+--------+----------+---------+------+----------+------+----+---+----+-----+
    |+ encoder  |     -|  7.30|        0|   0.000|         -|        1|     -|        no|     -|   -|  -|   -|    -|
    +-----------+------+------+---------+--------+----------+---------+------+----------+------+----+---+----+-----+


================================================================
== HW Interfaces
================================================================
* Other Ports
+-----------+---------+-----------+----------+
| Port      | Mode    | Direction | Bitwidth |
+-----------+---------+-----------+----------+
| ap_return |         | out       | 1        |
| data      | ap_none | in        | 1        |
+-----------+---------+-----------+----------+

* TOP LEVEL CONTROL
+-----------+------------+-----------------------------------+
| Interface | Type       | Ports                             |
+-----------+------------+-----------------------------------+
| ap_ctrl   | ap_ctrl_hs | ap_done ap_idle ap_ready ap_start |
+-----------+------------+-----------------------------------+


================================================================
== SW I/O Information
================================================================
* Top Function Arguments
+----------+-----------+----------+
| Argument | Direction | Datatype |
+----------+-----------+----------+
| data     | in        | bool     |
| return   | out       | bool     |
+----------+-----------+----------+

* SW-to-HW Mapping
+----------+--------------+---------+
| Argument | HW Interface | HW Type |
+----------+--------------+---------+
| data     | data         | port    |
| return   | ap_return    | port    |
+----------+--------------+---------+


================================================================
== Bind Op Report
================================================================
  No bind op info in design

================================================================
== Storage Report
================================================================
  No bind storage info in design

================================================================
== Pragma Report
================================================================
  No pragmas found

