C:\Users\kwokt\HLS-Models\Matrix-Multiplication\hls_component\hls_component\hls\.autopilot\db\mat_mult.pp.0.cpp:1445:7: warning: Added loop label VITIS_LOOP_1223_1:   [xilinx-label-all-loops]
      for (i = 0; i < __N - 1; ++i) {
      ^~~
      VITIS_LOOP_1223_1: 
C:\Users\kwokt\HLS-Models\Matrix-Multiplication\hls_component\hls_component\hls\.autopilot\db\mat_mult.pp.0.cpp:1445:7: note: FIX-IT applied suggested code changes
C:\Users\kwokt\HLS-Models\Matrix-Multiplication\hls_component\hls_component\hls\.autopilot\db\mat_mult.pp.0.cpp:2419:5: warning: Added loop label VITIS_LOOP_676_1:   [xilinx-label-all-loops]
    for (unsigned i = low; i != high; ++i) {
    ^~~
    VITIS_LOOP_676_1: 
C:\Users\kwokt\HLS-Models\Matrix-Multiplication\hls_component\hls_component\hls\.autopilot\db\mat_mult.pp.0.cpp:2419:5: note: FIX-IT applied suggested code changes
C:\Users\kwokt\HLS-Models\Matrix-Multiplication\hls_component\hls_component\hls\.autopilot\db\mat_mult.pp.0.cpp:2433:5: warning: Added loop label VITIS_LOOP_690_1:   [xilinx-label-all-loops]
    for (unsigned i = low; i != high; ++i) {
    ^~~
    VITIS_LOOP_690_1: 
C:\Users\kwokt\HLS-Models\Matrix-Multiplication\hls_component\hls_component\hls\.autopilot\db\mat_mult.pp.0.cpp:2433:5: note: FIX-IT applied suggested code changes
C:\Users\kwokt\HLS-Models\Matrix-Multiplication\hls_component\hls_component\hls\.autopilot\db\mat_mult.pp.0.cpp:2447:5: warning: Added loop label VITIS_LOOP_704_1:   [xilinx-label-all-loops]
    for (unsigned i = low; i != high; ++i) {
    ^~~
    VITIS_LOOP_704_1: 
C:\Users\kwokt\HLS-Models\Matrix-Multiplication\hls_component\hls_component\hls\.autopilot\db\mat_mult.pp.0.cpp:2447:5: note: FIX-IT applied suggested code changes
C:\Users\kwokt\HLS-Models\Matrix-Multiplication\hls_component\hls_component\hls\.autopilot\db\mat_mult.pp.0.cpp:4076:7: warning: Added loop label VITIS_LOOP_1247_1:   [xilinx-label-all-loops]
      for (i = 0; i < __N - 1; ++i) {
      ^~~
      VITIS_LOOP_1247_1: 
C:\Users\kwokt\HLS-Models\Matrix-Multiplication\hls_component\hls_component\hls\.autopilot\db\mat_mult.pp.0.cpp:4076:7: note: FIX-IT applied suggested code changes
C:\Users\kwokt\HLS-Models\Matrix-Multiplication\hls_component\hls_component\hls\.autopilot\db\mat_mult.pp.0.cpp:5873:5: warning: Added loop label VITIS_LOOP_10_1:   [xilinx-label-all-loops]
    for (int i = 0; i < 256; i++) {
    ^~~
    VITIS_LOOP_10_1: 
C:\Users\kwokt\HLS-Models\Matrix-Multiplication\hls_component\hls_component\hls\.autopilot\db\mat_mult.pp.0.cpp:5873:5: note: FIX-IT applied suggested code changes
C:\Users\kwokt\HLS-Models\Matrix-Multiplication\hls_component\hls_component\hls\.autopilot\db\mat_mult.pp.0.cpp:5874:9: warning: Added loop label VITIS_LOOP_11_2:   [xilinx-label-all-loops]
        for (int j = 0; j < 256; j++) {
        ^~~
        VITIS_LOOP_11_2: 
C:\Users\kwokt\HLS-Models\Matrix-Multiplication\hls_component\hls_component\hls\.autopilot\db\mat_mult.pp.0.cpp:5874:9: note: FIX-IT applied suggested code changes
C:\Users\kwokt\HLS-Models\Matrix-Multiplication\hls_component\hls_component\hls\.autopilot\db\mat_mult.pp.0.cpp:5877:2: warning: Added loop label VITIS_LOOP_14_3:   [xilinx-label-all-loops]
 for (int k = 0; k < 256; k++) {
 ^~~
 VITIS_LOOP_14_3: 
C:\Users\kwokt\HLS-Models\Matrix-Multiplication\hls_component\hls_component\hls\.autopilot\db\mat_mult.pp.0.cpp:5877:2: note: FIX-IT applied suggested code changes
