#-----------------------------------------------------------
# xsim v2024.1 (64-bit)
# SW Build 5076996 on Wed May 22 18:37:14 MDT 2024
# IP Build 5075265 on Wed May 22 21:45:21 MDT 2024
# SharedData Build 5076995 on Wed May 22 18:29:18 MDT 2024
# Start of session at: Fri Jul  5 10:11:27 2024
# Process ID: 21792
# Current directory: C:/Users/kwokt/Desktop/project0303/hls_component/mmult_accel/hls/sim/verilog
# Command line: xsim.exe -mode tcl -source {xsim.dir/mmult_accel/xsim_script.tcl}
# Log file: C:/Users/kwokt/Desktop/project0303/hls_component/mmult_accel/hls/sim/verilog/xsim.log
# Journal file: C:/Users/kwokt/Desktop/project0303/hls_component/mmult_accel/hls/sim/verilog\xsim.jou
# Running On        :billy
# Platform          :Windows Server 2016 or Windows 10
# Operating System  :22631
# Processor Detail  :AMD Ryzen 9 5900HS with Radeon Graphics        
# CPU Frequency     :3294 MHz
# CPU Physical cores:8
# CPU Logical cores :16
# Host memory       :16542 MB
# Swap memory       :7247 MB
# Total Virtual     :23790 MB
# Available Virtual :7676 MB
#-----------------------------------------------------------
source xsim.dir/mmult_accel/xsim_script.tcl
# xsim {mmult_accel} -autoloadwcfg -tclbatch {mmult_accel.tcl}
Time resolution is 1 ps
source mmult_accel.tcl
## run all
////////////////////////////////////////////////////////////////////////////////////
// Inter-Transaction Progress: Completed Transaction / Total Transaction
// Intra-Transaction Progress: Measured Latency / Latency Estimation * 100%
//
// RTL Simulation : "Inter-Transaction Progress" ["Intra-Transaction Progress"] @ "Simulation Time"
////////////////////////////////////////////////////////////////////////////////////
// RTL Simulation : 0 / 1 [n/a] @ "125000"
// RTL Simulation : 0 / 1 [n/a] @ "100000145000"
// RTL Simulation : 0 / 1 [n/a] @ "200000155000"
// RTL Simulation : 0 / 1 [n/a] @ "300000165000"
// RTL Simulation : 0 / 1 [n/a] @ "400000175000"
// RTL Simulation : 0 / 1 [n/a] @ "500000185000"
// RTL Simulation : 0 / 1 [n/a] @ "600000195000"
// RTL Simulation : 0 / 1 [n/a] @ "700000205000"
// RTL Simulation : 0 / 1 [n/a] @ "800000215000"
// RTL Simulation : 0 / 1 [n/a] @ "900000225000"
