

================================================================
== Vitis HLS Report for 'matrix_multiply'
================================================================
* Date:           Mon Jun 17 10:50:07 2024

* Version:        2024.1 (Build 5069499 on May 21 2024)
* Project:        hls_component
* Solution:       hls (Vivado IP Flow Target)
* Product family: virtexuplus
* Target device:  xcvu9p-flga2104-2-i


================================================================
== Performance Estimates
================================================================
+ Timing: 
    * Summary: 
    +--------+----------+----------+------------+
    |  Clock |  Target  | Estimated| Uncertainty|
    +--------+----------+----------+------------+
    |ap_clk  |  10.00 ns|  6.760 ns|     2.70 ns|
    +--------+----------+----------+------------+

+ Latency: 
    * Summary: 
    +---------+---------+-----------+-----------+---------+---------+-----------------------------------------------+
    |  Latency (cycles) |   Latency (absolute)  |      Interval     |                    Pipeline                   |
    |   min   |   max   |    min    |    max    |   min   |   max   |                      Type                     |
    +---------+---------+-----------+-----------+---------+---------+-----------------------------------------------+
    |  8388611|  8388611|  83.886 ms|  83.886 ms|  8388608|  8388608|  loop auto-rewind stp(delay=0 clock cycles(s))|
    +---------+---------+-----------+-----------+---------+---------+-----------------------------------------------+

    + Detail: 
        * Instance: 
        N/A

        * Loop: 
        +-----------------------------------+---------+---------+----------+-----------+-----------+-------+----------+
        |                                   |  Latency (cycles) | Iteration|  Initiation Interval  |  Trip |          |
        |             Loop Name             |   min   |   max   |  Latency |  achieved |   target  | Count | Pipelined|
        +-----------------------------------+---------+---------+----------+-----------+-----------+-------+----------+
        |- VITIS_LOOP_10_1_VITIS_LOOP_11_2  |  8388609|  8388609|       130|        128|          1|  65536|       yes|
        +-----------------------------------+---------+---------+----------+-----------+-----------+-------+----------+



================================================================
== Utilization Estimates
================================================================
* Summary: 
+---------------------+---------+------+---------+---------+-----+
|         Name        | BRAM_18K|  DSP |    FF   |   LUT   | URAM|
+---------------------+---------+------+---------+---------+-----+
|DSP                  |        -|     -|        -|        -|    -|
|Expression           |        -|     -|        0|     3612|    -|
|FIFO                 |        -|     -|        -|        -|    -|
|Instance             |        -|     6|        0|       40|    -|
|Memory               |        -|     -|        -|        -|    -|
|Multiplexer          |        -|     -|        0|     3545|    -|
|Register             |        -|     -|     2160|        -|    -|
+---------------------+---------+------+---------+---------+-----+
|Total                |        0|     6|     2160|     7197|    0|
+---------------------+---------+------+---------+---------+-----+
|Available SLR        |     1440|  2280|   788160|   394080|  320|
+---------------------+---------+------+---------+---------+-----+
|Utilization SLR (%)  |        0|    ~0|       ~0|        1|    0|
+---------------------+---------+------+---------+---------+-----+
|Available            |     4320|  6840|  2364480|  1182240|  960|
+---------------------+---------+------+---------+---------+-----+
|Utilization (%)      |        0|    ~0|       ~0|       ~0|    0|
+---------------------+---------+------+---------+---------+-----+

+ Detail: 
    * Instance: 
    +-----------------------+--------------------+---------+----+---+----+-----+
    |        Instance       |       Module       | BRAM_18K| DSP| FF| LUT| URAM|
    +-----------------------+--------------------+---------+----+---+----+-----+
    |mul_32s_32s_32_1_1_U1  |mul_32s_32s_32_1_1  |        0|   3|  0|  20|    0|
    |mul_32s_32s_32_1_1_U2  |mul_32s_32s_32_1_1  |        0|   3|  0|  20|    0|
    +-----------------------+--------------------+---------+----+---+----+-----+
    |Total                  |                    |        0|   6|  0|  40|    0|
    +-----------------------+--------------------+---------+----+---+----+-----+

    * DSP: 
    N/A

    * Memory: 
    N/A

    * FIFO: 
    N/A

    * Expression: 
    +--------------------------+----------+----+---+----+------------+------------+
    |       Variable Name      | Operation| DSP| FF| LUT| Bitwidth P0| Bitwidth P1|
    +--------------------------+----------+----+---+----+------------+------------+
    |add_ln10_1_fu_10989_p2    |         +|   0|  0|  23|          16|           1|
    |add_ln10_fu_5198_p2       |         +|   0|  0|  16|           9|           1|
    |add_ln16_10_fu_5787_p2    |         +|   0|  0|  20|          13|          13|
    |add_ln16_11_fu_5952_p2    |         +|   0|  0|  21|          14|          13|
    |add_ln16_12_fu_5999_p2    |         +|   0|  0|  21|          14|          14|
    |add_ln16_13_fu_6045_p2    |         +|   0|  0|  21|          14|          14|
    |add_ln16_14_fu_6097_p2    |         +|   0|  0|  21|          14|          14|
    |add_ln16_15_fu_6143_p2    |         +|   0|  0|  21|          14|          14|
    |add_ln16_16_fu_6189_p2    |         +|   0|  0|  21|          14|          14|
    |add_ln16_17_fu_6235_p2    |         +|   0|  0|  21|          14|          14|
    |add_ln16_18_fu_6281_p2    |         +|   0|  0|  21|          14|          14|
    |add_ln16_19_fu_6327_p2    |         +|   0|  0|  21|          14|          14|
    |add_ln16_1_fu_5326_p2     |         +|   0|  0|  18|          11|          10|
    |add_ln16_20_fu_6652_p2    |         +|   0|  0|  22|          15|          14|
    |add_ln16_21_fu_6699_p2    |         +|   0|  0|  22|          15|          15|
    |add_ln16_22_fu_6745_p2    |         +|   0|  0|  22|          15|          15|
    |add_ln16_23_fu_6824_p2    |         +|   0|  0|  22|          15|          15|
    |add_ln16_24_fu_6870_p2    |         +|   0|  0|  22|          15|          15|
    |add_ln16_25_fu_6916_p2    |         +|   0|  0|  22|          15|          15|
    |add_ln16_26_fu_6962_p2    |         +|   0|  0|  22|          15|          15|
    |add_ln16_27_fu_7008_p2    |         +|   0|  0|  22|          15|          15|
    |add_ln16_28_fu_7054_p2    |         +|   0|  0|  22|          15|          15|
    |add_ln16_29_fu_7100_p2    |         +|   0|  0|  22|          15|          15|
    |add_ln16_2_fu_5373_p2     |         +|   0|  0|  18|          11|          11|
    |add_ln16_30_fu_7152_p2    |         +|   0|  0|  22|          15|          15|
    |add_ln16_31_fu_7203_p2    |         +|   0|  0|  22|          15|          15|
    |add_ln16_32_fu_7249_p2    |         +|   0|  0|  22|          15|          15|
    |add_ln16_33_fu_7295_p2    |         +|   0|  0|  22|          15|          15|
    |add_ln16_34_fu_7341_p2    |         +|   0|  0|  22|          15|          15|
    |add_ln16_35_fu_7387_p2    |         +|   0|  0|  22|          15|          15|
    |add_ln16_36_fu_7433_p2    |         +|   0|  0|  22|          15|          15|
    |add_ln16_37_fu_8090_p2    |         +|   0|  0|  23|          16|          15|
    |add_ln16_38_fu_8137_p2    |         +|   0|  0|  23|          16|          16|
    |add_ln16_39_fu_8183_p2    |         +|   0|  0|  23|          16|          16|
    |add_ln16_3_fu_5418_p2     |         +|   0|  0|  19|          12|          11|
    |add_ln16_40_fu_8261_p2    |         +|   0|  0|  23|          16|          16|
    |add_ln16_41_fu_8307_p2    |         +|   0|  0|  23|          16|          16|
    |add_ln16_42_fu_8353_p2    |         +|   0|  0|  23|          16|          16|
    |add_ln16_43_fu_8399_p2    |         +|   0|  0|  23|          16|          16|
    |add_ln16_44_fu_8445_p2    |         +|   0|  0|  23|          16|          16|
    |add_ln16_45_fu_8491_p2    |         +|   0|  0|  23|          16|          16|
    |add_ln16_46_fu_8537_p2    |         +|   0|  0|  23|          16|          16|
    |add_ln16_47_fu_8583_p2    |         +|   0|  0|  23|          16|          16|
    |add_ln16_48_fu_8629_p2    |         +|   0|  0|  23|          16|          16|
    |add_ln16_49_fu_8675_p2    |         +|   0|  0|  23|          16|          16|
    |add_ln16_4_fu_5465_p2     |         +|   0|  0|  19|          12|          12|
    |add_ln16_50_fu_8721_p2    |         +|   0|  0|  23|          16|          16|
    |add_ln16_51_fu_8767_p2    |         +|   0|  0|  23|          16|          16|
    |add_ln16_52_fu_8813_p2    |         +|   0|  0|  23|          16|          16|
    |add_ln16_53_fu_8859_p2    |         +|   0|  0|  23|          16|          16|
    |add_ln16_54_fu_8905_p2    |         +|   0|  0|  23|          16|          16|
    |add_ln16_55_fu_8957_p2    |         +|   0|  0|  23|          16|          16|
    |add_ln16_56_fu_9019_p2    |         +|   0|  0|  23|          16|          16|
    |add_ln16_57_fu_9065_p2    |         +|   0|  0|  23|          16|          16|
    |add_ln16_58_fu_9111_p2    |         +|   0|  0|  23|          16|          16|
    |add_ln16_59_fu_9157_p2    |         +|   0|  0|  23|          16|          16|
    |add_ln16_5_fu_5511_p2     |         +|   0|  0|  19|          12|          12|
    |add_ln16_60_fu_9203_p2    |         +|   0|  0|  23|          16|          16|
    |add_ln16_61_fu_9249_p2    |         +|   0|  0|  23|          16|          16|
    |add_ln16_62_fu_9295_p2    |         +|   0|  0|  23|          16|          16|
    |add_ln16_63_fu_9341_p2    |         +|   0|  0|  23|          16|          16|
    |add_ln16_64_fu_9387_p2    |         +|   0|  0|  23|          16|          16|
    |add_ln16_65_fu_9433_p2    |         +|   0|  0|  23|          16|          16|
    |add_ln16_66_fu_9479_p2    |         +|   0|  0|  23|          16|          16|
    |add_ln16_67_fu_9525_p2    |         +|   0|  0|  23|          16|          16|
    |add_ln16_68_fu_9571_p2    |         +|   0|  0|  23|          16|          16|
    |add_ln16_69_fu_9617_p2    |         +|   0|  0|  23|          16|          16|
    |add_ln16_6_fu_5596_p2     |         +|   0|  0|  20|          13|          12|
    |add_ln16_7_fu_5643_p2     |         +|   0|  0|  20|          13|          13|
    |add_ln16_8_fu_5689_p2     |         +|   0|  0|  20|          13|          13|
    |add_ln16_9_fu_5741_p2     |         +|   0|  0|  20|          13|          13|
    |add_ln16_fu_5259_p2       |         +|   0|  0|  17|          10|           9|
    |add_ln17_107_fu_7809_p2   |         +|   0|  0|  32|          32|          32|
    |add_ln17_108_fu_8197_p2   |         +|   0|  0|  32|          32|          32|
    |add_ln17_115_fu_8202_p2   |         +|   0|  0|  32|          32|          32|
    |add_ln17_123_fu_8207_p2   |         +|   0|  0|  32|          32|          32|
    |add_ln17_124_fu_8213_p2   |         +|   0|  0|  32|          32|          32|
    |add_ln17_125_fu_8219_p2   |         +|   0|  0|  32|          32|          32|
    |add_ln17_126_fu_11010_p2  |         +|   0|  0|  32|          32|          32|
    |add_ln17_141_fu_8967_p2   |         +|   0|  0|  32|          32|          32|
    |add_ln17_14_fu_5699_p2    |         +|   0|  0|  32|          32|          32|
    |add_ln17_155_fu_8915_p2   |         +|   0|  0|  32|          32|          32|
    |add_ln17_156_fu_8972_p2   |         +|   0|  0|  32|          32|          32|
    |add_ln17_157_fu_8977_p2   |         +|   0|  0|  32|          32|          32|
    |add_ln17_172_fu_9733_p2   |         +|   0|  0|  32|          32|          32|
    |add_ln17_186_fu_9687_p2   |         +|   0|  0|  32|          32|          32|
    |add_ln17_187_fu_9739_p2   |         +|   0|  0|  32|          32|          32|
    |add_ln17_188_fu_9744_p2   |         +|   0|  0|  32|          32|          32|
    |add_ln17_189_fu_11014_p2  |         +|   0|  0|  32|          32|          32|
    |add_ln17_203_fu_10030_p2  |         +|   0|  0|  32|          32|          32|
    |add_ln17_204_fu_10076_p2  |         +|   0|  0|  32|          32|          32|
    |add_ln17_211_fu_10401_p2  |         +|   0|  0|  32|          32|          32|
    |add_ln17_219_fu_10407_p2  |         +|   0|  0|  32|          32|          32|
    |add_ln17_220_fu_11018_p2  |         +|   0|  0|  32|          32|          32|
    |add_ln17_235_fu_11022_p2  |         +|   0|  0|  32|          32|          32|
    |add_ln17_250_fu_11028_p2  |         +|   0|  0|  32|          32|          32|
    |add_ln17_251_fu_11033_p2  |         +|   0|  0|  32|          32|          32|
    |add_ln17_252_fu_11039_p2  |         +|   0|  0|  32|          32|          32|
    |add_ln17_253_fu_11045_p2  |         +|   0|  0|  32|          32|          32|
    |add_ln17_29_fu_6055_p2    |         +|   0|  0|  32|          32|          32|
    |add_ln17_30_fu_6755_p2    |         +|   0|  0|  32|          32|          32|
    |add_ln17_45_fu_6759_p2    |         +|   0|  0|  32|          32|          32|
    |add_ln17_52_fu_6765_p2    |         +|   0|  0|  32|          32|          32|
    |add_ln17_60_fu_6770_p2    |         +|   0|  0|  32|          32|          32|
    |add_ln17_61_fu_6776_p2    |         +|   0|  0|  32|          32|          32|
    |add_ln17_62_fu_6782_p2    |         +|   0|  0|  32|          32|          32|
    |add_ln17_76_fu_7110_p2    |         +|   0|  0|  32|          32|          32|
    |add_ln17_77_fu_7162_p2    |         +|   0|  0|  32|          32|          32|
    |add_ln17_92_fu_7523_p2    |         +|   0|  0|  32|          32|          32|
    |add_ln17_93_fu_8193_p2    |         +|   0|  0|  32|          32|          32|
    |add_ln19_fu_9627_p2       |         +|   0|  0|  23|          16|          16|
    |grp_fu_4983_p2            |         +|   0|  0|  39|          32|          32|
    |grp_fu_4989_p2            |         +|   0|  0|  39|          32|          32|
    |grp_fu_5019_p2            |         +|   0|  0|  32|          32|          32|
    |grp_fu_5025_p2            |         +|   0|  0|  32|          32|          32|
    |grp_fu_5031_p2            |         +|   0|  0|  32|          32|          32|
    |grp_fu_5037_p2            |         +|   0|  0|  32|          32|          32|
    |grp_fu_5043_p2            |         +|   0|  0|  32|          32|          32|
    |grp_fu_5049_p2            |         +|   0|  0|  32|          32|          32|
    |grp_fu_5055_p2            |         +|   0|  0|  32|          32|          32|
    |grp_fu_5061_p2            |         +|   0|  0|  32|          32|          32|
    |grp_fu_5067_p2            |         +|   0|  0|  32|          32|          32|
    |grp_fu_5073_p2            |         +|   0|  0|  32|          32|          32|
    |grp_fu_5079_p2            |         +|   0|  0|  32|          32|          32|
    |grp_fu_5085_p2            |         +|   0|  0|  32|          32|          32|
    |grp_fu_5091_p2            |         +|   0|  0|  32|          32|          32|
    |grp_fu_5097_p2            |         +|   0|  0|  32|          32|          32|
    |grp_fu_5103_p2            |         +|   0|  0|  32|          32|          32|
    |grp_fu_5153_p2            |         +|   0|  0|  32|          32|          32|
    |grp_fu_5159_p2            |         +|   0|  0|  32|          32|          32|
    |grp_fu_5165_p2            |         +|   0|  0|  32|          32|          32|
    |grp_fu_5171_p2            |         +|   0|  0|  32|          32|          32|
    |j_fu_9631_p2              |         +|   0|  0|  16|           9|           1|
    |sum_fu_11051_p2           |         +|   0|  0|  32|          32|          32|
    |ap_condition_4013         |       and|   0|  0|   2|           1|           1|
    |ap_condition_9731         |       and|   0|  0|   2|           1|           1|
    |ap_condition_9736         |       and|   0|  0|   2|           1|           1|
    |icmp_ln10_fu_10995_p2     |      icmp|   0|  0|  23|          16|           2|
    |icmp_ln11_fu_9636_p2      |      icmp|   0|  0|  17|           9|          10|
    |i_fu_5212_p3              |    select|   0|  0|   9|           1|           9|
    |select_ln10_fu_5204_p3    |    select|   0|  0|   9|           1|           1|
    |ap_enable_pp0             |       xor|   0|  0|   2|           1|           2|
    |xor_ln16_fu_10968_p2      |       xor|   0|  0|   2|           1|           2|
    +--------------------------+----------+----+---+----+------------+------------+
    |Total                     |          |   0|  0|3612|        3044|        3003|
    +--------------------------+----------+----+---+----+------------+------------+

    * Multiplexer: 
    +--------------------------------------+-----+-----------+-----+-----------+
    |                 Name                 | LUT | Input Size| Bits| Total Bits|
    +--------------------------------------+-----+-----------+-----+-----------+
    |A_Addr_A_orig                         |  678|        129|   32|       4128|
    |A_Addr_B_orig                         |  678|        129|   32|       4128|
    |B_Addr_A_orig                         |  678|        129|   32|       4128|
    |B_Addr_B_orig                         |  678|        129|   32|       4128|
    |C_WEN_A_local                         |    9|          2|    4|          8|
    |ap_NS_fsm                             |  678|        129|    1|        129|
    |ap_done_int                           |    9|          2|    1|          2|
    |ap_enable_reg_pp0_iter0               |    9|          2|    1|          2|
    |ap_enable_reg_pp0_iter1               |    9|          2|    1|          2|
    |ap_loop_exit_ready_pp0_iter1_reg      |    9|          2|    1|          2|
    |ap_phi_mux_icmp_ln114_phi_fu_4960_p4  |    9|          2|    1|          2|
    |ap_sig_allocacmp_i2_load              |    9|          2|    9|         18|
    |ap_sig_allocacmp_j3_load              |    9|          2|    9|         18|
    |grp_fu_4967_p0                        |   14|          3|   32|         96|
    |grp_fu_4967_p1                        |   14|          3|   32|         96|
    |grp_fu_4973_p0                        |   14|          3|   32|         96|
    |grp_fu_4973_p1                        |   14|          3|   32|         96|
    |i2_fu_822                             |    9|          2|    9|         18|
    |indvar_flatten1_fu_818                |    9|          2|   16|         32|
    |j3_fu_826                             |    9|          2|    9|         18|
    +--------------------------------------+-----+-----------+-----+-----------+
    |Total                                 | 3545|        679|  318|      17147|
    +--------------------------------------+-----+-----------+-----+-----------+

    * Register: 
    +----------------------------------+-----+----+-----+-----------+
    |               Name               |  FF | LUT| Bits| Const Bits|
    +----------------------------------+-----+----+-----+-----------+
    |add_ln16_10_reg_11797             |   13|   0|   13|          0|
    |add_ln16_12_reg_11923             |   14|   0|   14|          0|
    |add_ln16_13_reg_11955             |   14|   0|   14|          0|
    |add_ln16_14_reg_11992             |   14|   0|   14|          0|
    |add_ln16_15_reg_12024             |   14|   0|   14|          0|
    |add_ln16_16_reg_12056             |   14|   0|   14|          0|
    |add_ln16_17_reg_12088             |   14|   0|   14|          0|
    |add_ln16_18_reg_12120             |   14|   0|   14|          0|
    |add_ln16_19_reg_12152             |   14|   0|   14|          0|
    |add_ln16_21_reg_12369             |   15|   0|   15|          0|
    |add_ln16_22_reg_12399             |   15|   0|   15|          0|
    |add_ln16_23_reg_12434             |   15|   0|   15|          0|
    |add_ln16_24_reg_12464             |   15|   0|   15|          0|
    |add_ln16_25_reg_12494             |   15|   0|   15|          0|
    |add_ln16_26_reg_12524             |   15|   0|   15|          0|
    |add_ln16_27_reg_12554             |   15|   0|   15|          0|
    |add_ln16_28_reg_12584             |   15|   0|   15|          0|
    |add_ln16_29_reg_12614             |   15|   0|   15|          0|
    |add_ln16_2_reg_11502              |   11|   0|   11|          0|
    |add_ln16_30_reg_12649             |   15|   0|   15|          0|
    |add_ln16_31_reg_12684             |   15|   0|   15|          0|
    |add_ln16_32_reg_12714             |   15|   0|   15|          0|
    |add_ln16_33_reg_12744             |   15|   0|   15|          0|
    |add_ln16_34_reg_12774             |   15|   0|   15|          0|
    |add_ln16_35_reg_12804             |   15|   0|   15|          0|
    |add_ln16_36_reg_12834             |   15|   0|   15|          0|
    |add_ln16_4_reg_11569              |   12|   0|   12|          0|
    |add_ln16_5_reg_11605              |   12|   0|   12|          0|
    |add_ln16_7_reg_11690              |   13|   0|   13|          0|
    |add_ln16_8_reg_11724              |   13|   0|   13|          0|
    |add_ln16_9_reg_11763              |   13|   0|   13|          0|
    |add_ln17_107_reg_13029            |   32|   0|   32|          0|
    |add_ln17_111_reg_13074            |   32|   0|   32|          0|
    |add_ln17_125_reg_13256            |   32|   0|   32|          0|
    |add_ln17_140_reg_13401            |   32|   0|   32|          0|
    |add_ln17_14_reg_11736             |   32|   0|   32|          0|
    |add_ln17_155_reg_13566            |   32|   0|   32|          0|
    |add_ln17_157_reg_13591            |   32|   0|   32|          0|
    |add_ln17_186_reg_13906            |   32|   0|   32|          0|
    |add_ln17_188_reg_13931            |   32|   0|   32|          0|
    |add_ln17_203_reg_14076            |   32|   0|   32|          0|
    |add_ln17_204_reg_14101            |   32|   0|   32|          0|
    |add_ln17_219_reg_14266            |   32|   0|   32|          0|
    |add_ln17_249_reg_14555            |   32|   0|   32|          0|
    |add_ln17_29_reg_11966             |   32|   0|   32|          0|
    |add_ln17_51_reg_12263             |   32|   0|   32|          0|
    |add_ln17_62_reg_12409             |   32|   0|   32|          0|
    |add_ln17_76_reg_12624             |   32|   0|   32|          0|
    |add_ln17_77_reg_12659             |   32|   0|   32|          0|
    |add_ln17_92_reg_12884             |   32|   0|   32|          0|
    |add_ln19_reg_13876                |   16|   0|   16|          0|
    |ap_CS_fsm                         |  128|   0|  128|          0|
    |ap_done_reg                       |    1|   0|    1|          0|
    |ap_enable_reg_pp0_iter0_reg       |    1|   0|    1|          0|
    |ap_enable_reg_pp0_iter1           |    1|   0|    1|          0|
    |ap_loop_exit_ready_pp0_iter1_reg  |    1|   0|    1|          0|
    |bit_sel_reg_11425                 |    1|   0|    1|          0|
    |empty_reg_11122                   |    8|   0|    8|          0|
    |i2_fu_822                         |    9|   0|    9|          0|
    |icmp_ln10_reg_14551               |    1|   0|    1|          0|
    |icmp_ln11_reg_13881               |    1|   0|    1|          0|
    |indvar_flatten1_fu_818            |   16|   0|   16|          0|
    |j3_fu_826                         |    9|   0|    9|          0|
    |reg_4995                          |   32|   0|   32|          0|
    |reg_4999                          |   32|   0|   32|          0|
    |reg_5003                          |   32|   0|   32|          0|
    |reg_5007                          |   32|   0|   32|          0|
    |reg_5011                          |   32|   0|   32|          0|
    |reg_5015                          |   32|   0|   32|          0|
    |reg_5109                          |   32|   0|   32|          0|
    |reg_5113                          |   32|   0|   32|          0|
    |reg_5117                          |   32|   0|   32|          0|
    |reg_5121                          |   32|   0|   32|          0|
    |reg_5125                          |   32|   0|   32|          0|
    |reg_5129                          |   32|   0|   32|          0|
    |reg_5133                          |   32|   0|   32|          0|
    |reg_5137                          |   32|   0|   32|          0|
    |reg_5141                          |   32|   0|   32|          0|
    |reg_5145                          |   32|   0|   32|          0|
    |reg_5149                          |   32|   0|   32|          0|
    |select_ln10_reg_11079             |    9|   0|    9|          0|
    |tmp_256_cast_reg_11458            |    9|   0|   10|          1|
    |tmp_257_cast_reg_11488            |    9|   0|   11|          2|
    |tmp_259_cast_reg_11556            |    9|   0|   12|          3|
    |tmp_260_cast_reg_11592            |    9|   0|   12|          3|
    |tmp_263_cast_reg_11678            |    9|   0|   13|          4|
    |tmp_264_cast_reg_11712            |    9|   0|   13|          4|
    |tmp_265_cast_reg_11751            |    9|   0|   13|          4|
    |tmp_266_cast_reg_11785            |    9|   0|   13|          4|
    |tmp_271_cast_reg_11912            |    9|   0|   14|          5|
    |tmp_272_cast_reg_11944            |    9|   0|   14|          5|
    |tmp_273_cast_reg_11981            |    9|   0|   14|          5|
    |tmp_274_cast_reg_12013            |    9|   0|   14|          5|
    |tmp_275_cast_reg_12045            |    9|   0|   14|          5|
    |tmp_276_cast_reg_12077            |    9|   0|   14|          5|
    |tmp_277_cast_reg_12109            |    9|   0|   14|          5|
    |tmp_278_cast_reg_12141            |    9|   0|   14|          5|
    |tmp_287_cast_reg_12359            |    9|   0|   15|          6|
    |tmp_288_cast_reg_12389            |    9|   0|   15|          6|
    |tmp_289_cast_reg_12424            |    9|   0|   15|          6|
    |tmp_290_cast_reg_12454            |    9|   0|   15|          6|
    |tmp_291_cast_reg_12484            |    9|   0|   15|          6|
    |tmp_292_cast_reg_12514            |    9|   0|   15|          6|
    |tmp_293_cast_reg_12544            |    9|   0|   15|          6|
    |tmp_294_cast_reg_12574            |    9|   0|   15|          6|
    |tmp_295_cast_reg_12604            |    9|   0|   15|          6|
    |tmp_296_cast_reg_12639            |    9|   0|   15|          6|
    |tmp_297_cast_reg_12674            |    9|   0|   15|          6|
    |tmp_298_cast_reg_12704            |    9|   0|   15|          6|
    |tmp_299_cast_reg_12734            |    9|   0|   15|          6|
    |tmp_300_cast_reg_12764            |    9|   0|   15|          6|
    |tmp_301_cast_reg_12794            |    9|   0|   15|          6|
    |tmp_302_cast_reg_12824            |    9|   0|   15|          6|
    |tmp_reg_11380                     |    8|   0|   16|          8|
    |trunc_ln16_reg_11430              |    8|   0|    8|          0|
    |zext_ln16_1_reg_11445             |    9|   0|   11|          2|
    |zext_ln16_2_reg_11526             |    9|   0|   12|          3|
    |zext_ln16_3_reg_11648             |    9|   0|   13|          4|
    |zext_ln16_4_reg_11879             |    9|   0|   14|          5|
    |zext_ln16_5_reg_12318             |    9|   0|   15|          6|
    |zext_ln16_6_reg_11395             |    9|   0|   10|          1|
    |zext_ln16_reg_13169               |    9|   0|   16|          7|
    +----------------------------------+-----+----+-----+-----------+
    |Total                             | 2160|   0| 2357|        197|
    +----------------------------------+-----+----+-----+-----------+



================================================================
== Interface
================================================================
* Summary: 
+----------+-----+-----+------------+-----------------+--------------+
| RTL Ports| Dir | Bits|  Protocol  |  Source Object  |    C Type    |
+----------+-----+-----+------------+-----------------+--------------+
|ap_clk    |   in|    1|  ap_ctrl_hs|  matrix_multiply|  return value|
|ap_rst    |   in|    1|  ap_ctrl_hs|  matrix_multiply|  return value|
|ap_start  |   in|    1|  ap_ctrl_hs|  matrix_multiply|  return value|
|ap_done   |  out|    1|  ap_ctrl_hs|  matrix_multiply|  return value|
|ap_idle   |  out|    1|  ap_ctrl_hs|  matrix_multiply|  return value|
|ap_ready  |  out|    1|  ap_ctrl_hs|  matrix_multiply|  return value|
|A_Addr_A  |  out|   32|        bram|                A|         array|
|A_EN_A    |  out|    1|        bram|                A|         array|
|A_WEN_A   |  out|    4|        bram|                A|         array|
|A_Din_A   |  out|   32|        bram|                A|         array|
|A_Dout_A  |   in|   32|        bram|                A|         array|
|A_Clk_A   |  out|    1|        bram|                A|         array|
|A_Rst_A   |  out|    1|        bram|                A|         array|
|A_Addr_B  |  out|   32|        bram|                A|         array|
|A_EN_B    |  out|    1|        bram|                A|         array|
|A_WEN_B   |  out|    4|        bram|                A|         array|
|A_Din_B   |  out|   32|        bram|                A|         array|
|A_Dout_B  |   in|   32|        bram|                A|         array|
|A_Clk_B   |  out|    1|        bram|                A|         array|
|A_Rst_B   |  out|    1|        bram|                A|         array|
|B_Addr_A  |  out|   32|        bram|                B|         array|
|B_EN_A    |  out|    1|        bram|                B|         array|
|B_WEN_A   |  out|    4|        bram|                B|         array|
|B_Din_A   |  out|   32|        bram|                B|         array|
|B_Dout_A  |   in|   32|        bram|                B|         array|
|B_Clk_A   |  out|    1|        bram|                B|         array|
|B_Rst_A   |  out|    1|        bram|                B|         array|
|B_Addr_B  |  out|   32|        bram|                B|         array|
|B_EN_B    |  out|    1|        bram|                B|         array|
|B_WEN_B   |  out|    4|        bram|                B|         array|
|B_Din_B   |  out|   32|        bram|                B|         array|
|B_Dout_B  |   in|   32|        bram|                B|         array|
|B_Clk_B   |  out|    1|        bram|                B|         array|
|B_Rst_B   |  out|    1|        bram|                B|         array|
|C_Addr_A  |  out|   32|        bram|                C|         array|
|C_EN_A    |  out|    1|        bram|                C|         array|
|C_WEN_A   |  out|    4|        bram|                C|         array|
|C_Din_A   |  out|   32|        bram|                C|         array|
|C_Dout_A  |   in|   32|        bram|                C|         array|
|C_Clk_A   |  out|    1|        bram|                C|         array|
|C_Rst_A   |  out|    1|        bram|                C|         array|
+----------+-----+-----+------------+-----------------+--------------+

