INFO: [SIM 2] *************** CSIM start ***************
INFO: [SIM 4] CSIM will launch GCC as the compiler.
   Compiling ../../../../tb_decade_counter.cpp in debug mode
   Compiling ../../../../decade_counter.cpp in debug mode
   Generating csim.exe
Initial Count: 0
Count: 1
Count: 2
Count: 3
Count: 4
Count: 5
Count: 6
Count: 7
Count: 8
Count: 9
Count: 0
Count: 1
Count: 2
Count: 3
Count: 4
Count: 5
INFO: [SIM 1] CSim done with 0 errors.
INFO: [SIM 3] *************** CSIM finish ***************
