==============================================================
Vitis HLS - High-Level Synthesis from C, C++ and OpenCL v2023.2 (64-bit)
Tool Version Limit: 2023.10
Copyright 1986-2022 Xilinx, Inc. All Rights Reserved.
Copyright 2022-2023 Advanced Micro Devices, Inc. All Rights Reserved.

==============================================================
INFO: [SYN 201-201] Setting up clock 'default' with a period of 10ns.
INFO: [HLS 200-1611] Setting target device to 'xcvu11p-flga2577-1-e'
INFO: [HLS 200-1505] Using flow_target 'vivado'
INFO: [HLS 200-1510] Running: set_part xcvu11p-flga2577-1-e 
INFO: [HLS 200-1510] Running: create_clock -period 10 -name default 
INFO: [SYN 201-201] Setting up clock 'default' with a period of 10ns.
INFO: [HLS 200-1510] Running: csim_design -quiet 
INFO: [SIM 211-2] *************** CSIM start ***************
INFO: [SIM 211-4] CSIM will launch GCC as the compiler.
INFO: [HLS 200-2036] Building debug C Simulation binaries
INFO: [SIM 211-1] CSim done with 0 errors.
INFO: [SIM 211-3] *************** CSIM finish ***************
INFO: [HLS 200-111] Finished Command csim_design CPU user time: 0 seconds. CPU system time: 0 seconds. Elapsed time: 7.057 seconds; current allocated memory: 0.676 MB.
==============================================================
Vitis HLS - High-Level Synthesis from C, C++ and OpenCL v2023.2 (64-bit)
Tool Version Limit: 2023.10
Copyright 1986-2022 Xilinx, Inc. All Rights Reserved.
Copyright 2022-2023 Advanced Micro Devices, Inc. All Rights Reserved.

==============================================================
INFO: [SYN 201-201] Setting up clock 'default' with a period of 10ns.
INFO: [HLS 200-1611] Setting target device to 'xcvu11p-flga2577-1-e'
INFO: [HLS 200-1505] Using flow_target 'vivado'
INFO: [HLS 200-1510] Running: set_part xcvu11p-flga2577-1-e 
INFO: [HLS 200-1510] Running: create_clock -period 10 -name default 
INFO: [HLS 200-1510] Running: csynth_design 
INFO: [HLS 200-111] Finished File checks and directory preparation: CPU user time: 0 seconds. CPU system time: 0 seconds. Elapsed time: 0.114 seconds; current allocated memory: 193.102 MB.
INFO: [HLS 200-10] Analyzing design file '4bitcounter.cpp' ... 
INFO: [HLS 200-111] Finished Source Code Analysis and Preprocessing: CPU user time: 0 seconds. CPU system time: 0 seconds. Elapsed time: 4.208 seconds; current allocated memory: 195.254 MB.
INFO: [HLS 200-777] Using interface defaults for 'Vivado' flow target.
INFO: [HLS 200-1995] There were 186 instructions in the design after the 'Compile/Link' phase of compilation. See the Design Size Report for more details: C:/Users/kwokt/Desktop/Clone_HLS-Models/HLS-Models/Simple-Designs/Counters/4-bit-counter/4bitcounter/solution1/syn/report/csynth_design_size.rpt
INFO: [HLS 200-1995] There were 20 instructions in the design after the 'Unroll/Inline (step 1)' phase of compilation. See the Design Size Report for more details: C:/Users/kwokt/Desktop/Clone_HLS-Models/HLS-Models/Simple-Designs/Counters/4-bit-counter/4bitcounter/solution1/syn/report/csynth_design_size.rpt
INFO: [HLS 200-1995] There were 17 instructions in the design after the 'Unroll/Inline (step 2)' phase of compilation. See the Design Size Report for more details: C:/Users/kwokt/Desktop/Clone_HLS-Models/HLS-Models/Simple-Designs/Counters/4-bit-counter/4bitcounter/solution1/syn/report/csynth_design_size.rpt
INFO: [HLS 200-1995] There were 17 instructions in the design after the 'Unroll/Inline (step 3)' phase of compilation. See the Design Size Report for more details: C:/Users/kwokt/Desktop/Clone_HLS-Models/HLS-Models/Simple-Designs/Counters/4-bit-counter/4bitcounter/solution1/syn/report/csynth_design_size.rpt
INFO: [HLS 200-1995] There were 17 instructions in the design after the 'Unroll/Inline (step 4)' phase of compilation. See the Design Size Report for more details: C:/Users/kwokt/Desktop/Clone_HLS-Models/HLS-Models/Simple-Designs/Counters/4-bit-counter/4bitcounter/solution1/syn/report/csynth_design_size.rpt
INFO: [HLS 200-1995] There were 17 instructions in the design after the 'Array/Struct (step 1)' phase of compilation. See the Design Size Report for more details: C:/Users/kwokt/Desktop/Clone_HLS-Models/HLS-Models/Simple-Designs/Counters/4-bit-counter/4bitcounter/solution1/syn/report/csynth_design_size.rpt
INFO: [HLS 200-1995] There were 17 instructions in the design after the 'Array/Struct (step 2)' phase of compilation. See the Design Size Report for more details: C:/Users/kwokt/Desktop/Clone_HLS-Models/HLS-Models/Simple-Designs/Counters/4-bit-counter/4bitcounter/solution1/syn/report/csynth_design_size.rpt
INFO: [HLS 200-1995] There were 17 instructions in the design after the 'Array/Struct (step 3)' phase of compilation. See the Design Size Report for more details: C:/Users/kwokt/Desktop/Clone_HLS-Models/HLS-Models/Simple-Designs/Counters/4-bit-counter/4bitcounter/solution1/syn/report/csynth_design_size.rpt
INFO: [HLS 200-1995] There were 17 instructions in the design after the 'Array/Struct (step 4)' phase of compilation. See the Design Size Report for more details: C:/Users/kwokt/Desktop/Clone_HLS-Models/HLS-Models/Simple-Designs/Counters/4-bit-counter/4bitcounter/solution1/syn/report/csynth_design_size.rpt
INFO: [HLS 200-1995] There were 17 instructions in the design after the 'Array/Struct (step 5)' phase of compilation. See the Design Size Report for more details: C:/Users/kwokt/Desktop/Clone_HLS-Models/HLS-Models/Simple-Designs/Counters/4-bit-counter/4bitcounter/solution1/syn/report/csynth_design_size.rpt
INFO: [HLS 200-1995] There were 17 instructions in the design after the 'Performance (step 1)' phase of compilation. See the Design Size Report for more details: C:/Users/kwokt/Desktop/Clone_HLS-Models/HLS-Models/Simple-Designs/Counters/4-bit-counter/4bitcounter/solution1/syn/report/csynth_design_size.rpt
INFO: [HLS 200-1995] There were 17 instructions in the design after the 'Performance (step 2)' phase of compilation. See the Design Size Report for more details: C:/Users/kwokt/Desktop/Clone_HLS-Models/HLS-Models/Simple-Designs/Counters/4-bit-counter/4bitcounter/solution1/syn/report/csynth_design_size.rpt
INFO: [HLS 200-1995] There were 17 instructions in the design after the 'Performance (step 3)' phase of compilation. See the Design Size Report for more details: C:/Users/kwokt/Desktop/Clone_HLS-Models/HLS-Models/Simple-Designs/Counters/4-bit-counter/4bitcounter/solution1/syn/report/csynth_design_size.rpt
INFO: [HLS 200-1995] There were 17 instructions in the design after the 'Performance (step 4)' phase of compilation. See the Design Size Report for more details: C:/Users/kwokt/Desktop/Clone_HLS-Models/HLS-Models/Simple-Designs/Counters/4-bit-counter/4bitcounter/solution1/syn/report/csynth_design_size.rpt
INFO: [HLS 200-1995] There were 21 instructions in the design after the 'HW Transforms (step 1)' phase of compilation. See the Design Size Report for more details: C:/Users/kwokt/Desktop/Clone_HLS-Models/HLS-Models/Simple-Designs/Counters/4-bit-counter/4bitcounter/solution1/syn/report/csynth_design_size.rpt
INFO: [HLS 200-1995] There were 22 instructions in the design after the 'HW Transforms (step 2)' phase of compilation. See the Design Size Report for more details: C:/Users/kwokt/Desktop/Clone_HLS-Models/HLS-Models/Simple-Designs/Counters/4-bit-counter/4bitcounter/solution1/syn/report/csynth_design_size.rpt
INFO: [HLS 200-111] Finished Compiling Optimization and Transform: CPU user time: 0 seconds. CPU system time: 0 seconds. Elapsed time: 8.129 seconds; current allocated memory: 197.020 MB.
INFO: [HLS 200-111] Finished Checking Pragmas: CPU user time: 0 seconds. CPU system time: 0 seconds. Elapsed time: 0.004 seconds; current allocated memory: 197.020 MB.
INFO: [HLS 200-10] Starting code transformations ...
INFO: [HLS 200-111] Finished Standard Transforms: CPU user time: 0 seconds. CPU system time: 0 seconds. Elapsed time: 0.097 seconds; current allocated memory: 201.609 MB.
INFO: [HLS 200-10] Checking synthesizability ...
INFO: [HLS 200-111] Finished Checking Synthesizability: CPU user time: 0 seconds. CPU system time: 0 seconds. Elapsed time: 0.027 seconds; current allocated memory: 203.016 MB.
INFO: [HLS 200-111] Finished Loop, function and other optimizations: CPU user time: 0 seconds. CPU system time: 0 seconds. Elapsed time: 0.047 seconds; current allocated memory: 224.039 MB.
INFO: [HLS 200-111] Finished Architecture Synthesis: CPU user time: 0 seconds. CPU system time: 0 seconds. Elapsed time: 0.038 seconds; current allocated memory: 224.051 MB.
INFO: [HLS 200-10] Starting hardware synthesis ...
INFO: [HLS 200-10] Synthesizing 'counter' ...
INFO: [HLS 200-10] ----------------------------------------------------------------
INFO: [HLS 200-42] -- Implementing module 'counter' 
INFO: [HLS 200-10] ----------------------------------------------------------------
INFO: [SCHED 204-11] Starting scheduling ...
INFO: [SCHED 204-11] Finished scheduling.
INFO: [HLS 200-111] Finished Scheduling: CPU user time: 0 seconds. CPU system time: 0 seconds. Elapsed time: 0.183 seconds; current allocated memory: 224.051 MB.
INFO: [BIND 205-100] Starting micro-architecture generation ...
INFO: [BIND 205-101] Performing variable lifetime analysis.
INFO: [BIND 205-101] Exploring resource sharing.
INFO: [BIND 205-101] Binding ...
INFO: [BIND 205-100] Finished micro-architecture generation.
INFO: [HLS 200-111] Finished Binding: CPU user time: 0 seconds. CPU system time: 0 seconds. Elapsed time: 0.06 seconds; current allocated memory: 224.051 MB.
INFO: [HLS 200-10] ----------------------------------------------------------------
INFO: [HLS 200-10] -- Generating RTL for module 'counter' 
INFO: [HLS 200-10] ----------------------------------------------------------------
INFO: [RTGEN 206-500] Setting interface mode on port 'counter/reset' to 'ap_none'.
INFO: [RTGEN 206-500] Setting interface mode on port 'counter/out_r' to 'ap_vld'.
INFO: [RTGEN 206-500] Setting interface mode on function 'counter' to 'ap_ctrl_hs'.
WARNING: [RTGEN 206-101] Register 'count' is power-on initialization.
INFO: [RTGEN 206-100] Finished creating RTL model for 'counter'.
INFO: [HLS 200-111] Finished Creating RTL model: CPU user time: 0 seconds. CPU system time: 0 seconds. Elapsed time: 0.078 seconds; current allocated memory: 224.051 MB.
INFO: [HLS 200-111] Finished Generating all RTL models: CPU user time: 0 seconds. CPU system time: 0 seconds. Elapsed time: 0.347 seconds; current allocated memory: 227.965 MB.
INFO: [HLS 200-111] Finished Updating report files: CPU user time: 0 seconds. CPU system time: 0 seconds. Elapsed time: 0.578 seconds; current allocated memory: 232.422 MB.
INFO: [VHDL 208-304] Generating VHDL RTL for counter.
INFO: [VLOG 209-307] Generating Verilog RTL for counter.
INFO: [HLS 200-789] **** Estimated Fmax: 705.72 MHz
INFO: [HLS 200-111] Finished Command csynth_design CPU user time: 0 seconds. CPU system time: 0 seconds. Elapsed time: 13.961 seconds; current allocated memory: 39.492 MB.
==============================================================
Vitis HLS - High-Level Synthesis from C, C++ and OpenCL v2023.2 (64-bit)
Tool Version Limit: 2023.10
Copyright 1986-2022 Xilinx, Inc. All Rights Reserved.
Copyright 2022-2023 Advanced Micro Devices, Inc. All Rights Reserved.

==============================================================
INFO: [SYN 201-201] Setting up clock 'default' with a period of 10ns.
INFO: [HLS 200-1611] Setting target device to 'xcvu11p-flga2577-1-e'
INFO: [HLS 200-1505] Using flow_target 'vivado'
INFO: [HLS 200-1464] Running solution command: config_cosim -tool=xsim
INFO: [HLS 200-1510] Running: set_part xcvu11p-flga2577-1-e 
INFO: [HLS 200-1510] Running: create_clock -period 10 -name default 
INFO: [SYN 201-201] Setting up clock 'default' with a period of 10ns.
INFO: [HLS 200-1510] Running: config_cosim -tool xsim 
INFO: [HLS 200-1510] Running: cosim_design 
INFO: [COSIM 212-47] Using XSIM for RTL simulation.
INFO: [COSIM 212-14] Instrumenting C test bench ...
INFO: [COSIM 212-302] Starting C TB testing ... 
INFO: [COSIM 212-333] Generating C post check test bench ...
INFO: [COSIM 212-12] Generating RTL test bench ...
INFO: [COSIM 212-1] *** C/RTL co-simulation file generation completed. ***
INFO: [COSIM 212-323] Starting verilog simulation. 
INFO: [COSIM 212-15] Starting XSIM ...
INFO: [COSIM 212-316] Starting C post checking ...
INFO: [COSIM 212-1000] *** C/RTL co-simulation finished: PASS ***
INFO: [HLS 200-111] Finished Command cosim_design CPU user time: 1 seconds. CPU system time: 0 seconds. Elapsed time: 21.102 seconds; current allocated memory: 10.148 MB.
==============================================================
Vitis HLS - High-Level Synthesis from C, C++ and OpenCL v2023.2 (64-bit)
Tool Version Limit: 2023.10
Copyright 1986-2022 Xilinx, Inc. All Rights Reserved.
Copyright 2022-2023 Advanced Micro Devices, Inc. All Rights Reserved.

==============================================================
INFO: [SYN 201-201] Setting up clock 'default' with a period of 10ns.
INFO: [HLS 200-1611] Setting target device to 'xcvu11p-flga2577-1-e'
INFO: [HLS 200-1505] Using flow_target 'vivado'
INFO: [HLS 200-1464] Running solution command: config_cosim -tool=xsim
INFO: [HLS 200-1510] Running: set_part xcvu11p-flga2577-1-e 
INFO: [HLS 200-1510] Running: create_clock -period 10 -name default 
INFO: [SYN 201-201] Setting up clock 'default' with a period of 10ns.
INFO: [HLS 200-1510] Running: config_cosim -tool xsim 
INFO: [HLS 200-1510] Running: source ./4bitcounter/solution1/directives.tcl
INFO: [HLS 200-1510] Running: set_directive_top -name counter counter 
INFO: [HLS 200-1510] Running: csim_design -quiet 
INFO: [SIM 211-2] *************** CSIM start ***************
INFO: [SIM 211-4] CSIM will launch GCC as the compiler.
INFO: [HLS 200-2036] Building debug C Simulation binaries
INFO: [SIM 211-1] CSim done with 0 errors.
INFO: [SIM 211-3] *************** CSIM finish ***************
INFO: [HLS 200-111] Finished Command csim_design CPU user time: 0 seconds. CPU system time: 0 seconds. Elapsed time: 1.939 seconds; current allocated memory: 0.531 MB.
==============================================================
Vitis HLS - High-Level Synthesis from C, C++ and OpenCL v2023.2 (64-bit)
Tool Version Limit: 2023.10
Copyright 1986-2022 Xilinx, Inc. All Rights Reserved.
Copyright 2022-2023 Advanced Micro Devices, Inc. All Rights Reserved.

==============================================================
INFO: [SYN 201-201] Setting up clock 'default' with a period of 10ns.
INFO: [HLS 200-1611] Setting target device to 'xcvu11p-flga2577-1-e'
INFO: [HLS 200-1505] Using flow_target 'vivado'
INFO: [HLS 200-1464] Running solution command: config_cosim -tool=xsim
INFO: [HLS 200-1510] Running: set_part xcvu11p-flga2577-1-e 
INFO: [HLS 200-1510] Running: create_clock -period 10 -name default 
INFO: [HLS 200-1510] Running: config_cosim -tool xsim 
INFO: [HLS 200-1510] Running: source ./4bitcounter/solution1/directives.tcl
INFO: [HLS 200-1510] Running: set_directive_top -name counter counter 
INFO: [HLS 200-1510] Running: csynth_design 
INFO: [HLS 200-111] Finished File checks and directory preparation: CPU user time: 0 seconds. CPU system time: 0 seconds. Elapsed time: 0.133 seconds; current allocated memory: 198.410 MB.
INFO: [HLS 200-10] Analyzing design file '4bitcounter.cpp' ... 
INFO: [HLS 200-111] Finished Source Code Analysis and Preprocessing: CPU user time: 0 seconds. CPU system time: 0 seconds. Elapsed time: 5.402 seconds; current allocated memory: 200.637 MB.
INFO: [HLS 200-777] Using interface defaults for 'Vivado' flow target.
INFO: [HLS 200-1995] There were 186 instructions in the design after the 'Compile/Link' phase of compilation. See the Design Size Report for more details: C:/Users/kwokt/HLS-Models/Simple-Designs/Sequential/Counters/4-bit-counter/4bitcounter/solution1/syn/report/csynth_design_size.rpt
INFO: [HLS 200-1995] There were 20 instructions in the design after the 'Unroll/Inline (step 1)' phase of compilation. See the Design Size Report for more details: C:/Users/kwokt/HLS-Models/Simple-Designs/Sequential/Counters/4-bit-counter/4bitcounter/solution1/syn/report/csynth_design_size.rpt
INFO: [HLS 200-1995] There were 17 instructions in the design after the 'Unroll/Inline (step 2)' phase of compilation. See the Design Size Report for more details: C:/Users/kwokt/HLS-Models/Simple-Designs/Sequential/Counters/4-bit-counter/4bitcounter/solution1/syn/report/csynth_design_size.rpt
INFO: [HLS 200-1995] There were 17 instructions in the design after the 'Unroll/Inline (step 3)' phase of compilation. See the Design Size Report for more details: C:/Users/kwokt/HLS-Models/Simple-Designs/Sequential/Counters/4-bit-counter/4bitcounter/solution1/syn/report/csynth_design_size.rpt
INFO: [HLS 200-1995] There were 17 instructions in the design after the 'Unroll/Inline (step 4)' phase of compilation. See the Design Size Report for more details: C:/Users/kwokt/HLS-Models/Simple-Designs/Sequential/Counters/4-bit-counter/4bitcounter/solution1/syn/report/csynth_design_size.rpt
INFO: [HLS 200-1995] There were 17 instructions in the design after the 'Array/Struct (step 1)' phase of compilation. See the Design Size Report for more details: C:/Users/kwokt/HLS-Models/Simple-Designs/Sequential/Counters/4-bit-counter/4bitcounter/solution1/syn/report/csynth_design_size.rpt
INFO: [HLS 200-1995] There were 17 instructions in the design after the 'Array/Struct (step 2)' phase of compilation. See the Design Size Report for more details: C:/Users/kwokt/HLS-Models/Simple-Designs/Sequential/Counters/4-bit-counter/4bitcounter/solution1/syn/report/csynth_design_size.rpt
INFO: [HLS 200-1995] There were 17 instructions in the design after the 'Array/Struct (step 3)' phase of compilation. See the Design Size Report for more details: C:/Users/kwokt/HLS-Models/Simple-Designs/Sequential/Counters/4-bit-counter/4bitcounter/solution1/syn/report/csynth_design_size.rpt
INFO: [HLS 200-1995] There were 17 instructions in the design after the 'Array/Struct (step 4)' phase of compilation. See the Design Size Report for more details: C:/Users/kwokt/HLS-Models/Simple-Designs/Sequential/Counters/4-bit-counter/4bitcounter/solution1/syn/report/csynth_design_size.rpt
INFO: [HLS 200-1995] There were 17 instructions in the design after the 'Array/Struct (step 5)' phase of compilation. See the Design Size Report for more details: C:/Users/kwokt/HLS-Models/Simple-Designs/Sequential/Counters/4-bit-counter/4bitcounter/solution1/syn/report/csynth_design_size.rpt
INFO: [HLS 200-1995] There were 17 instructions in the design after the 'Performance (step 1)' phase of compilation. See the Design Size Report for more details: C:/Users/kwokt/HLS-Models/Simple-Designs/Sequential/Counters/4-bit-counter/4bitcounter/solution1/syn/report/csynth_design_size.rpt
INFO: [HLS 200-1995] There were 17 instructions in the design after the 'Performance (step 2)' phase of compilation. See the Design Size Report for more details: C:/Users/kwokt/HLS-Models/Simple-Designs/Sequential/Counters/4-bit-counter/4bitcounter/solution1/syn/report/csynth_design_size.rpt
INFO: [HLS 200-1995] There were 17 instructions in the design after the 'Performance (step 3)' phase of compilation. See the Design Size Report for more details: C:/Users/kwokt/HLS-Models/Simple-Designs/Sequential/Counters/4-bit-counter/4bitcounter/solution1/syn/report/csynth_design_size.rpt
INFO: [HLS 200-1995] There were 17 instructions in the design after the 'Performance (step 4)' phase of compilation. See the Design Size Report for more details: C:/Users/kwokt/HLS-Models/Simple-Designs/Sequential/Counters/4-bit-counter/4bitcounter/solution1/syn/report/csynth_design_size.rpt
INFO: [HLS 200-1995] There were 21 instructions in the design after the 'HW Transforms (step 1)' phase of compilation. See the Design Size Report for more details: C:/Users/kwokt/HLS-Models/Simple-Designs/Sequential/Counters/4-bit-counter/4bitcounter/solution1/syn/report/csynth_design_size.rpt
INFO: [HLS 200-1995] There were 22 instructions in the design after the 'HW Transforms (step 2)' phase of compilation. See the Design Size Report for more details: C:/Users/kwokt/HLS-Models/Simple-Designs/Sequential/Counters/4-bit-counter/4bitcounter/solution1/syn/report/csynth_design_size.rpt
INFO: [HLS 200-111] Finished Compiling Optimization and Transform: CPU user time: 0 seconds. CPU system time: 0 seconds. Elapsed time: 9.219 seconds; current allocated memory: 202.293 MB.
INFO: [HLS 200-111] Finished Checking Pragmas: CPU user time: 0 seconds. CPU system time: 0 seconds. Elapsed time: 0.011 seconds; current allocated memory: 202.293 MB.
INFO: [HLS 200-10] Starting code transformations ...
INFO: [HLS 200-111] Finished Standard Transforms: CPU user time: 0 seconds. CPU system time: 0 seconds. Elapsed time: 0.185 seconds; current allocated memory: 207.090 MB.
INFO: [HLS 200-10] Checking synthesizability ...
INFO: [HLS 200-111] Finished Checking Synthesizability: CPU user time: 0 seconds. CPU system time: 0 seconds. Elapsed time: 0.054 seconds; current allocated memory: 208.461 MB.
INFO: [HLS 200-111] Finished Loop, function and other optimizations: CPU user time: 0 seconds. CPU system time: 0 seconds. Elapsed time: 0.118 seconds; current allocated memory: 229.074 MB.
INFO: [HLS 200-111] Finished Architecture Synthesis: CPU user time: 0 seconds. CPU system time: 0 seconds. Elapsed time: 0.081 seconds; current allocated memory: 229.078 MB.
INFO: [HLS 200-10] Starting hardware synthesis ...
INFO: [HLS 200-10] Synthesizing 'counter' ...
INFO: [HLS 200-10] ----------------------------------------------------------------
INFO: [HLS 200-42] -- Implementing module 'counter' 
INFO: [HLS 200-10] ----------------------------------------------------------------
INFO: [SCHED 204-11] Starting scheduling ...
INFO: [SCHED 204-11] Finished scheduling.
INFO: [HLS 200-111] Finished Scheduling: CPU user time: 0 seconds. CPU system time: 0 seconds. Elapsed time: 0.515 seconds; current allocated memory: 229.078 MB.
INFO: [BIND 205-100] Starting micro-architecture generation ...
INFO: [BIND 205-101] Performing variable lifetime analysis.
INFO: [BIND 205-101] Exploring resource sharing.
INFO: [BIND 205-101] Binding ...
INFO: [BIND 205-100] Finished micro-architecture generation.
INFO: [HLS 200-111] Finished Binding: CPU user time: 0 seconds. CPU system time: 0 seconds. Elapsed time: 0.137 seconds; current allocated memory: 229.078 MB.
INFO: [HLS 200-10] ----------------------------------------------------------------
INFO: [HLS 200-10] -- Generating RTL for module 'counter' 
INFO: [HLS 200-10] ----------------------------------------------------------------
INFO: [RTGEN 206-500] Setting interface mode on port 'counter/reset' to 'ap_none'.
INFO: [RTGEN 206-500] Setting interface mode on port 'counter/out_r' to 'ap_vld'.
INFO: [RTGEN 206-500] Setting interface mode on function 'counter' to 'ap_ctrl_hs'.
WARNING: [RTGEN 206-101] Register 'count' is power-on initialization.
INFO: [RTGEN 206-100] Finished creating RTL model for 'counter'.
INFO: [HLS 200-111] Finished Creating RTL model: CPU user time: 0 seconds. CPU system time: 0 seconds. Elapsed time: 0.203 seconds; current allocated memory: 229.078 MB.
INFO: [HLS 200-111] Finished Generating all RTL models: CPU user time: 1 seconds. CPU system time: 0 seconds. Elapsed time: 1.273 seconds; current allocated memory: 233.484 MB.
INFO: [HLS 200-111] Finished Updating report files: CPU user time: 0 seconds. CPU system time: 0 seconds. Elapsed time: 0.814 seconds; current allocated memory: 237.277 MB.
INFO: [VHDL 208-304] Generating VHDL RTL for counter.
INFO: [VLOG 209-307] Generating Verilog RTL for counter.
INFO: [HLS 200-789] **** Estimated Fmax: 705.72 MHz
INFO: [HLS 200-111] Finished Command csynth_design CPU user time: 1 seconds. CPU system time: 0 seconds. Elapsed time: 18.253 seconds; current allocated memory: 39.219 MB.
==============================================================
Vitis HLS - High-Level Synthesis from C, C++ and OpenCL v2023.2 (64-bit)
Tool Version Limit: 2023.10
Copyright 1986-2022 Xilinx, Inc. All Rights Reserved.
Copyright 2022-2023 Advanced Micro Devices, Inc. All Rights Reserved.

==============================================================
INFO: [SYN 201-201] Setting up clock 'default' with a period of 10ns.
INFO: [HLS 200-1611] Setting target device to 'xcvu11p-flga2577-1-e'
INFO: [HLS 200-1505] Using flow_target 'vivado'
INFO: [HLS 200-1464] Running solution command: config_cosim -tool=xsim
INFO: [HLS 200-1510] Running: set_part xcvu11p-flga2577-1-e 
INFO: [HLS 200-1510] Running: create_clock -period 10 -name default 
INFO: [SYN 201-201] Setting up clock 'default' with a period of 10ns.
INFO: [HLS 200-1510] Running: config_cosim -tool xsim 
INFO: [HLS 200-1510] Running: source ./4bitcounter/solution1/directives.tcl
INFO: [HLS 200-1510] Running: set_directive_top -name counter counter 
INFO: [HLS 200-1510] Running: cosim_design 
INFO: [COSIM 212-47] Using XSIM for RTL simulation.
INFO: [COSIM 212-14] Instrumenting C test bench ...
INFO: [COSIM 212-302] Starting C TB testing ... 
INFO: [COSIM 212-333] Generating C post check test bench ...
INFO: [COSIM 212-12] Generating RTL test bench ...
INFO: [COSIM 212-1] *** C/RTL co-simulation file generation completed. ***
INFO: [COSIM 212-323] Starting verilog simulation. 
INFO: [COSIM 212-15] Starting XSIM ...
INFO: [COSIM 212-316] Starting C post checking ...
INFO: [COSIM 212-1000] *** C/RTL co-simulation finished: PASS ***
INFO: [HLS 200-111] Finished Command cosim_design CPU user time: 1 seconds. CPU system time: 0 seconds. Elapsed time: 29.103 seconds; current allocated memory: 10.895 MB.
