

================================================================
== Vitis HLS Report for 'half_add_sub'
================================================================
* Date:           Fri Apr 19 22:18:50 2024

* Version:        2023.2 (Build 4023990 on Oct 11 2023)
* Project:        alu_ap_uint_16bit
* Solution:       solution1 (Vivado IP Flow Target)
* Product family: virtexuplus
* Target device:  xcvu11p-flga2577-1-e


================================================================
== Performance Estimates
================================================================
+ Timing: 
    * Summary: 
    +--------+----------+----------+------------+
    |  Clock |  Target  | Estimated| Uncertainty|
    +--------+----------+----------+------------+
    |ap_clk  |  10.00 ns|  0.983 ns|     2.70 ns|
    +--------+----------+----------+------------+

+ Latency: 
    * Summary: 
    +---------+---------+----------+----------+-----+-----+---------+
    |  Latency (cycles) |  Latency (absolute) |  Interval | Pipeline|
    |   min   |   max   |    min   |    max   | min | max |   Type  |
    +---------+---------+----------+----------+-----+-----+---------+
    |        0|        0|      0 ns|      0 ns|    1|    1|       no|
    +---------+---------+----------+----------+-----+-----+---------+

    + Detail: 
        * Instance: 
        N/A

        * Loop: 
        N/A



================================================================
== Utilization Estimates
================================================================
* Summary: 
+---------------------+---------+------+---------+---------+-----+
|         Name        | BRAM_18K|  DSP |    FF   |   LUT   | URAM|
+---------------------+---------+------+---------+---------+-----+
|DSP                  |        -|     -|        -|        -|    -|
|Expression           |        -|     -|        0|       48|    -|
|FIFO                 |        -|     -|        -|        -|    -|
|Instance             |        -|     -|        -|        -|    -|
|Memory               |        -|     -|        -|        -|    -|
|Multiplexer          |        -|     -|        -|       14|    -|
|Register             |        -|     -|        -|        -|    -|
+---------------------+---------+------+---------+---------+-----+
|Total                |        0|     0|        0|       62|    0|
+---------------------+---------+------+---------+---------+-----+
|Available SLR        |     1344|  3072|   864000|   432000|  320|
+---------------------+---------+------+---------+---------+-----+
|Utilization SLR (%)  |        0|     0|        0|       ~0|    0|
+---------------------+---------+------+---------+---------+-----+
|Available            |     4032|  9216|  2592000|  1296000|  960|
+---------------------+---------+------+---------+---------+-----+
|Utilization (%)      |        0|     0|        0|       ~0|    0|
+---------------------+---------+------+---------+---------+-----+

+ Detail: 
    * Instance: 
    N/A

    * DSP: 
    N/A

    * Memory: 
    N/A

    * FIFO: 
    N/A

    * Expression: 
    +-------------------+----------+----+---+----+------------+------------+
    |   Variable Name   | Operation| DSP| FF| LUT| Bitwidth P0| Bitwidth P1|
    +-------------------+----------+----+---+----+------------+------------+
    |and_ln8_fu_82_p2   |       and|   0|  0|  16|          16|          16|
    |sum                |       xor|   0|  0|  16|          16|          16|
    |xor_ln12_fu_75_p2  |       xor|   0|  0|  16|           2|          16|
    +-------------------+----------+----+---+----+------------+------------+
    |Total              |          |   0|  0|  48|          34|          48|
    +-------------------+----------+----+---+----+------------+------------+

    * Multiplexer: 
    +-------+----+-----------+-----+-----------+
    |  Name | LUT| Input Size| Bits| Total Bits|
    +-------+----+-----------+-----+-----------+
    |carry  |  14|          3|   16|         48|
    +-------+----+-----------+-----+-----------+
    |Total  |  14|          3|   16|         48|
    +-------+----+-----------+-----+-----------+

    * Register: 
    N/A



================================================================
== Interface
================================================================
* Summary: 
+--------------+-----+-----+------------+----------------------------+--------------+
|   RTL Ports  | Dir | Bits|  Protocol  |        Source Object       |    C Type    |
+--------------+-----+-----+------------+----------------------------+--------------+
|ap_start      |   in|    1|  ap_ctrl_hs|  half_add_sub<ap_uint<16> >|  return value|
|ap_done       |  out|    1|  ap_ctrl_hs|  half_add_sub<ap_uint<16> >|  return value|
|ap_idle       |  out|    1|  ap_ctrl_hs|  half_add_sub<ap_uint<16> >|  return value|
|ap_ready      |  out|    1|  ap_ctrl_hs|  half_add_sub<ap_uint<16> >|  return value|
|A             |   in|   16|     ap_none|                           A|        scalar|
|B             |   in|   16|     ap_none|                           B|        scalar|
|sum           |  out|   16|      ap_vld|                         sum|       pointer|
|sum_ap_vld    |  out|    1|      ap_vld|                         sum|       pointer|
|carry         |  out|   16|      ap_vld|                       carry|       pointer|
|carry_ap_vld  |  out|    1|      ap_vld|                       carry|       pointer|
|op            |   in|   32|     ap_none|                          op|        scalar|
+--------------+-----+-----+------------+----------------------------+--------------+

