INFO: [HLS 200-10] Running 'C:/Xilinx/Vitis_HLS/2023.2/bin/unwrapped/win64.o/vitis_hls.exe'
INFO: [HLS 200-10] For user 'kwokt' on host 'billy' (Windows NT_amd64 version 6.2) on Mon Jun 03 00:37:36 -0400 2024
INFO: [HLS 200-10] In directory 'C:/Users/kwokt/HLS-Models/Simple-Designs/Sequential/Counters/Slow-decade-counter'
INFO: [HLS 200-2053] The vitis_hls executable is being deprecated. Consider using vitis-run --mode hls --tcl
Sourcing Tcl script 'C:/Users/kwokt/HLS-Models/Simple-Designs/Sequential/Counters/Slow-decade-counter/slow_decade_counter/solution1/cosim.tcl'
INFO: [HLS 200-1510] Running: source C:/Users/kwokt/HLS-Models/Simple-Designs/Sequential/Counters/Slow-decade-counter/slow_decade_counter/solution1/cosim.tcl
INFO: [HLS 200-1510] Running: open_project slow_decade_counter 
INFO: [HLS 200-10] Opening project 'C:/Users/kwokt/HLS-Models/Simple-Designs/Sequential/Counters/Slow-decade-counter/slow_decade_counter'.
INFO: [HLS 200-1510] Running: set_top decade_counter 
INFO: [HLS 200-1510] Running: add_files decade_counter.cpp 
INFO: [HLS 200-10] Adding design file 'decade_counter.cpp' to the project
INFO: [HLS 200-1510] Running: add_files decade_counter.hpp 
INFO: [HLS 200-10] Adding design file 'decade_counter.hpp' to the project
INFO: [HLS 200-1510] Running: add_files -tb tb_decade_counter.cpp -cflags -Wno-unknown-pragmas 
INFO: [HLS 200-10] Adding test bench file 'tb_decade_counter.cpp' to the project
INFO: [HLS 200-1510] Running: open_solution solution1 -flow_target vivado 
INFO: [HLS 200-10] Opening solution 'C:/Users/kwokt/HLS-Models/Simple-Designs/Sequential/Counters/Slow-decade-counter/slow_decade_counter/solution1'.
INFO: [SYN 201-201] Setting up clock 'default' with a period of 10ns.
INFO: [HLS 200-1611] Setting target device to 'xcvu11p-flga2577-1-e'
INFO: [HLS 200-1505] Using flow_target 'vivado'
Resolution: For help on HLS 200-1505 see docs.xilinx.com/access/sources/dita/topic?Doc_Version=2023.2%20English&url=ug1448-hls-guidance&resourceid=200-1505.html
INFO: [HLS 200-1464] Running solution command: config_cosim -tool=xsim
INFO: [HLS 200-1510] Running: set_part xcvu11p-flga2577-1-e 
INFO: [HLS 200-1510] Running: create_clock -period 10 -name default 
INFO: [SYN 201-201] Setting up clock 'default' with a period of 10ns.
INFO: [HLS 200-1510] Running: config_cosim -tool xsim 
INFO: [HLS 200-1510] Running: source ./slow_decade_counter/solution1/directives.tcl
INFO: [HLS 200-1510] Running: set_directive_top -name decade_counter decade_counter 
INFO: [HLS 200-1510] Running: cosim_design 
WARNING: [COSIM] found non-self-synchronizing top I/O reset
INFO: [COSIM 212-47] Using XSIM for RTL simulation.
INFO: [COSIM 212-14] Instrumenting C test bench ...
   Build using "C:/Xilinx/Vitis_HLS/2023.2/tps/win64/msys64/mingw64/bin/g++"
   Compiling apatb_decade_counter.cpp
   Compiling decade_counter.cpp_pre.cpp.tb.cpp
   Compiling tb_decade_counter.cpp_pre.cpp.tb.cpp
   Compiling apatb_decade_counter_ir.ll
   Generating cosim.tv.exe
INFO: [COSIM 212-302] Starting C TB testing ... 
Initial Count: 0
Count: 1
Count: 2
Count: 3
Count: 4
Count: 5
Count: 6
Count: 7
Count: 8
Count: 9
Count: 0
Count: 1
Count: 2
Count: 3
Count: 4
Count: 5
Count (paused): 5
Count (paused): 5
Count (paused): 5
Count (paused): 5
Count (paused): 5
Count: 6
Count: 7
Count: 8
Count: 9
Count: 0
INFO: [COSIM 212-333] Generating C post check test bench ...
INFO: [COSIM 212-12] Generating RTL test bench ...
INFO: [COSIM 212-1] *** C/RTL co-simulation file generation completed. ***
INFO: [COSIM 212-323] Starting verilog simulation. 
INFO: [COSIM 212-15] Starting XSIM ...

C:\Users\kwokt\HLS-Models\Simple-Designs\Sequential\Counters\Slow-decade-counter\slow_decade_counter\solution1\sim\verilog>set PATH= 

C:\Users\kwokt\HLS-Models\Simple-Designs\Sequential\Counters\Slow-decade-counter\slow_decade_counter\solution1\sim\verilog>call C:/Xilinx/Vivado/2023.2/bin/xelab xil_defaultlib.apatb_decade_counter_top glbl -Oenable_linking_all_libraries  -prj decade_counter.prj -L smartconnect_v1_0 -L axi_protocol_checker_v1_1_12 -L axi_protocol_checker_v1_1_13 -L axis_protocol_checker_v1_1_11 -L axis_protocol_checker_v1_1_12 -L xil_defaultlib -L unisims_ver -L xpm  -L floating_point_v7_1_16 -L floating_point_v7_0_21 --lib "ieee_proposed=./ieee_proposed" -s decade_counter  
Vivado Simulator v2023.2
Copyright 1986-2022 Xilinx, Inc. All Rights Reserved.
Copyright 2022-2023 Advanced Micro Devices, Inc. All Rights Reserved.
Running: C:/Xilinx/Vivado/2023.2/bin/unwrapped/win64.o/xelab.exe xil_defaultlib.apatb_decade_counter_top glbl -Oenable_linking_all_libraries -prj decade_counter.prj -L smartconnect_v1_0 -L axi_protocol_checker_v1_1_12 -L axi_protocol_checker_v1_1_13 -L axis_protocol_checker_v1_1_11 -L axis_protocol_checker_v1_1_12 -L xil_defaultlib -L unisims_ver -L xpm -L floating_point_v7_1_16 -L floating_point_v7_0_21 --lib ieee_proposed=./ieee_proposed -s decade_counter 
Multi-threading is on. Using 14 slave threads.
INFO: [VRFC 10-2263] Analyzing SystemVerilog file "C:/Users/kwokt/HLS-Models/Simple-Designs/Sequential/Counters/Slow-decade-counter/slow_decade_counter/solution1/sim/verilog/glbl.v" into library work
INFO: [VRFC 10-311] analyzing module glbl
INFO: [VRFC 10-2263] Analyzing SystemVerilog file "C:/Users/kwokt/HLS-Models/Simple-Designs/Sequential/Counters/Slow-decade-counter/slow_decade_counter/solution1/sim/verilog/decade_counter.autotb.v" into library xil_defaultlib
INFO: [VRFC 10-311] analyzing module apatb_decade_counter_top
INFO: [VRFC 10-2263] Analyzing SystemVerilog file "C:/Users/kwokt/HLS-Models/Simple-Designs/Sequential/Counters/Slow-decade-counter/slow_decade_counter/solution1/sim/verilog/decade_counter.v" into library xil_defaultlib
INFO: [VRFC 10-311] analyzing module decade_counter
INFO: [VRFC 10-2263] Analyzing SystemVerilog file "C:/Users/kwokt/HLS-Models/Simple-Designs/Sequential/Counters/Slow-decade-counter/slow_decade_counter/solution1/sim/verilog/dataflow_monitor.sv" into library xil_defaultlib
INFO: [VRFC 10-311] analyzing module dataflow_monitor
Starting static elaboration
Pass Through NonSizing Optimizer
Completed static elaboration
Starting simulation data flow analysis
Completed simulation data flow analysis
Time Resolution for simulation is 1ps
Compiling package xil_defaultlib.$unit_dataflow_monitor_sv
Compiling module xil_defaultlib.decade_counter
Compiling module xil_defaultlib.nodf_module_intf
Compiling module xil_defaultlib.dataflow_monitor
Compiling module xil_defaultlib.apatb_decade_counter_top
Compiling module work.glbl
Built simulation snapshot decade_counter

****** xsim v2023.2 (64-bit)
  **** SW Build 4029153 on Fri Oct 13 20:14:34 MDT 2023
  **** IP Build 4028589 on Sat Oct 14 00:45:43 MDT 2023
  **** SharedData Build 4025554 on Tue Oct 10 17:18:54 MDT 2023
    ** Copyright 1986-2022 Xilinx, Inc. All Rights Reserved.
    ** Copyright 2022-2023 Advanced Micro Devices, Inc. All Rights Reserved.

source xsim.dir/decade_counter/xsim_script.tcl
# xsim {decade_counter} -autoloadwcfg -tclbatch {decade_counter.tcl}
Time resolution is 1 ps
source decade_counter.tcl
## run all
////////////////////////////////////////////////////////////////////////////////////
// Inter-Transaction Progress: Completed Transaction / Total Transaction
// Intra-Transaction Progress: Measured Latency / Latency Estimation * 100%
//
// RTL Simulation : "Inter-Transaction Progress" ["Intra-Transaction Progress"] @ "Simulation Time"
////////////////////////////////////////////////////////////////////////////////////
// RTL Simulation : 0 / 26 [n/a] @ "125000"
// RTL Simulation : 1 / 26 [n/a] @ "145000"
// RTL Simulation : 2 / 26 [n/a] @ "155000"
// RTL Simulation : 3 / 26 [n/a] @ "165000"
// RTL Simulation : 4 / 26 [n/a] @ "175000"
// RTL Simulation : 5 / 26 [n/a] @ "185000"
// RTL Simulation : 6 / 26 [n/a] @ "195000"
// RTL Simulation : 7 / 26 [n/a] @ "205000"
// RTL Simulation : 8 / 26 [n/a] @ "215000"
// RTL Simulation : 9 / 26 [n/a] @ "225000"
// RTL Simulation : 10 / 26 [n/a] @ "235000"
// RTL Simulation : 11 / 26 [n/a] @ "245000"
// RTL Simulation : 12 / 26 [n/a] @ "255000"
// RTL Simulation : 13 / 26 [n/a] @ "265000"
// RTL Simulation : 14 / 26 [n/a] @ "275000"
// RTL Simulation : 15 / 26 [n/a] @ "285000"
// RTL Simulation : 16 / 26 [n/a] @ "295000"
// RTL Simulation : 17 / 26 [n/a] @ "305000"
// RTL Simulation : 18 / 26 [n/a] @ "315000"
// RTL Simulation : 19 / 26 [n/a] @ "325000"
// RTL Simulation : 20 / 26 [n/a] @ "335000"
// RTL Simulation : 21 / 26 [n/a] @ "345000"
// RTL Simulation : 22 / 26 [n/a] @ "355000"
// RTL Simulation : 23 / 26 [n/a] @ "365000"
// RTL Simulation : 24 / 26 [n/a] @ "375000"
// RTL Simulation : 25 / 26 [n/a] @ "385000"
// RTL Simulation : 26 / 26 [n/a] @ "395000"
////////////////////////////////////////////////////////////////////////////////////
$finish called at time : 445 ns : File "C:/Users/kwokt/HLS-Models/Simple-Designs/Sequential/Counters/Slow-decade-counter/slow_decade_counter/solution1/sim/verilog/decade_counter.autotb.v" Line 308
## quit
INFO: [Common 17-206] Exiting xsim at Mon Jun  3 00:37:53 2024...
INFO: [COSIM 212-316] Starting C post checking ...
Initial Count: 0
Count: 1
Count: 2
Count: 3
Count: 4
Count: 5
Count: 6
Count: 7
Count: 8
Count: 9
Count: 0
Count: 1
Count: 2
Count: 3
Count: 4
Count: 5
Count (paused): 5
Count (paused): 5
Count (paused): 5
Count (paused): 5
Count (paused): 5
Count: 6
Count: 7
Count: 8
Count: 9
Count: 0
INFO: [COSIM 212-1000] *** C/RTL co-simulation finished: PASS ***
INFO: [HLS 200-111] Finished Command cosim_design CPU user time: 1 seconds. CPU system time: 0 seconds. Elapsed time: 15.441 seconds; current allocated memory: 10.215 MB.
INFO: [HLS 200-112] Total CPU user time: 3 seconds. Total CPU system time: 1 seconds. Total elapsed time: 18.094 seconds; peak allocated memory: 203.852 MB.
