INFO: [HLS 200-10] Running 'C:/Xilinx/Vitis_HLS/2023.2/bin/unwrapped/win64.o/vitis_hls.exe'
INFO: [HLS 200-10] For user 'kwokt' on host 'billy' (Windows NT_amd64 version 6.2) on Mon Mar 25 04:21:40 -0400 2024
INFO: [HLS 200-10] In directory 'C:/Users/kwokt/Desktop/Clone_HLS-Models/HLS-Models/Simple-Designs/Counters/4-bit-counter'
INFO: [HLS 200-2053] The vitis_hls executable is being deprecated. Consider using vitis-run --mode hls --tcl
Sourcing Tcl script 'C:/Users/kwokt/Desktop/Clone_HLS-Models/HLS-Models/Simple-Designs/Counters/4-bit-counter/4bitcounter/solution1/cosim.tcl'
INFO: [HLS 200-1510] Running: source C:/Users/kwokt/Desktop/Clone_HLS-Models/HLS-Models/Simple-Designs/Counters/4-bit-counter/4bitcounter/solution1/cosim.tcl
INFO: [HLS 200-1510] Running: open_project 4bitcounter 
INFO: [HLS 200-10] Opening project 'C:/Users/kwokt/Desktop/Clone_HLS-Models/HLS-Models/Simple-Designs/Counters/4-bit-counter/4bitcounter'.
INFO: [HLS 200-1510] Running: set_top counter 
INFO: [HLS 200-1510] Running: add_files 4bitcounter.cpp 
INFO: [HLS 200-10] Adding design file '4bitcounter.cpp' to the project
INFO: [HLS 200-1510] Running: add_files 4bitcounter.hpp 
INFO: [HLS 200-10] Adding design file '4bitcounter.hpp' to the project
INFO: [HLS 200-1510] Running: add_files -tb tb_4bitcounter.cpp 
INFO: [HLS 200-10] Adding test bench file 'tb_4bitcounter.cpp' to the project
INFO: [HLS 200-1510] Running: open_solution solution1 -flow_target vivado 
INFO: [HLS 200-10] Opening solution 'C:/Users/kwokt/Desktop/Clone_HLS-Models/HLS-Models/Simple-Designs/Counters/4-bit-counter/4bitcounter/solution1'.
INFO: [SYN 201-201] Setting up clock 'default' with a period of 10ns.
INFO: [HLS 200-1611] Setting target device to 'xcvu11p-flga2577-1-e'
INFO: [HLS 200-1505] Using flow_target 'vivado'
Resolution: For help on HLS 200-1505 see docs.xilinx.com/access/sources/dita/topic?Doc_Version=2023.2%20English&url=ug1448-hls-guidance&resourceid=200-1505.html
INFO: [HLS 200-1464] Running solution command: config_cosim -tool=xsim
INFO: [HLS 200-1510] Running: set_part xcvu11p-flga2577-1-e 
INFO: [HLS 200-1510] Running: create_clock -period 10 -name default 
INFO: [SYN 201-201] Setting up clock 'default' with a period of 10ns.
INFO: [HLS 200-1510] Running: config_cosim -tool xsim 
INFO: [HLS 200-1510] Running: cosim_design 
INFO: [COSIM 212-47] Using XSIM for RTL simulation.
INFO: [COSIM 212-14] Instrumenting C test bench ...
   Build using "C:/Xilinx/Vitis_HLS/2023.2/tps/win64/msys64/mingw64/bin/g++"
   Compiling 4bitcounter.cpp_pre.cpp.tb.cpp
   Compiling apatb_counter.cpp
   Compiling tb_4bitcounter.cpp_pre.cpp.tb.cpp
   Compiling apatb_counter_ir.ll
   Generating cosim.tv.exe
INFO: [COSIM 212-302] Starting C TB testing ... 
At time 0, count = 1
At time 1, count = 2
At time 2, count = 3
At time 3, count = 4
At time 4, count = 5
At time 5, count = 6
At time 6, count = 7
At time 7, count = 8
At time 8, count = 9
At time 9, count = 10
At time 10, count = 0
At time 11, count = 1
At time 12, count = 2
At time 13, count = 3
At time 14, count = 4
At time 15, count = 5
At time 16, count = 6
At time 17, count = 7
At time 18, count = 8
At time 19, count = 9
INFO: [COSIM 212-333] Generating C post check test bench ...
INFO: [COSIM 212-12] Generating RTL test bench ...
INFO: [COSIM 212-1] *** C/RTL co-simulation file generation completed. ***
INFO: [COSIM 212-323] Starting verilog simulation. 
INFO: [COSIM 212-15] Starting XSIM ...

C:\Users\kwokt\Desktop\Clone_HLS-Models\HLS-Models\Simple-Designs\Counters\4-bit-counter\4bitcounter\solution1\sim\verilog>set PATH= 

C:\Users\kwokt\Desktop\Clone_HLS-Models\HLS-Models\Simple-Designs\Counters\4-bit-counter\4bitcounter\solution1\sim\verilog>call C:/Xilinx/Vivado/2023.2/bin/xelab xil_defaultlib.apatb_counter_top glbl -Oenable_linking_all_libraries  -prj counter.prj -L smartconnect_v1_0 -L axi_protocol_checker_v1_1_12 -L axi_protocol_checker_v1_1_13 -L axis_protocol_checker_v1_1_11 -L axis_protocol_checker_v1_1_12 -L xil_defaultlib -L unisims_ver -L xpm  -L floating_point_v7_1_16 -L floating_point_v7_0_21 --lib "ieee_proposed=./ieee_proposed" -s counter  
Vivado Simulator v2023.2
Copyright 1986-2022 Xilinx, Inc. All Rights Reserved.
Copyright 2022-2023 Advanced Micro Devices, Inc. All Rights Reserved.
Running: C:/Xilinx/Vivado/2023.2/bin/unwrapped/win64.o/xelab.exe xil_defaultlib.apatb_counter_top glbl -Oenable_linking_all_libraries -prj counter.prj -L smartconnect_v1_0 -L axi_protocol_checker_v1_1_12 -L axi_protocol_checker_v1_1_13 -L axis_protocol_checker_v1_1_11 -L axis_protocol_checker_v1_1_12 -L xil_defaultlib -L unisims_ver -L xpm -L floating_point_v7_1_16 -L floating_point_v7_0_21 --lib ieee_proposed=./ieee_proposed -s counter 
Multi-threading is on. Using 14 slave threads.
INFO: [VRFC 10-2263] Analyzing SystemVerilog file "C:/Users/kwokt/Desktop/Clone_HLS-Models/HLS-Models/Simple-Designs/Counters/4-bit-counter/4bitcounter/solution1/sim/verilog/glbl.v" into library work
INFO: [VRFC 10-311] analyzing module glbl
INFO: [VRFC 10-2263] Analyzing SystemVerilog file "C:/Users/kwokt/Desktop/Clone_HLS-Models/HLS-Models/Simple-Designs/Counters/4-bit-counter/4bitcounter/solution1/sim/verilog/counter.autotb.v" into library xil_defaultlib
INFO: [VRFC 10-311] analyzing module apatb_counter_top
INFO: [VRFC 10-2263] Analyzing SystemVerilog file "C:/Users/kwokt/Desktop/Clone_HLS-Models/HLS-Models/Simple-Designs/Counters/4-bit-counter/4bitcounter/solution1/sim/verilog/counter.v" into library xil_defaultlib
INFO: [VRFC 10-311] analyzing module counter
INFO: [VRFC 10-2263] Analyzing SystemVerilog file "C:/Users/kwokt/Desktop/Clone_HLS-Models/HLS-Models/Simple-Designs/Counters/4-bit-counter/4bitcounter/solution1/sim/verilog/dataflow_monitor.sv" into library xil_defaultlib
INFO: [VRFC 10-311] analyzing module dataflow_monitor
Starting static elaboration
Pass Through NonSizing Optimizer
Completed static elaboration
Starting simulation data flow analysis
Completed simulation data flow analysis
Time Resolution for simulation is 1ps
Compiling package xil_defaultlib.$unit_dataflow_monitor_sv
Compiling module xil_defaultlib.counter
Compiling module xil_defaultlib.nodf_module_intf
Compiling module xil_defaultlib.dataflow_monitor_1
Compiling module xil_defaultlib.apatb_counter_top
Compiling module work.glbl
Built simulation snapshot counter

****** xsim v2023.2 (64-bit)
  **** SW Build 4029153 on Fri Oct 13 20:14:34 MDT 2023
  **** IP Build 4028589 on Sat Oct 14 00:45:43 MDT 2023
  **** SharedData Build 4025554 on Tue Oct 10 17:18:54 MDT 2023
    ** Copyright 1986-2022 Xilinx, Inc. All Rights Reserved.
    ** Copyright 2022-2023 Advanced Micro Devices, Inc. All Rights Reserved.

source xsim.dir/counter/xsim_script.tcl
# xsim {counter} -autoloadwcfg -tclbatch {counter.tcl}
Time resolution is 1 ps
source counter.tcl
## run all
////////////////////////////////////////////////////////////////////////////////////
// Inter-Transaction Progress: Completed Transaction / Total Transaction
// Intra-Transaction Progress: Measured Latency / Latency Estimation * 100%
//
// RTL Simulation : "Inter-Transaction Progress" ["Intra-Transaction Progress"] @ "Simulation Time"
////////////////////////////////////////////////////////////////////////////////////
// RTL Simulation : 0 / 20 [n/a] @ "125000"
// RTL Simulation : 1 / 20 [n/a] @ "145000"
// RTL Simulation : 2 / 20 [n/a] @ "155000"
// RTL Simulation : 3 / 20 [n/a] @ "165000"
// RTL Simulation : 4 / 20 [n/a] @ "175000"
// RTL Simulation : 5 / 20 [n/a] @ "185000"
// RTL Simulation : 6 / 20 [n/a] @ "195000"
// RTL Simulation : 7 / 20 [n/a] @ "205000"
// RTL Simulation : 8 / 20 [n/a] @ "215000"
// RTL Simulation : 9 / 20 [n/a] @ "225000"
// RTL Simulation : 10 / 20 [n/a] @ "235000"
// RTL Simulation : 11 / 20 [n/a] @ "245000"
// RTL Simulation : 12 / 20 [n/a] @ "255000"
// RTL Simulation : 13 / 20 [n/a] @ "265000"
// RTL Simulation : 14 / 20 [n/a] @ "275000"
// RTL Simulation : 15 / 20 [n/a] @ "285000"
// RTL Simulation : 16 / 20 [n/a] @ "295000"
// RTL Simulation : 17 / 20 [n/a] @ "305000"
// RTL Simulation : 18 / 20 [n/a] @ "315000"
// RTL Simulation : 19 / 20 [n/a] @ "325000"
// RTL Simulation : 20 / 20 [n/a] @ "335000"
////////////////////////////////////////////////////////////////////////////////////
$finish called at time : 395 ns : File "C:/Users/kwokt/Desktop/Clone_HLS-Models/HLS-Models/Simple-Designs/Counters/4-bit-counter/4bitcounter/solution1/sim/verilog/counter.autotb.v" Line 283
## quit
INFO: [Common 17-206] Exiting xsim at Mon Mar 25 04:22:02 2024...
INFO: [COSIM 212-316] Starting C post checking ...
At time 0, count = 1
At time 1, count = 2
At time 2, count = 3
At time 3, count = 4
At time 4, count = 5
At time 5, count = 6
At time 6, count = 7
At time 7, count = 8
At time 8, count = 9
At time 9, count = 10
At time 10, count = 0
At time 11, count = 1
At time 12, count = 2
At time 13, count = 3
At time 14, count = 4
At time 15, count = 5
At time 16, count = 6
At time 17, count = 7
At time 18, count = 8
At time 19, count = 9
INFO: [COSIM 212-1000] *** C/RTL co-simulation finished: PASS ***
INFO: [HLS 200-111] Finished Command cosim_design CPU user time: 1 seconds. CPU system time: 0 seconds. Elapsed time: 21.102 seconds; current allocated memory: 10.148 MB.
INFO: [HLS 200-112] Total CPU user time: 3 seconds. Total CPU system time: 1 seconds. Total elapsed time: 23.795 seconds; peak allocated memory: 203.527 MB.
